cd src && make
make[1]: Entering directory '/home/cmaier/EDA/xschem/src'
gcc -c -pipe -O2 -I/usr/include/cairo -I/usr/include/glib-2.0 -I/usr/lib/x86_64-linux-gnu/glib-2.0/include -I/usr/include/pixman-1 -I/usr/include/uuid -I/usr/include/freetype2 -I/usr/include/libpng16 -I/usr/include/tcl8.6  -o icon.o icon.c
gcc -c -pipe -O2 -I/usr/include/cairo -I/usr/include/glib-2.0 -I/usr/lib/x86_64-linux-gnu/glib-2.0/include -I/usr/include/pixman-1 -I/usr/include/uuid -I/usr/include/freetype2 -I/usr/include/libpng16 -I/usr/include/tcl8.6  -o callback.o callback.c
gcc -c -pipe -O2 -I/usr/include/cairo -I/usr/include/glib-2.0 -I/usr/lib/x86_64-linux-gnu/glib-2.0/include -I/usr/include/pixman-1 -I/usr/include/uuid -I/usr/include/freetype2 -I/usr/include/libpng16 -I/usr/include/tcl8.6  -o actions.o actions.c
gcc -c -pipe -O2 -I/usr/include/cairo -I/usr/include/glib-2.0 -I/usr/lib/x86_64-linux-gnu/glib-2.0/include -I/usr/include/pixman-1 -I/usr/include/uuid -I/usr/include/freetype2 -I/usr/include/libpng16 -I/usr/include/tcl8.6  -o move.o move.c
gcc -c -pipe -O2 -I/usr/include/cairo -I/usr/include/glib-2.0 -I/usr/lib/x86_64-linux-gnu/glib-2.0/include -I/usr/include/pixman-1 -I/usr/include/uuid -I/usr/include/freetype2 -I/usr/include/libpng16 -I/usr/include/tcl8.6  -o check.o check.c
gcc -c -pipe -O2 -I/usr/include/cairo -I/usr/include/glib-2.0 -I/usr/lib/x86_64-linux-gnu/glib-2.0/include -I/usr/include/pixman-1 -I/usr/include/uuid -I/usr/include/freetype2 -I/usr/include/libpng16 -I/usr/include/tcl8.6  -o clip.o clip.c
gcc -c -pipe -O2 -I/usr/include/cairo -I/usr/include/glib-2.0 -I/usr/lib/x86_64-linux-gnu/glib-2.0/include -I/usr/include/pixman-1 -I/usr/include/uuid -I/usr/include/freetype2 -I/usr/include/libpng16 -I/usr/include/tcl8.6  -o draw.o draw.c
gcc -c -pipe -O2 -I/usr/include/cairo -I/usr/include/glib-2.0 -I/usr/lib/x86_64-linux-gnu/glib-2.0/include -I/usr/include/pixman-1 -I/usr/include/uuid -I/usr/include/freetype2 -I/usr/include/libpng16 -I/usr/include/tcl8.6  -o globals.o globals.c
gcc -c -pipe -O2 -I/usr/include/cairo -I/usr/include/glib-2.0 -I/usr/lib/x86_64-linux-gnu/glib-2.0/include -I/usr/include/pixman-1 -I/usr/include/uuid -I/usr/include/freetype2 -I/usr/include/libpng16 -I/usr/include/tcl8.6  -o main.o main.c
gcc -c -pipe -O2 -I/usr/include/cairo -I/usr/include/glib-2.0 -I/usr/lib/x86_64-linux-gnu/glib-2.0/include -I/usr/include/pixman-1 -I/usr/include/uuid -I/usr/include/freetype2 -I/usr/include/libpng16 -I/usr/include/tcl8.6  -o netlist.o netlist.c
gcc -c -pipe -O2 -I/usr/include/cairo -I/usr/include/glib-2.0 -I/usr/lib/x86_64-linux-gnu/glib-2.0/include -I/usr/include/pixman-1 -I/usr/include/uuid -I/usr/include/freetype2 -I/usr/include/libpng16 -I/usr/include/tcl8.6  -o hash_iterator.o hash_iterator.c
gcc -c -pipe -O2 -I/usr/include/cairo -I/usr/include/glib-2.0 -I/usr/lib/x86_64-linux-gnu/glib-2.0/include -I/usr/include/pixman-1 -I/usr/include/uuid -I/usr/include/freetype2 -I/usr/include/libpng16 -I/usr/include/tcl8.6  -o findnet.o findnet.c
gcc -c -pipe -O2 -I/usr/include/cairo -I/usr/include/glib-2.0 -I/usr/lib/x86_64-linux-gnu/glib-2.0/include -I/usr/include/pixman-1 -I/usr/include/uuid -I/usr/include/freetype2 -I/usr/include/libpng16 -I/usr/include/tcl8.6  -o scheduler.o scheduler.c
gcc -c -pipe -O2 -I/usr/include/cairo -I/usr/include/glib-2.0 -I/usr/lib/x86_64-linux-gnu/glib-2.0/include -I/usr/include/pixman-1 -I/usr/include/uuid -I/usr/include/freetype2 -I/usr/include/libpng16 -I/usr/include/tcl8.6  -o store.o store.c
gcc -c -pipe -O2 -I/usr/include/cairo -I/usr/include/glib-2.0 -I/usr/lib/x86_64-linux-gnu/glib-2.0/include -I/usr/include/pixman-1 -I/usr/include/uuid -I/usr/include/freetype2 -I/usr/include/libpng16 -I/usr/include/tcl8.6  -o xinit.o xinit.c
gcc -c -pipe -O2 -I/usr/include/cairo -I/usr/include/glib-2.0 -I/usr/lib/x86_64-linux-gnu/glib-2.0/include -I/usr/include/pixman-1 -I/usr/include/uuid -I/usr/include/freetype2 -I/usr/include/libpng16 -I/usr/include/tcl8.6  -o select.o select.c
gcc -c -pipe -O2 -I/usr/include/cairo -I/usr/include/glib-2.0 -I/usr/lib/x86_64-linux-gnu/glib-2.0/include -I/usr/include/pixman-1 -I/usr/include/uuid -I/usr/include/freetype2 -I/usr/include/libpng16 -I/usr/include/tcl8.6  -o font.o font.c
gcc -c -pipe -O2 -I/usr/include/cairo -I/usr/include/glib-2.0 -I/usr/lib/x86_64-linux-gnu/glib-2.0/include -I/usr/include/pixman-1 -I/usr/include/uuid -I/usr/include/freetype2 -I/usr/include/libpng16 -I/usr/include/tcl8.6  -o editprop.o editprop.c
gcc -c -pipe -O2 -I/usr/include/cairo -I/usr/include/glib-2.0 -I/usr/lib/x86_64-linux-gnu/glib-2.0/include -I/usr/include/pixman-1 -I/usr/include/uuid -I/usr/include/freetype2 -I/usr/include/libpng16 -I/usr/include/tcl8.6  -o save.o save.c
gcc -c -pipe -O2 -I/usr/include/cairo -I/usr/include/glib-2.0 -I/usr/lib/x86_64-linux-gnu/glib-2.0/include -I/usr/include/pixman-1 -I/usr/include/uuid -I/usr/include/freetype2 -I/usr/include/libpng16 -I/usr/include/tcl8.6  -o paste.o paste.c
gcc -c -pipe -O2 -I/usr/include/cairo -I/usr/include/glib-2.0 -I/usr/lib/x86_64-linux-gnu/glib-2.0/include -I/usr/include/pixman-1 -I/usr/include/uuid -I/usr/include/freetype2 -I/usr/include/libpng16 -I/usr/include/tcl8.6  -o token.o token.c
gcc -c -pipe -O2 -I/usr/include/cairo -I/usr/include/glib-2.0 -I/usr/lib/x86_64-linux-gnu/glib-2.0/include -I/usr/include/pixman-1 -I/usr/include/uuid -I/usr/include/freetype2 -I/usr/include/libpng16 -I/usr/include/tcl8.6  -o psprint.o psprint.c
gcc -c -pipe -O2 -I/usr/include/cairo -I/usr/include/glib-2.0 -I/usr/lib/x86_64-linux-gnu/glib-2.0/include -I/usr/include/pixman-1 -I/usr/include/uuid -I/usr/include/freetype2 -I/usr/include/libpng16 -I/usr/include/tcl8.6  -o node_hash.o node_hash.c
gcc -c -pipe -O2 -I/usr/include/cairo -I/usr/include/glib-2.0 -I/usr/lib/x86_64-linux-gnu/glib-2.0/include -I/usr/include/pixman-1 -I/usr/include/uuid -I/usr/include/freetype2 -I/usr/include/libpng16 -I/usr/include/tcl8.6  -o hilight.o hilight.c
gcc -c -pipe -O2 -I/usr/include/cairo -I/usr/include/glib-2.0 -I/usr/lib/x86_64-linux-gnu/glib-2.0/include -I/usr/include/pixman-1 -I/usr/include/uuid -I/usr/include/freetype2 -I/usr/include/libpng16 -I/usr/include/tcl8.6  -o options.o options.c
gcc -c -pipe -O2 -I/usr/include/cairo -I/usr/include/glib-2.0 -I/usr/lib/x86_64-linux-gnu/glib-2.0/include -I/usr/include/pixman-1 -I/usr/include/uuid -I/usr/include/freetype2 -I/usr/include/libpng16 -I/usr/include/tcl8.6  -o vhdl_netlist.o vhdl_netlist.c
gcc -c -pipe -O2 -I/usr/include/cairo -I/usr/include/glib-2.0 -I/usr/lib/x86_64-linux-gnu/glib-2.0/include -I/usr/include/pixman-1 -I/usr/include/uuid -I/usr/include/freetype2 -I/usr/include/libpng16 -I/usr/include/tcl8.6  -o svgdraw.o svgdraw.c
gcc -c -pipe -O2 -I/usr/include/cairo -I/usr/include/glib-2.0 -I/usr/lib/x86_64-linux-gnu/glib-2.0/include -I/usr/include/pixman-1 -I/usr/include/uuid -I/usr/include/freetype2 -I/usr/include/libpng16 -I/usr/include/tcl8.6  -o spice_netlist.o spice_netlist.c
gcc -c -pipe -O2 -I/usr/include/cairo -I/usr/include/glib-2.0 -I/usr/lib/x86_64-linux-gnu/glib-2.0/include -I/usr/include/pixman-1 -I/usr/include/uuid -I/usr/include/freetype2 -I/usr/include/libpng16 -I/usr/include/tcl8.6  -o tedax_netlist.o tedax_netlist.c
gcc -c -pipe -O2 -I/usr/include/cairo -I/usr/include/glib-2.0 -I/usr/lib/x86_64-linux-gnu/glib-2.0/include -I/usr/include/pixman-1 -I/usr/include/uuid -I/usr/include/freetype2 -I/usr/include/libpng16 -I/usr/include/tcl8.6  -o verilog_netlist.o verilog_netlist.c
bison -d -o expandlabel.c  expandlabel.y
flex -l -oparselabel.c  parselabel.l
gcc -c -pipe -O2 -I/usr/include/cairo -I/usr/include/glib-2.0 -I/usr/lib/x86_64-linux-gnu/glib-2.0/include -I/usr/include/pixman-1 -I/usr/include/uuid -I/usr/include/freetype2 -I/usr/include/libpng16 -I/usr/include/tcl8.6  -o parselabel.o parselabel.c
gcc -c -pipe -O2 -I/usr/include/cairo -I/usr/include/glib-2.0 -I/usr/lib/x86_64-linux-gnu/glib-2.0/include -I/usr/include/pixman-1 -I/usr/include/uuid -I/usr/include/freetype2 -I/usr/include/libpng16 -I/usr/include/tcl8.6  -o expandlabel.o expandlabel.c
gcc -c -pipe -O2 -I/usr/include/cairo -I/usr/include/glib-2.0 -I/usr/lib/x86_64-linux-gnu/glib-2.0/include -I/usr/include/pixman-1 -I/usr/include/uuid -I/usr/include/freetype2 -I/usr/include/libpng16 -I/usr/include/tcl8.6  -o in_memory_undo.o in_memory_undo.c
gcc -o xschem icon.o callback.o actions.o move.o check.o clip.o draw.o globals.o  main.o netlist.o hash_iterator.o findnet.o scheduler.o store.o xinit.o  select.o font.o editprop.o save.o paste.o token.o psprint.o node_hash.o  hilight.o options.o vhdl_netlist.o svgdraw.o spice_netlist.o  tedax_netlist.o verilog_netlist.o parselabel.o expandlabel.o  in_memory_undo.o   -lm -lcairo -lX11 -lXrender -lxcb -lxcb-render -lX11-xcb -lXpm -ltcl8.6 -ltk8.6 
gcc -c -pipe -O2 -I/usr/include/cairo -I/usr/include/glib-2.0 -I/usr/lib/x86_64-linux-gnu/glib-2.0/include -I/usr/include/pixman-1 -I/usr/include/uuid -I/usr/include/freetype2 -I/usr/include/libpng16 -I/usr/include/tcl8.6  -o rawtovcd.o rawtovcd.c
gcc -o  rawtovcd rawtovcd.o -lm
make[1]: Leaving directory '/home/cmaier/EDA/xschem/src'
cd xschem_library && make
make[1]: Entering directory '/home/cmaier/EDA/xschem/xschem_library'
make[1]: Nothing to be done for 'all'.
make[1]: Leaving directory '/home/cmaier/EDA/xschem/xschem_library'
cd doc && make
make[1]: Entering directory '/home/cmaier/EDA/xschem/doc'
make[1]: Nothing to be done for 'all'.
make[1]: Leaving directory '/home/cmaier/EDA/xschem/doc'
cd src/utile && make
make[1]: Entering directory '/home/cmaier/EDA/xschem/src/utile'
make[1]: Nothing to be done for 'all'.
make[1]: Leaving directory '/home/cmaier/EDA/xschem/src/utile'
