netlist.c: In function ‘sym_vs_sch_pins’:
netlist.c:1135:15: warning: ignoring return value of ‘fscanf’, declared with attribute warn_unused_result [-Wunused-result]
 1135 |               fscanf(fd, "%d",&tmpi);
      |               ^~~~~~~~~~~~~~~~~~~~~~
psprint.c: In function ‘create_ps’:
psprint.c:712:7: warning: format not a string literal and no format arguments [-Wformat-security]
  712 |       fprintf(fd, utf8_enc[i]);
      |       ^~~~~~~
psprint.c:715:7: warning: format not a string literal and no format arguments [-Wformat-security]
  715 |       fprintf(fd, utf8[i]);
      |       ^~~~~~~
hilight.c: In function ‘create_plot_cmd’:
hilight.c:166:13: warning: format not a string literal and no format arguments [-Wformat-security]
  166 |             fprintf(fd, str);
      |             ^~~~~~~
hilight.c:195:5: warning: format not a string literal and no format arguments [-Wformat-security]
  195 |     fprintf(fd, str);
      |     ^~~~~~~
rawtovcd.c: In function ‘read_binary_block’:
rawtovcd.c:86:5: warning: ignoring return value of ‘fread’, declared with attribute warn_unused_result [-Wunused-result]
   86 |     fread(values[p], sizeof(double), nvars, fd);
      |     ^~~~~~~~~~~~~~~~~~~~~~~~~~~~~~~~~~~~~~~~~~~
