"polygons" in: met_min_ca_density.lydrc:35
    Polygons (raw): 145636 (flat)  4144 (hierarchical)
    Elapsed: 0.050s  Memory: 563.00M
"polygons" in: met_min_ca_density.lydrc:36
    Polygons (raw): 823032 (flat)  4094 (hierarchical)
    Elapsed: 0.030s  Memory: 563.00M
"polygons" in: met_min_ca_density.lydrc:38
    Polygons (raw): 234135 (flat)  20765 (hierarchical)
    Elapsed: 0.040s  Memory: 563.00M
"polygons" in: met_min_ca_density.lydrc:39
    Polygons (raw): 11860 (flat)  11860 (hierarchical)
    Elapsed: 0.030s  Memory: 563.00M
"polygons" in: met_min_ca_density.lydrc:41
    Polygons (raw): 14992 (flat)  14992 (hierarchical)
    Elapsed: 0.040s  Memory: 563.00M
"polygons" in: met_min_ca_density.lydrc:42
    Polygons (raw): 5550 (flat)  5550 (hierarchical)
    Elapsed: 0.020s  Memory: 563.00M
"polygons" in: met_min_ca_density.lydrc:44
    Polygons (raw): 3044 (flat)  3044 (hierarchical)
    Elapsed: 0.030s  Memory: 563.00M
"polygons" in: met_min_ca_density.lydrc:45
    Polygons (raw): 5200 (flat)  5200 (hierarchical)
    Elapsed: 0.030s  Memory: 563.00M
"polygons" in: met_min_ca_density.lydrc:47
    Polygons (raw): 574 (flat)  574 (hierarchical)
    Elapsed: 0.030s  Memory: 563.00M
"polygons" in: met_min_ca_density.lydrc:48
    Polygons (raw): 0 (flat)  0 (hierarchical)
    Elapsed: 0.000s  Memory: 563.00M
"polygons" in: met_min_ca_density.lydrc:49
    Polygons (raw): 12104 (flat)  12104 (hierarchical)
    Elapsed: 0.010s  Memory: 563.00M
"polygons" in: met_min_ca_density.lydrc:51
    Polygons (raw): 344 (flat)  344 (hierarchical)
    Elapsed: 0.010s  Memory: 563.00M
"input" in: met_min_ca_density.lydrc:53
    Polygons (raw): 2 (flat)  2 (hierarchical)
    Elapsed: 0.030s  Memory: 563.00M
"area" in: met_min_ca_density.lydrc:55
    Elapsed: 0.040s  Memory: 566.00M
"polygons" in: met_min_ca_density.lydrc:59
    Polygons (raw): 145636 (flat)  4144 (hierarchical)
    Elapsed: 0.030s  Memory: 566.00M
"area" in: met_min_ca_density.lydrc:59
    Elapsed: 2.220s  Memory: 600.00M
li1_ca_density is 0.9565983549895898
"polygons" in: met_min_ca_density.lydrc:69
    Polygons (raw): 234135 (flat)  20765 (hierarchical)
    Elapsed: 0.040s  Memory: 600.00M
"area" in: met_min_ca_density.lydrc:69
    Elapsed: 2.210s  Memory: 598.00M
m1_ca_density is 0.985987213530316
"polygons" in: met_min_ca_density.lydrc:79
    Polygons (raw): 14992 (flat)  14992 (hierarchical)
    Elapsed: 0.040s  Memory: 598.00M
"area" in: met_min_ca_density.lydrc:79
    Elapsed: 0.170s  Memory: 601.00M
m2_ca_density is 0.9868780991739959
"polygons" in: met_min_ca_density.lydrc:89
    Polygons (raw): 3044 (flat)  3044 (hierarchical)
    Elapsed: 0.030s  Memory: 601.00M
"area" in: met_min_ca_density.lydrc:89
    Elapsed: 0.060s  Memory: 601.00M
m3_ca_density is 0.9972782491438357
"polygons" in: met_min_ca_density.lydrc:99
    Polygons (raw): 574 (flat)  574 (hierarchical)
    Elapsed: 0.020s  Memory: 601.00M
"area" in: met_min_ca_density.lydrc:99
    Elapsed: 0.040s  Memory: 601.00M
m4_ca_density is 0.8476941707658779
"polygons" in: met_min_ca_density.lydrc:109
    Polygons (raw): 344 (flat)  344 (hierarchical)
    Elapsed: 0.010s  Memory: 601.00M
"area" in: met_min_ca_density.lydrc:109
    Elapsed: 0.040s  Memory: 601.00M
m5_ca_density is 0.8455329452054794
Writing report database: /home/cmaier/EDA/caravel_user_project/precheck_results/02_OCT_2021___15_05_25/outputs/reports/klayout_met_min_ca_density_check.xml ..
Total elapsed: 5.820s  Memory: 601.00M
