/home/cmaier/EDA/precheck/checks/tech-files/sky130A_mr.drc:37: warning: already initialized constant DRC::DRCEngine::BEOL
/home/cmaier/EDA/precheck/checks/tech-files/sky130A_mr.drc:29: warning: previous definition of BEOL was here
"input" in: sky130A_mr.drc:85
    Polygons (raw): 77548 (flat)  156 (hierarchical)
    Elapsed: 0.040s  Memory: 563.00M
"polygons" in: sky130A_mr.drc:86
    Polygons (raw): 14552 (flat)  2 (hierarchical)
    Elapsed: 0.020s  Memory: 563.00M
"polygons" in: sky130A_mr.drc:87
    Polygons (raw): 53229 (flat)  57 (hierarchical)
    Elapsed: 0.020s  Memory: 563.00M
"polygons" in: sky130A_mr.drc:88
    Polygons (raw): 0 (flat)  0 (hierarchical)
    Elapsed: 0.010s  Memory: 563.00M
"polygons" in: sky130A_mr.drc:89
    Polygons (raw): 0 (flat)  0 (hierarchical)
    Elapsed: 0.010s  Memory: 563.00M
"polygons" in: sky130A_mr.drc:90
    Polygons (raw): 0 (flat)  0 (hierarchical)
    Elapsed: 0.010s  Memory: 563.00M
"polygons" in: sky130A_mr.drc:91
    Polygons (raw): 0 (flat)  0 (hierarchical)
    Elapsed: 0.010s  Memory: 563.00M
"polygons" in: sky130A_mr.drc:92
    Polygons (raw): 0 (flat)  0 (hierarchical)
    Elapsed: 0.000s  Memory: 563.00M
"polygons" in: sky130A_mr.drc:93
    Polygons (raw): 53511 (flat)  59 (hierarchical)
    Elapsed: 0.020s  Memory: 563.00M
"polygons" in: sky130A_mr.drc:94
    Polygons (raw): 0 (flat)  0 (hierarchical)
    Elapsed: 0.010s  Memory: 563.00M
"polygons" in: sky130A_mr.drc:95
    Polygons (raw): 0 (flat)  0 (hierarchical)
    Elapsed: 0.010s  Memory: 563.00M
"polygons" in: sky130A_mr.drc:96
    Polygons (raw): 0 (flat)  0 (hierarchical)
    Elapsed: 0.010s  Memory: 563.00M
"polygons" in: sky130A_mr.drc:97
    Polygons (raw): 0 (flat)  0 (hierarchical)
    Elapsed: 0.010s  Memory: 563.00M
"polygons" in: sky130A_mr.drc:98
    Polygons (raw): 79202 (flat)  339 (hierarchical)
    Elapsed: 0.030s  Memory: 563.00M
"polygons" in: sky130A_mr.drc:99
    Polygons (raw): 0 (flat)  0 (hierarchical)
    Elapsed: 0.000s  Memory: 563.00M
"polygons" in: sky130A_mr.drc:100
    Polygons (raw): 60505 (flat)  58 (hierarchical)
    Elapsed: 0.020s  Memory: 563.00M
"polygons" in: sky130A_mr.drc:101
    Polygons (raw): 60508 (flat)  59 (hierarchical)
    Elapsed: 0.020s  Memory: 563.00M
"polygons" in: sky130A_mr.drc:102
    Polygons (raw): 0 (flat)  0 (hierarchical)
    Elapsed: 0.010s  Memory: 563.00M
"polygons" in: sky130A_mr.drc:103
    Polygons (raw): 0 (flat)  0 (hierarchical)
    Elapsed: 0.010s  Memory: 563.00M
"polygons" in: sky130A_mr.drc:104
    Polygons (raw): 38289 (flat)  69 (hierarchical)
    Elapsed: 0.030s  Memory: 563.00M
"polygons" in: sky130A_mr.drc:105
    Polygons (raw): 522865 (flat)  1383 (hierarchical)
    Elapsed: 0.030s  Memory: 563.00M
"polygons" in: sky130A_mr.drc:107
    Polygons (raw): 132648 (flat)  3784 (hierarchical)
    Elapsed: 0.020s  Memory: 563.00M
"polygons" in: sky130A_mr.drc:108
    Polygons (raw): 823032 (flat)  4094 (hierarchical)
    Elapsed: 0.030s  Memory: 563.00M
"polygons" in: sky130A_mr.drc:110
    Polygons (raw): 127393 (flat)  20647 (hierarchical)
    Elapsed: 0.030s  Memory: 563.00M
"polygons" in: sky130A_mr.drc:111
    Polygons (raw): 11860 (flat)  11860 (hierarchical)
    Elapsed: 0.030s  Memory: 563.00M
"polygons" in: sky130A_mr.drc:113
    Polygons (raw): 13855 (flat)  13855 (hierarchical)
    Elapsed: 0.030s  Memory: 563.00M
"polygons" in: sky130A_mr.drc:114
    Polygons (raw): 5550 (flat)  5550 (hierarchical)
    Elapsed: 0.030s  Memory: 563.00M
"polygons" in: sky130A_mr.drc:116
    Polygons (raw): 2937 (flat)  2937 (hierarchical)
    Elapsed: 0.020s  Memory: 563.00M
"polygons" in: sky130A_mr.drc:117
    Polygons (raw): 5200 (flat)  5200 (hierarchical)
    Elapsed: 0.020s  Memory: 563.00M
"polygons" in: sky130A_mr.drc:119
    Polygons (raw): 376 (flat)  376 (hierarchical)
    Elapsed: 0.020s  Memory: 563.00M
"polygons" in: sky130A_mr.drc:120
    Polygons (raw): 12104 (flat)  12104 (hierarchical)
    Elapsed: 0.010s  Memory: 563.00M
"polygons" in: sky130A_mr.drc:122
    Polygons (raw): 172 (flat)  172 (hierarchical)
    Elapsed: 0.000s  Memory: 563.00M
"polygons" in: sky130A_mr.drc:124
    Polygons (raw): 0 (flat)  0 (hierarchical)
    Elapsed: 0.010s  Memory: 563.00M
"polygons" in: sky130A_mr.drc:125
    Polygons (raw): 0 (flat)  0 (hierarchical)
    Elapsed: 0.010s  Memory: 563.00M
"polygons" in: sky130A_mr.drc:126
    Polygons (raw): 0 (flat)  0 (hierarchical)
    Elapsed: 0.010s  Memory: 563.00M
"polygons" in: sky130A_mr.drc:127
    Polygons (raw): 0 (flat)  0 (hierarchical)
    Elapsed: 0.010s  Memory: 563.00M
"polygons" in: sky130A_mr.drc:128
    Polygons (raw): 0 (flat)  0 (hierarchical)
    Elapsed: 0.010s  Memory: 563.00M
"polygons" in: sky130A_mr.drc:129
    Polygons (raw): 0 (flat)  0 (hierarchical)
    Elapsed: 0.010s  Memory: 563.00M
"polygons" in: sky130A_mr.drc:130
    Polygons (raw): 0 (flat)  0 (hierarchical)
    Elapsed: 0.010s  Memory: 563.00M
"polygons" in: sky130A_mr.drc:131
    Polygons (raw): 0 (flat)  0 (hierarchical)
    Elapsed: 0.010s  Memory: 563.00M
"polygons" in: sky130A_mr.drc:132
    Polygons (raw): 0 (flat)  0 (hierarchical)
    Elapsed: 0.010s  Memory: 563.00M
"polygons" in: sky130A_mr.drc:133
    Polygons (raw): 0 (flat)  0 (hierarchical)
    Elapsed: 0.010s  Memory: 563.00M
"polygons" in: sky130A_mr.drc:134
    Polygons (raw): 0 (flat)  0 (hierarchical)
    Elapsed: 0.000s  Memory: 563.00M
"polygons" in: sky130A_mr.drc:135
    Polygons (raw): 0 (flat)  0 (hierarchical)
    Elapsed: 0.010s  Memory: 563.00M
"polygons" in: sky130A_mr.drc:136
    Polygons (raw): 0 (flat)  0 (hierarchical)
    Elapsed: 0.000s  Memory: 563.00M
"polygons" in: sky130A_mr.drc:137
    Polygons (raw): 0 (flat)  0 (hierarchical)
    Elapsed: 0.000s  Memory: 563.00M
"polygons" in: sky130A_mr.drc:138
    Polygons (raw): 0 (flat)  0 (hierarchical)
    Elapsed: 0.010s  Memory: 563.00M
"polygons" in: sky130A_mr.drc:139
    Polygons (raw): 0 (flat)  0 (hierarchical)
    Elapsed: 0.010s  Memory: 563.00M
"polygons" in: sky130A_mr.drc:140
    Polygons (raw): 0 (flat)  0 (hierarchical)
    Elapsed: 0.010s  Memory: 563.00M
"polygons" in: sky130A_mr.drc:141
    Polygons (raw): 53229 (flat)  57 (hierarchical)
    Elapsed: 0.030s  Memory: 564.00M
"polygons" in: sky130A_mr.drc:142
    Polygons (raw): 0 (flat)  0 (hierarchical)
    Elapsed: 0.010s  Memory: 564.00M
"polygons" in: sky130A_mr.drc:143
    Polygons (raw): 0 (flat)  0 (hierarchical)
    Elapsed: 0.010s  Memory: 564.00M
"polygons" in: sky130A_mr.drc:144
    Polygons (raw): 0 (flat)  0 (hierarchical)
    Elapsed: 0.010s  Memory: 564.00M
"polygons" in: sky130A_mr.drc:145
    Polygons (raw): 0 (flat)  0 (hierarchical)
    Elapsed: 0.010s  Memory: 564.00M
"polygons" in: sky130A_mr.drc:146
    Polygons (raw): 0 (flat)  0 (hierarchical)
    Elapsed: 0.010s  Memory: 564.00M
"polygons" in: sky130A_mr.drc:147
    Polygons (raw): 0 (flat)  0 (hierarchical)
    Elapsed: 0.010s  Memory: 564.00M
"polygons" in: sky130A_mr.drc:148
    Polygons (raw): 0 (flat)  0 (hierarchical)
    Elapsed: 0.000s  Memory: 564.00M
"polygons" in: sky130A_mr.drc:149
    Polygons (raw): 2 (flat)  2 (hierarchical)
    Elapsed: 0.020s  Memory: 564.00M
"polygons" in: sky130A_mr.drc:150
    Polygons (raw): 0 (flat)  0 (hierarchical)
    Elapsed: 0.000s  Memory: 564.00M
"polygons" in: sky130A_mr.drc:151
    Polygons (raw): 0 (flat)  0 (hierarchical)
    Elapsed: 0.010s  Memory: 564.00M
"polygons" in: sky130A_mr.drc:152
    Polygons (raw): 0 (flat)  0 (hierarchical)
    Elapsed: 0.010s  Memory: 564.00M
"polygons" in: sky130A_mr.drc:153
    Polygons (raw): 0 (flat)  0 (hierarchical)
    Elapsed: 0.010s  Memory: 564.00M
"polygons" in: sky130A_mr.drc:154
    Polygons (raw): 636 (flat)  1 (hierarchical)
    Elapsed: 0.030s  Memory: 564.00M
"polygons" in: sky130A_mr.drc:155
    Polygons (raw): 0 (flat)  0 (hierarchical)
    Elapsed: 0.000s  Memory: 564.00M
"polygons" in: sky130A_mr.drc:156
    Polygons (raw): 0 (flat)  0 (hierarchical)
    Elapsed: 0.010s  Memory: 564.00M
"polygons" in: sky130A_mr.drc:157
    Polygons (raw): 0 (flat)  0 (hierarchical)
    Elapsed: 0.010s  Memory: 564.00M
"polygons" in: sky130A_mr.drc:158
    Polygons (raw): 0 (flat)  0 (hierarchical)
    Elapsed: 0.010s  Memory: 564.00M
"polygons" in: sky130A_mr.drc:159
    Polygons (raw): 0 (flat)  0 (hierarchical)
    Elapsed: 0.010s  Memory: 564.00M
"polygons" in: sky130A_mr.drc:160
    Polygons (raw): 0 (flat)  0 (hierarchical)
    Elapsed: 0.010s  Memory: 564.00M
"polygons" in: sky130A_mr.drc:161
    Polygons (raw): 0 (flat)  0 (hierarchical)
    Elapsed: 0.010s  Memory: 564.00M
"polygons" in: sky130A_mr.drc:162
    Polygons (raw): 0 (flat)  0 (hierarchical)
    Elapsed: 0.010s  Memory: 564.00M
"polygons" in: sky130A_mr.drc:163
    Polygons (raw): 0 (flat)  0 (hierarchical)
    Elapsed: 0.000s  Memory: 564.00M
"polygons" in: sky130A_mr.drc:164
    Polygons (raw): 0 (flat)  0 (hierarchical)
    Elapsed: 0.010s  Memory: 564.00M
"polygons" in: sky130A_mr.drc:165
    Polygons (raw): 0 (flat)  0 (hierarchical)
    Elapsed: 0.010s  Memory: 564.00M
"polygons" in: sky130A_mr.drc:166
    Polygons (raw): 0 (flat)  0 (hierarchical)
    Elapsed: 0.010s  Memory: 564.00M
"polygons" in: sky130A_mr.drc:167
    Polygons (raw): 0 (flat)  0 (hierarchical)
    Elapsed: 0.010s  Memory: 564.00M
"polygons" in: sky130A_mr.drc:168
    Polygons (raw): 0 (flat)  0 (hierarchical)
    Elapsed: 0.010s  Memory: 564.00M
"polygons" in: sky130A_mr.drc:169
    Polygons (raw): 0 (flat)  0 (hierarchical)
    Elapsed: 0.000s  Memory: 564.00M
"polygons" in: sky130A_mr.drc:170
    Polygons (raw): 0 (flat)  0 (hierarchical)
    Elapsed: 0.010s  Memory: 564.00M
"polygons" in: sky130A_mr.drc:171
    Polygons (raw): 0 (flat)  0 (hierarchical)
    Elapsed: 0.000s  Memory: 564.00M
"polygons" in: sky130A_mr.drc:172
    Polygons (raw): 0 (flat)  0 (hierarchical)
    Elapsed: 0.000s  Memory: 564.00M
"polygons" in: sky130A_mr.drc:173
    Polygons (raw): 0 (flat)  0 (hierarchical)
    Elapsed: 0.010s  Memory: 564.00M
"polygons" in: sky130A_mr.drc:174
    Polygons (raw): 0 (flat)  0 (hierarchical)
    Elapsed: 0.010s  Memory: 564.00M
"polygons" in: sky130A_mr.drc:175
    Polygons (raw): 0 (flat)  0 (hierarchical)
    Elapsed: 0.010s  Memory: 564.00M
"polygons" in: sky130A_mr.drc:176
    Polygons (raw): 0 (flat)  0 (hierarchical)
    Elapsed: 0.010s  Memory: 564.00M
DRC section
BEOL section
li
"not" in: sky130A_mr.drc:328
    Polygons (raw): 132648 (flat)  3784 (hierarchical)
    Elapsed: 0.000s  Memory: 564.00M
"width" in: sky130A_mr.drc:329
    Edge pairs: 0 (flat)  0 (hierarchical)
    Elapsed: 2.450s  Memory: 601.00M
"output" in: sky130A_mr.drc:329
    Edge pairs: 0 (flat)  0 (hierarchical)
    Elapsed: 0.000s  Memory: 601.00M
"space" in: sky130A_mr.drc:332
    Edge pairs: 0 (flat)  0 (hierarchical)
    Elapsed: 33.630s  Memory: 1145.00M
"output" in: sky130A_mr.drc:332
    Edge pairs: 0 (flat)  0 (hierarchical)
    Elapsed: 0.010s  Memory: 1145.00M
"not" in: sky130A_mr.drc:334
    Polygons (raw): 522865 (flat)  1383 (hierarchical)
    Elapsed: 0.010s  Memory: 1145.00M
"enclosing" in: sky130A_mr.drc:335
    Edge pairs: 263846 (flat)  259920 (hierarchical)
    Elapsed: 161.910s  Memory: 1217.00M
"second_edges" in: sky130A_mr.drc:335
    Edges: 263846 (flat)  259920 (hierarchical)
    Elapsed: 0.040s  Memory: 1226.00M
"width" in: sky130A_mr.drc:336
    Edge pairs: 0 (flat)  0 (hierarchical)
    Elapsed: 1.230s  Memory: 1271.00M
"polygons" in: sky130A_mr.drc:337
    Polygons (raw): 0 (flat)  0 (hierarchical)
    Elapsed: 0.020s  Memory: 1271.00M
"interacting" in: sky130A_mr.drc:337
    Polygons (raw): 0 (flat)  0 (hierarchical)
    Elapsed: 0.270s  Memory: 1271.00M
"output" in: sky130A_mr.drc:338
    Polygons (raw): 0 (flat)  0 (hierarchical)
    Elapsed: 0.010s  Memory: 1271.00M
"with_area" in: sky130A_mr.drc:340
    Polygons (raw): 0 (flat)  0 (hierarchical)
    Elapsed: 0.050s  Memory: 1271.00M
"output" in: sky130A_mr.drc:340
    Polygons (raw): 0 (flat)  0 (hierarchical)
    Elapsed: 0.000s  Memory: 1271.00M
mcon
"not" in: sky130A_mr.drc:344
    Polygons (raw): 823032 (flat)  4094 (hierarchical)
    Elapsed: 0.010s  Memory: 1271.00M
"edges" in: sky130A_mr.drc:346
    Edges: 3292128 (flat)  16376 (hierarchical)
    Elapsed: 2.630s  Memory: 1271.00M
"without_length" in: sky130A_mr.drc:346
    Edges: 0 (flat)  0 (hierarchical)
    Elapsed: 21.200s  Memory: 2323.00M
"output" in: sky130A_mr.drc:346
    Edges: 0 (flat)  0 (hierarchical)
    Elapsed: 0.010s  Memory: 2323.00M
"space" in: sky130A_mr.drc:348
    Edge pairs: 0 (flat)  0 (hierarchical)
    Elapsed: 10.440s  Memory: 2323.00M
"output" in: sky130A_mr.drc:348
    Edge pairs: 0 (flat)  0 (hierarchical)
    Elapsed: 0.010s  Memory: 2323.00M
"not" in: sky130A_mr.drc:351
    Polygons (raw): 0 (flat)  0 (hierarchical)
    Elapsed: 2.080s  Memory: 2323.00M
"output" in: sky130A_mr.drc:351
    Polygons (raw): 0 (flat)  0 (hierarchical)
    Elapsed: 0.010s  Memory: 2323.00M
m1
"width" in: sky130A_mr.drc:355
    Edge pairs: 0 (flat)  0 (hierarchical)
    Elapsed: 2.130s  Memory: 2323.00M
"output" in: sky130A_mr.drc:355
    Edge pairs: 0 (flat)  0 (hierarchical)
    Elapsed: 0.010s  Memory: 2323.00M
"sized" in: sky130A_mr.drc:357
    Polygons (raw): 0 (flat)  0 (hierarchical)
    Elapsed: 0.110s  Memory: 2323.00M
"sized" in: sky130A_mr.drc:357
    Polygons (raw): 0 (flat)  0 (hierarchical)
    Elapsed: 0.000s  Memory: 2323.00M
"snap" in: sky130A_mr.drc:357
    Polygons (raw): 0 (flat)  0 (hierarchical)
    Elapsed: 0.110s  Memory: 2323.00M
"&" in: sky130A_mr.drc:357
    Polygons (raw): 0 (flat)  0 (hierarchical)
    Elapsed: 0.010s  Memory: 2323.00M
"edges" in: sky130A_mr.drc:358
    Edges: 285007 (flat)  68442 (hierarchical)
    Elapsed: 5.180s  Memory: 2323.00M
"-" in: sky130A_mr.drc:358
    Edges: 285007 (flat)  68442 (hierarchical)
    Elapsed: 0.010s  Memory: 2323.00M
"edges" in: sky130A_mr.drc:359
    Edges: 0 (flat)  0 (hierarchical)
    Elapsed: 0.010s  Memory: 2323.00M
"merged" in: sky130A_mr.drc:359
    Polygons (raw): 4368 (flat)  4149 (hierarchical)
    Elapsed: 0.010s  Memory: 2323.00M
"outside_part" in: sky130A_mr.drc:359
    Edges: 0 (flat)  0 (hierarchical)
    Elapsed: 0.010s  Memory: 2323.00M
"space" in: sky130A_mr.drc:361
    Edge pairs: 0 (flat)  0 (hierarchical)
    Elapsed: 4.790s  Memory: 2323.00M
"output" in: sky130A_mr.drc:361
    Edge pairs: 0 (flat)  0 (hierarchical)
    Elapsed: 0.010s  Memory: 2323.00M
"separation" in: sky130A_mr.drc:363
    Edge pairs: 0 (flat)  0 (hierarchical)
    Elapsed: 0.010s  Memory: 2323.00M
"space" in: sky130A_mr.drc:363
    Edge pairs: 0 (flat)  0 (hierarchical)
    Elapsed: 0.000s  Memory: 2323.00M
"+" in: sky130A_mr.drc:363
    Edge pairs: 0 (flat)  0 (hierarchical)
    Elapsed: 0.010s  Memory: 2323.00M
"output" in: sky130A_mr.drc:363
    Edge pairs: 0 (flat)  0 (hierarchical)
    Elapsed: 0.010s  Memory: 2323.00M
"input" in: sky130A_mr.drc:366
    Polygons (raw): 127393 (flat)  20849 (hierarchical)
    Elapsed: 0.040s  Memory: 2323.00M
"enclosing" in: sky130A_mr.drc:371
    Edge pairs: 0 (flat)  0 (hierarchical)
    Elapsed: 7.220s  Memory: 2323.00M
"output" in: sky130A_mr.drc:371
    Edge pairs: 0 (flat)  0 (hierarchical)
    Elapsed: 0.010s  Memory: 2323.00M
"not" in: sky130A_mr.drc:372
    Polygons (raw): 0 (flat)  0 (hierarchical)
    Elapsed: 3.280s  Memory: 2323.00M
"output" in: sky130A_mr.drc:372
    Polygons (raw): 0 (flat)  0 (hierarchical)
    Elapsed: 0.010s  Memory: 2323.00M
"input" in: sky130A_mr.drc:374
    Polygons (raw): 127393 (flat)  20849 (hierarchical)
    Elapsed: 0.040s  Memory: 2323.00M
"enclosing" in: sky130A_mr.drc:375
    Edge pairs: 0 (flat)  0 (hierarchical)
    Elapsed: 7.200s  Memory: 2323.00M
"output" in: sky130A_mr.drc:375
    Edge pairs: 0 (flat)  0 (hierarchical)
    Elapsed: 0.020s  Memory: 2323.00M
"with_area" in: sky130A_mr.drc:377
    Polygons (raw): 0 (flat)  0 (hierarchical)
    Elapsed: 0.040s  Memory: 2323.00M
"output" in: sky130A_mr.drc:377
    Polygons (raw): 0 (flat)  0 (hierarchical)
    Elapsed: 0.010s  Memory: 2323.00M
"holes" in: sky130A_mr.drc:379
    Polygons (raw): 0 (flat)  0 (hierarchical)
    Elapsed: 0.020s  Memory: 2323.00M
"with_area" in: sky130A_mr.drc:379
    Polygons (raw): 0 (flat)  0 (hierarchical)
    Elapsed: 0.050s  Memory: 2323.00M
"output" in: sky130A_mr.drc:379
    Polygons (raw): 0 (flat)  0 (hierarchical)
    Elapsed: 0.010s  Memory: 2323.00M
"enclosing" in: sky130A_mr.drc:382
    Edge pairs: 3765 (flat)  3269 (hierarchical)
    Elapsed: 2.900s  Memory: 2323.00M
"polygons" in: sky130A_mr.drc:382
    Polygons (raw): 3545 (flat)  3107 (hierarchical)
    Elapsed: 0.010s  Memory: 2323.00M
"interacting" in: sky130A_mr.drc:382
    Polygons (raw): 28 (flat)  28 (hierarchical)
    Elapsed: 0.250s  Memory: 2323.00M
"enclosing" in: sky130A_mr.drc:383
    Edge pairs: 8108 (flat)  6950 (hierarchical)
    Elapsed: 4.620s  Memory: 2323.00M
"second_edges" in: sky130A_mr.drc:383
    Edges: 8108 (flat)  6950 (hierarchical)
    Elapsed: 0.010s  Memory: 2323.00M
"edges" in: sky130A_mr.drc:384
    Edges: 3292128 (flat)  21344 (hierarchical)
    Elapsed: 2.810s  Memory: 2323.00M
"-" in: sky130A_mr.drc:384
    Edges: 3284763 (flat)  15143 (hierarchical)
    Elapsed: 0.550s  Memory: 2323.00M
"width" in: sky130A_mr.drc:384
    Edge pairs: 826903 (flat)  826321 (hierarchical)
    Elapsed: 30.570s  Memory: 2746.00M
"polygons" in: sky130A_mr.drc:384
    Polygons (raw): 826903 (flat)  826321 (hierarchical)
    Elapsed: 0.550s  Memory: 2746.00M
"not_interacting" in: sky130A_mr.drc:385
    Polygons (raw): 0 (flat)  0 (hierarchical)
    Elapsed: 0.250s  Memory: 2746.00M
"output" in: sky130A_mr.drc:385
    Polygons (raw): 0 (flat)  0 (hierarchical)
    Elapsed: 0.010s  Memory: 2746.00M
via
"drc" in: sky130A_mr.drc:390
    Polygons (raw): 0 (flat)  0 (hierarchical)
    Elapsed: 0.210s  Memory: 2746.00M
"not" in: sky130A_mr.drc:391
    Polygons (raw): 11860 (flat)  11860 (hierarchical)
    Elapsed: 0.010s  Memory: 2746.00M
"not" in: sky130A_mr.drc:392
    Polygons (raw): 11860 (flat)  11860 (hierarchical)
    Elapsed: 0.010s  Memory: 2746.00M
"non_rectangles" in: sky130A_mr.drc:394
    Polygons (raw): 0 (flat)  0 (hierarchical)
    Elapsed: 0.010s  Memory: 2746.00M
"output" in: sky130A_mr.drc:394
    Polygons (raw): 0 (flat)  0 (hierarchical)
    Elapsed: 0.010s  Memory: 2746.00M
"width" in: sky130A_mr.drc:395
    Edge pairs: 0 (flat)  0 (hierarchical)
    Elapsed: 0.020s  Memory: 2746.00M
"output" in: sky130A_mr.drc:395
    Edge pairs: 0 (flat)  0 (hierarchical)
    Elapsed: 0.010s  Memory: 2746.00M
"edges" in: sky130A_mr.drc:396
    Edges: 47440 (flat)  47440 (hierarchical)
    Elapsed: 0.150s  Memory: 2746.00M
"without_length" in: sky130A_mr.drc:396
    Edges: 0 (flat)  0 (hierarchical)
    Elapsed: 0.190s  Memory: 2746.00M
"output" in: sky130A_mr.drc:396
    Edges: 0 (flat)  0 (hierarchical)
    Elapsed: 0.010s  Memory: 2746.00M
"space" in: sky130A_mr.drc:398
    Edge pairs: 0 (flat)  0 (hierarchical)
    Elapsed: 0.080s  Memory: 2746.00M
"output" in: sky130A_mr.drc:398
    Edge pairs: 0 (flat)  0 (hierarchical)
    Elapsed: 0.020s  Memory: 2746.00M
"width" in: sky130A_mr.drc:400
    Edge pairs: 0 (flat)  0 (hierarchical)
    Elapsed: 0.030s  Memory: 2746.00M
"output" in: sky130A_mr.drc:400
    Edge pairs: 0 (flat)  0 (hierarchical)
    Elapsed: 0.010s  Memory: 2746.00M
"drc" in: sky130A_mr.drc:401
    Edge pairs: 0 (flat)  0 (hierarchical)
    Elapsed: 0.010s  Memory: 2746.00M
"output" in: sky130A_mr.drc:401
    Edge pairs: 0 (flat)  0 (hierarchical)
    Elapsed: 0.010s  Memory: 2746.00M
"not" in: sky130A_mr.drc:403
    Polygons (raw): 0 (flat)  0 (hierarchical)
    Elapsed: 0.010s  Memory: 2746.00M
"output" in: sky130A_mr.drc:403
    Polygons (raw): 0 (flat)  0 (hierarchical)
    Elapsed: 0.010s  Memory: 2746.00M
"edges" in: sky130A_mr.drc:405
    Edges: 47440 (flat)  47440 (hierarchical)
    Elapsed: 0.120s  Memory: 2746.00M
"without_length" in: sky130A_mr.drc:405
    Edges: 0 (flat)  0 (hierarchical)
    Elapsed: 0.200s  Memory: 2746.00M
"not_interacting" in: sky130A_mr.drc:405
    Polygons (raw): 11860 (flat)  11860 (hierarchical)
    Elapsed: 0.080s  Memory: 2746.00M
"enclosing" in: sky130A_mr.drc:405
    Edge pairs: 0 (flat)  0 (hierarchical)
    Elapsed: 0.100s  Memory: 2746.00M
"output" in: sky130A_mr.drc:405
    Edge pairs: 0 (flat)  0 (hierarchical)
    Elapsed: 0.010s  Memory: 2746.00M
"squares" in: sky130A_mr.drc:406
    Polygons (raw): 11860 (flat)  11860 (hierarchical)
    Elapsed: 0.010s  Memory: 2746.00M
"edges" in: sky130A_mr.drc:406
    Edges: 47440 (flat)  47440 (hierarchical)
    Elapsed: 0.130s  Memory: 2746.00M
"with_length" in: sky130A_mr.drc:406
    Edges: 47440 (flat)  47440 (hierarchical)
    Elapsed: 0.210s  Memory: 2746.00M
"not" in: sky130A_mr.drc:406
    Edges: 0 (flat)  0 (hierarchical)
    Elapsed: 0.840s  Memory: 2746.00M
"output" in: sky130A_mr.drc:406
    Edges: 0 (flat)  0 (hierarchical)
    Elapsed: 0.010s  Memory: 2746.00M
"edges" in: sky130A_mr.drc:408
    Edges: 47440 (flat)  47440 (hierarchical)
    Elapsed: 0.130s  Memory: 2746.00M
"without_length" in: sky130A_mr.drc:408
    Edges: 0 (flat)  0 (hierarchical)
    Elapsed: 0.200s  Memory: 2746.00M
"not_interacting" in: sky130A_mr.drc:408
    Polygons (raw): 11860 (flat)  11860 (hierarchical)
    Elapsed: 0.080s  Memory: 2746.00M
"enclosing" in: sky130A_mr.drc:408
    Edge pairs: 11026 (flat)  11026 (hierarchical)
    Elapsed: 0.160s  Memory: 2746.00M
"second_edges" in: sky130A_mr.drc:408
    Edges: 11026 (flat)  11026 (hierarchical)
    Elapsed: 0.010s  Memory: 2746.00M
"edges" in: sky130A_mr.drc:409
    Edges: 47440 (flat)  47440 (hierarchical)
    Elapsed: 0.120s  Memory: 2746.00M
"without_length" in: sky130A_mr.drc:409
    Edges: 0 (flat)  0 (hierarchical)
    Elapsed: 0.200s  Memory: 2746.00M
"not_interacting" in: sky130A_mr.drc:409
    Polygons (raw): 11860 (flat)  11860 (hierarchical)
    Elapsed: 0.070s  Memory: 2746.00M
"edges" in: sky130A_mr.drc:409
    Edges: 47440 (flat)  47440 (hierarchical)
    Elapsed: 0.130s  Memory: 2746.00M
"-" in: sky130A_mr.drc:409
    Edges: 36594 (flat)  36594 (hierarchical)
    Elapsed: 0.140s  Memory: 2746.00M
"width" in: sky130A_mr.drc:409
    Edge pairs: 18252 (flat)  18252 (hierarchical)
    Elapsed: 0.290s  Memory: 2746.00M
"polygons" in: sky130A_mr.drc:409
    Polygons (raw): 18252 (flat)  18252 (hierarchical)
    Elapsed: 0.020s  Memory: 2746.00M
"edges" in: sky130A_mr.drc:410
    Edges: 47440 (flat)  47440 (hierarchical)
    Elapsed: 0.120s  Memory: 2746.00M
"without_length" in: sky130A_mr.drc:410
    Edges: 0 (flat)  0 (hierarchical)
    Elapsed: 0.200s  Memory: 2746.00M
"not_interacting" in: sky130A_mr.drc:410
    Polygons (raw): 11860 (flat)  11860 (hierarchical)
    Elapsed: 0.080s  Memory: 2746.00M
"not_interacting" in: sky130A_mr.drc:410
    Polygons (raw): 0 (flat)  0 (hierarchical)
    Elapsed: 0.110s  Memory: 2746.00M
"output" in: sky130A_mr.drc:410
    Polygons (raw): 0 (flat)  0 (hierarchical)
    Elapsed: 0.010s  Memory: 2746.00M
m2
"width" in: sky130A_mr.drc:415
    Edge pairs: 0 (flat)  0 (hierarchical)
    Elapsed: 0.200s  Memory: 2746.00M
"output" in: sky130A_mr.drc:415
    Edge pairs: 0 (flat)  0 (hierarchical)
    Elapsed: 0.010s  Memory: 2746.00M
"sized" in: sky130A_mr.drc:417
    Polygons (raw): 0 (flat)  0 (hierarchical)
    Elapsed: 0.090s  Memory: 2746.00M
"sized" in: sky130A_mr.drc:417
    Polygons (raw): 0 (flat)  0 (hierarchical)
    Elapsed: 0.010s  Memory: 2746.00M
"snap" in: sky130A_mr.drc:417
    Polygons (raw): 0 (flat)  0 (hierarchical)
    Elapsed: 0.030s  Memory: 2746.00M
"&" in: sky130A_mr.drc:417
    Polygons (raw): 0 (flat)  0 (hierarchical)
    Elapsed: 0.000s  Memory: 2746.00M
"edges" in: sky130A_mr.drc:418
    Edges: 53453 (flat)  53453 (hierarchical)
    Elapsed: 0.480s  Memory: 2746.00M
"-" in: sky130A_mr.drc:418
    Edges: 53453 (flat)  53453 (hierarchical)
    Elapsed: 0.010s  Memory: 2746.00M
"edges" in: sky130A_mr.drc:419
    Edges: 0 (flat)  0 (hierarchical)
    Elapsed: 0.010s  Memory: 2746.00M
"merged" in: sky130A_mr.drc:419
    Polygons (raw): 4398 (flat)  4398 (hierarchical)
    Elapsed: 0.010s  Memory: 2746.00M
"outside_part" in: sky130A_mr.drc:419
    Edges: 0 (flat)  0 (hierarchical)
    Elapsed: 0.010s  Memory: 2746.00M
"not" in: sky130A_mr.drc:420
    Polygons (raw): 11860 (flat)  11860 (hierarchical)
    Elapsed: 0.010s  Memory: 2746.00M
"space" in: sky130A_mr.drc:422
    Edge pairs: 0 (flat)  0 (hierarchical)
    Elapsed: 0.840s  Memory: 2746.00M
"output" in: sky130A_mr.drc:422
    Edge pairs: 0 (flat)  0 (hierarchical)
    Elapsed: 0.010s  Memory: 2746.00M
"separation" in: sky130A_mr.drc:424
    Edge pairs: 0 (flat)  0 (hierarchical)
    Elapsed: 0.010s  Memory: 2746.00M
"space" in: sky130A_mr.drc:424
    Edge pairs: 0 (flat)  0 (hierarchical)
    Elapsed: 0.010s  Memory: 2746.00M
"+" in: sky130A_mr.drc:424
    Edge pairs: 0 (flat)  0 (hierarchical)
    Elapsed: 0.010s  Memory: 2746.00M
"output" in: sky130A_mr.drc:424
    Edge pairs: 0 (flat)  0 (hierarchical)
    Elapsed: 0.010s  Memory: 2746.00M
"with_area" in: sky130A_mr.drc:427
    Polygons (raw): 0 (flat)  0 (hierarchical)
    Elapsed: 0.030s  Memory: 2746.00M
"output" in: sky130A_mr.drc:427
    Polygons (raw): 0 (flat)  0 (hierarchical)
    Elapsed: 0.010s  Memory: 2746.00M
"holes" in: sky130A_mr.drc:428
    Polygons (raw): 0 (flat)  0 (hierarchical)
    Elapsed: 0.010s  Memory: 2746.00M
"with_area" in: sky130A_mr.drc:428
    Polygons (raw): 0 (flat)  0 (hierarchical)
    Elapsed: 0.040s  Memory: 2746.00M
"output" in: sky130A_mr.drc:428
    Polygons (raw): 0 (flat)  0 (hierarchical)
    Elapsed: 0.010s  Memory: 2746.00M
"enclosing" in: sky130A_mr.drc:431
    Edge pairs: 0 (flat)  0 (hierarchical)
    Elapsed: 0.180s  Memory: 2746.00M
"output" in: sky130A_mr.drc:431
    Edge pairs: 0 (flat)  0 (hierarchical)
    Elapsed: 0.010s  Memory: 2746.00M
"not" in: sky130A_mr.drc:433
    Polygons (raw): 0 (flat)  0 (hierarchical)
    Elapsed: 0.110s  Memory: 2746.00M
"output" in: sky130A_mr.drc:433
    Polygons (raw): 0 (flat)  0 (hierarchical)
    Elapsed: 0.010s  Memory: 2746.00M
"enclosing" in: sky130A_mr.drc:436
    Edge pairs: 13686 (flat)  13686 (hierarchical)
    Elapsed: 0.250s  Memory: 2746.00M
"second_edges" in: sky130A_mr.drc:436
    Edges: 13686 (flat)  13686 (hierarchical)
    Elapsed: 0.010s  Memory: 2746.00M
"width" in: sky130A_mr.drc:437
    Edge pairs: 0 (flat)  0 (hierarchical)
    Elapsed: 0.240s  Memory: 2746.00M
"polygons" in: sky130A_mr.drc:438
    Polygons (raw): 0 (flat)  0 (hierarchical)
    Elapsed: 0.010s  Memory: 2746.00M
"interacting" in: sky130A_mr.drc:438
    Polygons (raw): 0 (flat)  0 (hierarchical)
    Elapsed: 0.040s  Memory: 2746.00M
"output" in: sky130A_mr.drc:439
    Polygons (raw): 0 (flat)  0 (hierarchical)
    Elapsed: 0.010s  Memory: 2746.00M
via2
"drc" in: sky130A_mr.drc:449
    Polygons (raw): 0 (flat)  0 (hierarchical)
    Elapsed: 0.150s  Memory: 2746.00M
"not" in: sky130A_mr.drc:450
    Polygons (raw): 5550 (flat)  5550 (hierarchical)
    Elapsed: 0.010s  Memory: 2746.00M
"not" in: sky130A_mr.drc:451
    Polygons (raw): 5550 (flat)  5550 (hierarchical)
    Elapsed: 0.010s  Memory: 2746.00M
"non_rectangles" in: sky130A_mr.drc:452
    Polygons (raw): 0 (flat)  0 (hierarchical)
    Elapsed: 0.010s  Memory: 2746.00M
"output" in: sky130A_mr.drc:452
    Polygons (raw): 0 (flat)  0 (hierarchical)
    Elapsed: 0.010s  Memory: 2746.00M
"width" in: sky130A_mr.drc:453
    Edge pairs: 0 (flat)  0 (hierarchical)
    Elapsed: 0.020s  Memory: 2746.00M
"output" in: sky130A_mr.drc:453
    Edge pairs: 0 (flat)  0 (hierarchical)
    Elapsed: 0.010s  Memory: 2746.00M
"edges" in: sky130A_mr.drc:454
    Edges: 22200 (flat)  22200 (hierarchical)
    Elapsed: 0.090s  Memory: 2746.00M
"without_length" in: sky130A_mr.drc:454
    Edges: 0 (flat)  0 (hierarchical)
    Elapsed: 0.120s  Memory: 2746.00M
"output" in: sky130A_mr.drc:454
    Edges: 0 (flat)  0 (hierarchical)
    Elapsed: 0.010s  Memory: 2746.00M
"space" in: sky130A_mr.drc:456
    Edge pairs: 0 (flat)  0 (hierarchical)
    Elapsed: 0.060s  Memory: 2746.00M
"output" in: sky130A_mr.drc:456
    Edge pairs: 0 (flat)  0 (hierarchical)
    Elapsed: 0.010s  Memory: 2746.00M
"width" in: sky130A_mr.drc:457
    Edge pairs: 0 (flat)  0 (hierarchical)
    Elapsed: 0.040s  Memory: 2746.00M
"output" in: sky130A_mr.drc:457
    Edge pairs: 0 (flat)  0 (hierarchical)
    Elapsed: 0.010s  Memory: 2746.00M
"drc" in: sky130A_mr.drc:458
    Edge pairs: 0 (flat)  0 (hierarchical)
    Elapsed: 0.010s  Memory: 2746.00M
"output" in: sky130A_mr.drc:458
    Edge pairs: 0 (flat)  0 (hierarchical)
    Elapsed: 0.010s  Memory: 2746.00M
"not" in: sky130A_mr.drc:459
    Polygons (raw): 0 (flat)  0 (hierarchical)
    Elapsed: 0.010s  Memory: 2746.00M
"output" in: sky130A_mr.drc:459
    Polygons (raw): 0 (flat)  0 (hierarchical)
    Elapsed: 0.000s  Memory: 2746.00M
"enclosing" in: sky130A_mr.drc:460
    Edge pairs: 0 (flat)  0 (hierarchical)
    Elapsed: 0.110s  Memory: 2746.00M
"output" in: sky130A_mr.drc:460
    Edge pairs: 0 (flat)  0 (hierarchical)
    Elapsed: 0.020s  Memory: 2746.00M
"not" in: sky130A_mr.drc:462
    Polygons (raw): 0 (flat)  0 (hierarchical)
    Elapsed: 0.080s  Memory: 2746.00M
"output" in: sky130A_mr.drc:462
    Polygons (raw): 0 (flat)  0 (hierarchical)
    Elapsed: 0.010s  Memory: 2746.00M
"enclosing" in: sky130A_mr.drc:464
    Edge pairs: 3471 (flat)  3471 (hierarchical)
    Elapsed: 0.140s  Memory: 2746.00M
"second_edges" in: sky130A_mr.drc:464
    Edges: 3471 (flat)  3471 (hierarchical)
    Elapsed: 0.010s  Memory: 2746.00M
"width" in: sky130A_mr.drc:465
    Edge pairs: 0 (flat)  0 (hierarchical)
    Elapsed: 0.080s  Memory: 2746.00M
"polygons" in: sky130A_mr.drc:466
    Polygons (raw): 0 (flat)  0 (hierarchical)
    Elapsed: 0.010s  Memory: 2746.00M
"interacting" in: sky130A_mr.drc:466
    Polygons (raw): 0 (flat)  0 (hierarchical)
    Elapsed: 0.050s  Memory: 2746.00M
"output" in: sky130A_mr.drc:467
    Polygons (raw): 0 (flat)  0 (hierarchical)
    Elapsed: 0.010s  Memory: 2746.00M
m3
"width" in: sky130A_mr.drc:472
    Edge pairs: 0 (flat)  0 (hierarchical)
    Elapsed: 0.060s  Memory: 2746.00M
"output" in: sky130A_mr.drc:472
    Edge pairs: 0 (flat)  0 (hierarchical)
    Elapsed: 0.010s  Memory: 2746.00M
"sized" in: sky130A_mr.drc:474
    Polygons (raw): 0 (flat)  0 (hierarchical)
    Elapsed: 0.030s  Memory: 2746.00M
"sized" in: sky130A_mr.drc:474
    Polygons (raw): 0 (flat)  0 (hierarchical)
    Elapsed: 0.010s  Memory: 2746.00M
"snap" in: sky130A_mr.drc:474
    Polygons (raw): 0 (flat)  0 (hierarchical)
    Elapsed: 0.030s  Memory: 2746.00M
"&" in: sky130A_mr.drc:474
    Polygons (raw): 0 (flat)  0 (hierarchical)
    Elapsed: 0.010s  Memory: 2746.00M
"edges" in: sky130A_mr.drc:475
    Edges: 10428 (flat)  10428 (hierarchical)
    Elapsed: 0.110s  Memory: 2746.00M
"-" in: sky130A_mr.drc:475
    Edges: 10428 (flat)  10428 (hierarchical)
    Elapsed: 0.000s  Memory: 2746.00M
"edges" in: sky130A_mr.drc:476
    Edges: 0 (flat)  0 (hierarchical)
    Elapsed: 0.010s  Memory: 2746.00M
"merged" in: sky130A_mr.drc:476
    Polygons (raw): 1594 (flat)  1594 (hierarchical)
    Elapsed: 0.010s  Memory: 2746.00M
"outside_part" in: sky130A_mr.drc:476
    Edges: 0 (flat)  0 (hierarchical)
    Elapsed: 0.010s  Memory: 2746.00M
"space" in: sky130A_mr.drc:478
    Edge pairs: 0 (flat)  0 (hierarchical)
    Elapsed: 0.140s  Memory: 2746.00M
"output" in: sky130A_mr.drc:478
    Edge pairs: 0 (flat)  0 (hierarchical)
    Elapsed: 0.010s  Memory: 2746.00M
"separation" in: sky130A_mr.drc:480
    Edge pairs: 0 (flat)  0 (hierarchical)
    Elapsed: 0.010s  Memory: 2746.00M
"space" in: sky130A_mr.drc:480
    Edge pairs: 0 (flat)  0 (hierarchical)
    Elapsed: 0.010s  Memory: 2746.00M
"+" in: sky130A_mr.drc:480
    Edge pairs: 0 (flat)  0 (hierarchical)
    Elapsed: 0.010s  Memory: 2746.00M
"output" in: sky130A_mr.drc:480
    Edge pairs: 0 (flat)  0 (hierarchical)
    Elapsed: 0.010s  Memory: 2746.00M
"enclosing" in: sky130A_mr.drc:483
    Edge pairs: 0 (flat)  0 (hierarchical)
    Elapsed: 0.090s  Memory: 2746.00M
"output" in: sky130A_mr.drc:483
    Edge pairs: 0 (flat)  0 (hierarchical)
    Elapsed: 0.010s  Memory: 2746.00M
"not" in: sky130A_mr.drc:484
    Polygons (raw): 0 (flat)  0 (hierarchical)
    Elapsed: 0.060s  Memory: 2746.00M
"output" in: sky130A_mr.drc:484
    Polygons (raw): 0 (flat)  0 (hierarchical)
    Elapsed: 0.010s  Memory: 2746.00M
via3
"drc" in: sky130A_mr.drc:491
    Polygons (raw): 0 (flat)  0 (hierarchical)
    Elapsed: 0.150s  Memory: 2746.00M
"not" in: sky130A_mr.drc:492
    Polygons (raw): 5200 (flat)  5200 (hierarchical)
    Elapsed: 0.010s  Memory: 2746.00M
"not" in: sky130A_mr.drc:493
    Polygons (raw): 5200 (flat)  5200 (hierarchical)
    Elapsed: 0.010s  Memory: 2746.00M
"non_rectangles" in: sky130A_mr.drc:494
    Polygons (raw): 0 (flat)  0 (hierarchical)
    Elapsed: 0.010s  Memory: 2746.00M
"output" in: sky130A_mr.drc:494
    Polygons (raw): 0 (flat)  0 (hierarchical)
    Elapsed: 0.010s  Memory: 2746.00M
"width" in: sky130A_mr.drc:495
    Edge pairs: 0 (flat)  0 (hierarchical)
    Elapsed: 0.010s  Memory: 2746.00M
"output" in: sky130A_mr.drc:495
    Edge pairs: 0 (flat)  0 (hierarchical)
    Elapsed: 0.010s  Memory: 2746.00M
"edges" in: sky130A_mr.drc:496
    Edges: 20800 (flat)  20800 (hierarchical)
    Elapsed: 0.100s  Memory: 2746.00M
"without_length" in: sky130A_mr.drc:496
    Edges: 0 (flat)  0 (hierarchical)
    Elapsed: 0.120s  Memory: 2746.00M
"output" in: sky130A_mr.drc:496
    Edges: 0 (flat)  0 (hierarchical)
    Elapsed: 0.010s  Memory: 2746.00M
"space" in: sky130A_mr.drc:499
    Edge pairs: 0 (flat)  0 (hierarchical)
    Elapsed: 0.060s  Memory: 2746.00M
"output" in: sky130A_mr.drc:499
    Edge pairs: 0 (flat)  0 (hierarchical)
    Elapsed: 0.010s  Memory: 2746.00M
"enclosing" in: sky130A_mr.drc:500
    Edge pairs: 0 (flat)  0 (hierarchical)
    Elapsed: 0.080s  Memory: 2746.00M
"output" in: sky130A_mr.drc:500
    Edge pairs: 0 (flat)  0 (hierarchical)
    Elapsed: 0.010s  Memory: 2746.00M
"not" in: sky130A_mr.drc:501
    Polygons (raw): 0 (flat)  0 (hierarchical)
    Elapsed: 0.060s  Memory: 2746.00M
"output" in: sky130A_mr.drc:501
    Polygons (raw): 0 (flat)  0 (hierarchical)
    Elapsed: 0.010s  Memory: 2746.00M
"enclosing" in: sky130A_mr.drc:503
    Edge pairs: 10436 (flat)  10436 (hierarchical)
    Elapsed: 0.150s  Memory: 2746.00M
"second_edges" in: sky130A_mr.drc:503
    Edges: 10436 (flat)  10436 (hierarchical)
    Elapsed: 0.010s  Memory: 2746.00M
"width" in: sky130A_mr.drc:504
    Edge pairs: 0 (flat)  0 (hierarchical)
    Elapsed: 0.090s  Memory: 2746.00M
"polygons" in: sky130A_mr.drc:505
    Polygons (raw): 0 (flat)  0 (hierarchical)
    Elapsed: 0.010s  Memory: 2746.00M
"interacting" in: sky130A_mr.drc:505
    Polygons (raw): 0 (flat)  0 (hierarchical)
    Elapsed: 0.040s  Memory: 2746.00M
"output" in: sky130A_mr.drc:506
    Polygons (raw): 0 (flat)  0 (hierarchical)
    Elapsed: 0.010s  Memory: 2746.00M
m4
"width" in: sky130A_mr.drc:511
    Edge pairs: 0 (flat)  0 (hierarchical)
    Elapsed: 0.050s  Memory: 2746.00M
"output" in: sky130A_mr.drc:511
    Edge pairs: 0 (flat)  0 (hierarchical)
    Elapsed: 0.000s  Memory: 2746.00M
"sized" in: sky130A_mr.drc:513
    Polygons (raw): 186 (flat)  186 (hierarchical)
    Elapsed: 0.030s  Memory: 2746.00M
"sized" in: sky130A_mr.drc:513
    Polygons (raw): 186 (flat)  186 (hierarchical)
    Elapsed: 0.020s  Memory: 2746.00M
"snap" in: sky130A_mr.drc:513
    Polygons (raw): 186 (flat)  186 (hierarchical)
    Elapsed: 0.050s  Memory: 2746.00M
"&" in: sky130A_mr.drc:513
    Polygons (raw): 186 (flat)  186 (hierarchical)
    Elapsed: 0.020s  Memory: 2746.00M
"edges" in: sky130A_mr.drc:514
    Edges: 1416 (flat)  1416 (hierarchical)
    Elapsed: 0.100s  Memory: 2746.00M
"-" in: sky130A_mr.drc:514
    Edges: 672 (flat)  672 (hierarchical)
    Elapsed: 0.060s  Memory: 2746.00M
"edges" in: sky130A_mr.drc:515
    Edges: 744 (flat)  744 (hierarchical)
    Elapsed: 0.020s  Memory: 2746.00M
"merged" in: sky130A_mr.drc:515
    Polygons (raw): 242 (flat)  242 (hierarchical)
    Elapsed: 0.010s  Memory: 2746.00M
"outside_part" in: sky130A_mr.drc:515
    Edges: 744 (flat)  744 (hierarchical)
    Elapsed: 0.010s  Memory: 2746.00M
"space" in: sky130A_mr.drc:517
    Edge pairs: 0 (flat)  0 (hierarchical)
    Elapsed: 0.130s  Memory: 2746.00M
"output" in: sky130A_mr.drc:517
    Edge pairs: 0 (flat)  0 (hierarchical)
    Elapsed: 0.010s  Memory: 2746.00M
"with_area" in: sky130A_mr.drc:519
    Polygons (raw): 0 (flat)  0 (hierarchical)
    Elapsed: 0.020s  Memory: 2746.00M
"output" in: sky130A_mr.drc:519
    Polygons (raw): 0 (flat)  0 (hierarchical)
    Elapsed: 0.010s  Memory: 2746.00M
"separation" in: sky130A_mr.drc:521
    Edge pairs: 0 (flat)  0 (hierarchical)
    Elapsed: 0.050s  Memory: 2746.00M
"space" in: sky130A_mr.drc:521
    Edge pairs: 0 (flat)  0 (hierarchical)
    Elapsed: 0.020s  Memory: 2746.00M
"+" in: sky130A_mr.drc:521
    Edge pairs: 0 (flat)  0 (hierarchical)
    Elapsed: 0.010s  Memory: 2746.00M
"output" in: sky130A_mr.drc:521
    Edge pairs: 0 (flat)  0 (hierarchical)
    Elapsed: 0.010s  Memory: 2746.00M
"enclosing" in: sky130A_mr.drc:524
    Edge pairs: 0 (flat)  0 (hierarchical)
    Elapsed: 0.090s  Memory: 2746.00M
"output" in: sky130A_mr.drc:524
    Edge pairs: 0 (flat)  0 (hierarchical)
    Elapsed: 0.010s  Memory: 2746.00M
"not" in: sky130A_mr.drc:525
    Polygons (raw): 0 (flat)  0 (hierarchical)
    Elapsed: 0.070s  Memory: 2746.00M
"output" in: sky130A_mr.drc:525
    Polygons (raw): 0 (flat)  0 (hierarchical)
    Elapsed: 0.000s  Memory: 2746.00M
via4
"drc" in: sky130A_mr.drc:530
    Polygons (raw): 0 (flat)  0 (hierarchical)
    Elapsed: 0.210s  Memory: 2746.00M
"not" in: sky130A_mr.drc:531
    Polygons (raw): 12104 (flat)  12104 (hierarchical)
    Elapsed: 0.000s  Memory: 2746.00M
"not" in: sky130A_mr.drc:532
    Polygons (raw): 12104 (flat)  12104 (hierarchical)
    Elapsed: 0.000s  Memory: 2746.00M
"non_rectangles" in: sky130A_mr.drc:533
    Polygons (raw): 0 (flat)  0 (hierarchical)
    Elapsed: 0.010s  Memory: 2746.00M
"output" in: sky130A_mr.drc:533
    Polygons (raw): 0 (flat)  0 (hierarchical)
    Elapsed: 0.010s  Memory: 2746.00M
"width" in: sky130A_mr.drc:534
    Edge pairs: 0 (flat)  0 (hierarchical)
    Elapsed: 0.010s  Memory: 2746.00M
"output" in: sky130A_mr.drc:534
    Edge pairs: 0 (flat)  0 (hierarchical)
    Elapsed: 0.010s  Memory: 2746.00M
"edges" in: sky130A_mr.drc:535
    Edges: 48416 (flat)  48416 (hierarchical)
    Elapsed: 0.080s  Memory: 2746.00M
"without_length" in: sky130A_mr.drc:535
    Edges: 0 (flat)  0 (hierarchical)
    Elapsed: 0.200s  Memory: 2746.00M
"output" in: sky130A_mr.drc:535
    Edges: 0 (flat)  0 (hierarchical)
    Elapsed: 0.010s  Memory: 2746.00M
"space" in: sky130A_mr.drc:538
    Edge pairs: 0 (flat)  0 (hierarchical)
    Elapsed: 0.060s  Memory: 2746.00M
"output" in: sky130A_mr.drc:538
    Edge pairs: 0 (flat)  0 (hierarchical)
    Elapsed: 0.000s  Memory: 2746.00M
"width" in: sky130A_mr.drc:539
    Edge pairs: 0 (flat)  0 (hierarchical)
    Elapsed: 0.030s  Memory: 2746.00M
"output" in: sky130A_mr.drc:539
    Edge pairs: 0 (flat)  0 (hierarchical)
    Elapsed: 0.010s  Memory: 2746.00M
"drc" in: sky130A_mr.drc:540
    Edge pairs: 0 (flat)  0 (hierarchical)
    Elapsed: 0.010s  Memory: 2746.00M
"output" in: sky130A_mr.drc:540
    Edge pairs: 0 (flat)  0 (hierarchical)
    Elapsed: 0.010s  Memory: 2746.00M
"not" in: sky130A_mr.drc:541
    Polygons (raw): 0 (flat)  0 (hierarchical)
    Elapsed: 0.010s  Memory: 2746.00M
"output" in: sky130A_mr.drc:541
    Polygons (raw): 0 (flat)  0 (hierarchical)
    Elapsed: 0.010s  Memory: 2746.00M
"enclosing" in: sky130A_mr.drc:542
    Edge pairs: 0 (flat)  0 (hierarchical)
    Elapsed: 0.100s  Memory: 2746.00M
"output" in: sky130A_mr.drc:542
    Edge pairs: 0 (flat)  0 (hierarchical)
    Elapsed: 0.010s  Memory: 2746.00M
"not" in: sky130A_mr.drc:543
    Polygons (raw): 0 (flat)  0 (hierarchical)
    Elapsed: 0.080s  Memory: 2746.00M
"output" in: sky130A_mr.drc:543
    Polygons (raw): 0 (flat)  0 (hierarchical)
    Elapsed: 0.010s  Memory: 2746.00M
m5
"width" in: sky130A_mr.drc:547
    Edge pairs: 0 (flat)  0 (hierarchical)
    Elapsed: 0.030s  Memory: 2746.00M
"output" in: sky130A_mr.drc:547
    Edge pairs: 0 (flat)  0 (hierarchical)
    Elapsed: 0.010s  Memory: 2746.00M
"space" in: sky130A_mr.drc:549
    Edge pairs: 0 (flat)  0 (hierarchical)
    Elapsed: 0.010s  Memory: 2746.00M
"output" in: sky130A_mr.drc:549
    Edge pairs: 0 (flat)  0 (hierarchical)
    Elapsed: 0.010s  Memory: 2746.00M
"enclosing" in: sky130A_mr.drc:552
    Edge pairs: 0 (flat)  0 (hierarchical)
    Elapsed: 0.090s  Memory: 2746.00M
"output" in: sky130A_mr.drc:552
    Edge pairs: 0 (flat)  0 (hierarchical)
    Elapsed: 0.010s  Memory: 2746.00M
"not" in: sky130A_mr.drc:553
    Polygons (raw): 0 (flat)  0 (hierarchical)
    Elapsed: 0.050s  Memory: 2746.00M
"output" in: sky130A_mr.drc:553
    Polygons (raw): 0 (flat)  0 (hierarchical)
    Elapsed: 0.010s  Memory: 2746.00M
"with_area" in: sky130A_mr.drc:555
    Polygons (raw): 0 (flat)  0 (hierarchical)
    Elapsed: 0.020s  Memory: 2746.00M
"output" in: sky130A_mr.drc:555
    Polygons (raw): 0 (flat)  0 (hierarchical)
    Elapsed: 0.010s  Memory: 2746.00M
pad
"isolated" in: sky130A_mr.drc:559
    Edge pairs: 0 (flat)  0 (hierarchical)
    Elapsed: 0.040s  Memory: 2746.00M
"output" in: sky130A_mr.drc:559
    Edge pairs: 0 (flat)  0 (hierarchical)
    Elapsed: 0.020s  Memory: 2746.00M
Writing report database: /home/cmaier/EDA/caravel_user_project/precheck_results/02_OCT_2021___15_05_25/outputs/reports/klayout_beol_check.xml ..
Total elapsed: 326.400s  Memory: 2705.00M
