2021-10-02 15:05:25 - [INFO] - {{EXTRACTING GDS}} Extracting GDS files in: /home/cmaier/EDA/caravel_user_project
2021-10-02 15:05:25 - [INFO] - MPW Precheck is running on: user_project_wrapper.gds: 148f7d55ba2e42f59dd8493d1f045a74bed7e044 ...
2021-10-02 15:05:25 - [INFO] - MPW Precheck is using: KLayout: v0.27.3 | Magic: v8.3.196 ...
2021-10-02 15:05:25 - [INFO] - MPW Precheck is using: Open PDKs: 6c05bc4 | Skywater PDK: c094b6e ...
2021-10-02 15:05:25 - [INFO] - {{START}} Precheck Started, the full log 'precheck.log' will be located in '/home/cmaier/EDA/caravel_user_project/precheck_results/02_OCT_2021___15_05_25/logs'
2021-10-02 15:05:25 - [INFO] - {{PRECHECK SEQUENCE}} Precheck will run the following checks: License Yaml Manifest Makefile Default Documentation Consistency XOR Magic DRC Klayout FEOL Klayout BEOL Klayout Offgrid Klayout Metal Minimum Clear Area Density Klayout Pin Label Purposes Overlapping Drawing Klayout ZeroArea
2021-10-02 15:05:25 - [INFO] - {{STEP UPDATE}} Executing Check 1 of 15: License
2021-10-02 15:05:27 - [INFO] - An approved LICENSE (Apache-2.0) was found in /home/cmaier/EDA/caravel_user_project.
2021-10-02 15:05:27 - [INFO] - {{MAIN LICENSE CHECK PASSED}} An approved LICENSE was found in project root.
2021-10-02 15:05:28 - [INFO] - An approved LICENSE (Apache-2.0) was found in /home/cmaier/EDA/caravel_user_project.
2021-10-02 15:05:28 - [INFO] - {{SUBMODULES LICENSE CHECK PASSED}} No prohibited LICENSE file(s) was found in project submodules
2021-10-02 15:05:28 - [INFO] - {{SPDX COMPLIANCE CHECK PASSED}} Project is compliant with the SPDX Standard
2021-10-02 15:05:28 - [INFO] - {{STEP UPDATE}} Executing Check 2 of 15: Yaml
2021-10-02 15:05:28 - [INFO] - {{YAML CHECK PASSED}} YAML file valid.
2021-10-02 15:05:28 - [INFO] - {{STEP UPDATE}} Executing Check 3 of 15: Manifest
2021-10-02 15:05:29 - [INFO] - Caravel version matches, for the full report check: /home/cmaier/EDA/caravel_user_project/precheck_results/02_OCT_2021___15_05_25/logs/manifest_check.log
2021-10-02 15:05:29 - [INFO] - {{MANIFEST CHECKS PASSED}} Manifest Checks Passed. Caravel version matches.
2021-10-02 15:05:29 - [INFO] - {{STEP UPDATE}} Executing Check 4 of 15: Makefile
2021-10-02 15:05:29 - [INFO] - {{MAKEFILE CHECK PASSED}} Makefile valid.
2021-10-02 15:05:29 - [INFO] - {{STEP UPDATE}} Executing Check 5 of 15: Default
2021-10-02 15:05:29 - [WARNING] - The provided 'README.md' is identical to the default 'README.md'
2021-10-02 15:05:29 - [WARNING] - {{README DEFAULT CHECK FAILED}} Project 'README.md' was not modified and is identical to the default 'README.md'
2021-10-02 15:05:29 - [WARNING] - The parameter description in the provided 'info.yaml' is identical to the one in the default 'info.yaml'
2021-10-02 15:05:29 - [WARNING] - The parameter git_url in the provided 'info.yaml' is identical to the one in the default 'info.yaml'
2021-10-02 15:05:29 - [WARNING] - The parameter organization in the provided 'info.yaml' is identical to the one in the default 'info.yaml'
2021-10-02 15:05:29 - [WARNING] - The parameter organization_url in the provided 'info.yaml' is identical to the one in the default 'info.yaml'
2021-10-02 15:05:29 - [WARNING] - The parameter owner in the provided 'info.yaml' is identical to the one in the default 'info.yaml'
2021-10-02 15:05:29 - [WARNING] - The parameter project_name in the provided 'info.yaml' is identical to the one in the default 'info.yaml'
2021-10-02 15:05:29 - [WARNING] - {{PROJECT CONFIG DEFAULT CHECK FAILED}} Project 'info.yaml' was not modified and is identical to the default 'info.yaml'
2021-10-02 15:05:29 - [INFO] - {{CONTENT DEFAULT CHECK PASSED}} Project 'gds' was modified and is not identical to the default 'gds'
2021-10-02 15:05:29 - [INFO] - {{STEP UPDATE}} Executing Check 6 of 15: Documentation
2021-10-02 15:05:29 - [INFO] - {{DOCUMENTATION CHECK PASSED}} Project documentation is appropriate.
2021-10-02 15:05:29 - [INFO] - {{STEP UPDATE}} Executing Check 7 of 15: Consistency
2021-10-02 15:05:29 - [INFO] - Trying to get file https://raw.githubusercontent.com/efabless/caravel/master/verilog/rtl/__user_project_wrapper.v
2021-10-02 15:05:30 - [INFO] - Got file https://raw.githubusercontent.com/efabless/caravel/master/verilog/rtl/__user_project_wrapper.v
2021-10-02 15:05:30 - [INFO] - Trying to get file https://raw.githubusercontent.com/efabless/caravel/master/verilog/rtl/defines.v
2021-10-02 15:05:30 - [INFO] - Got file https://raw.githubusercontent.com/efabless/caravel/master/verilog/rtl/defines.v
2021-10-02 15:05:38 - [INFO] - POWER CONNECTIONS CHECK PASSED: All instances in caravel are connected to power
2021-10-02 15:05:38 - [INFO] - HIERARCHY CHECK PASSED: Module user_project_wrapper is instantiated in caravel. 
2021-10-02 15:05:38 - [INFO] - COMPLEXITY CHECK PASSED: Netlist caravel contains at least 8 instances (46 instances). 
2021-10-02 15:05:38 - [INFO] - MODELING CHECK PASSED: Netlist caravel is structural.
2021-10-02 15:05:38 - [INFO] - SUBMODULE HOOKS CHECK PASSED: All module ports for user_project_wrapper are correctly connected in the top level netlist caravel.
2021-10-02 15:05:38 - [INFO] - {{NETLIST CONSISTENCY CHECK PASSED}} caravel netlist passed all consistency checks.
2021-10-02 15:05:38 - [INFO] - POWER CONNECTIONS CHECK PASSED: All instances in user_project_wrapper are connected to power
2021-10-02 15:05:38 - [INFO] - PORTS CHECK PASSED: Netlist user_project_wrapper ports match the golden wrapper ports
2021-10-02 15:05:38 - [INFO] - COMPLEXITY CHECK PASSED: Netlist user_project_wrapper contains at least 1 instances (1 instances). 
2021-10-02 15:05:38 - [INFO] - MODELING CHECK PASSED: Netlist user_project_wrapper is structural.
2021-10-02 15:05:38 - [INFO] - LAYOUT CHECK PASSED: The GDS layout for user_project_wrapper matches the provided structural netlist.
2021-10-02 15:05:38 - [INFO] - PORT TYPES CHECK PASSED: Netlist user_project_wrapper port types match the golden wrapper port types.
2021-10-02 15:05:38 - [INFO] - {{NETLIST CONSISTENCY CHECK PASSED}} user_project_wrapper netlist passed all consistency checks.
2021-10-02 15:05:38 - [INFO] - {{CONSISTENCY CHECK PASSED}} The user netlist and the top netlist are valid.
2021-10-02 15:05:38 - [INFO] - {{STEP UPDATE}} Executing Check 8 of 15: XOR
2021-10-02 15:05:38 - [INFO] - Trying to get file https://raw.githubusercontent.com/efabless/caravel/master/gds/user_project_wrapper_empty.gds.gz
2021-10-02 15:05:38 - [INFO] - Got file https://raw.githubusercontent.com/efabless/caravel/master/gds/user_project_wrapper_empty.gds.gz
2021-10-02 15:05:46 - [INFO] - {XOR CHECK UPDATE} Total XOR differences: 0, for more details view /home/cmaier/EDA/caravel_user_project/precheck_results/02_OCT_2021___15_05_25/outputs/user_project_wrapper.xor.gds
2021-10-02 15:05:46 - [INFO] - {{XOR CHECK PASSED}} The GDS file has no XOR violations.
2021-10-02 15:05:46 - [INFO] - {{STEP UPDATE}} Executing Check 9 of 15: Magic DRC
2021-10-02 15:07:28 - [INFO] - 0 DRC violations
2021-10-02 15:07:28 - [INFO] - {{MAGIC DRC CHECK PASSED}} The GDS file, user_project_wrapper.gds, has no DRC violations.
2021-10-02 15:07:28 - [INFO] - {{STEP UPDATE}} Executing Check 10 of 15: Klayout FEOL
2021-10-02 15:07:42 - [INFO] - No DRC Violations found
2021-10-02 15:07:42 - [INFO] - {{Klayout FEOL CHECK PASSED}} The GDS file, user_project_wrapper.gds, has no DRC violations.
2021-10-02 15:07:42 - [INFO] - {{STEP UPDATE}} Executing Check 11 of 15: Klayout BEOL
2021-10-02 15:12:57 - [INFO] - No DRC Violations found
2021-10-02 15:12:57 - [INFO] - {{Klayout BEOL CHECK PASSED}} The GDS file, user_project_wrapper.gds, has no DRC violations.
2021-10-02 15:12:57 - [INFO] - {{STEP UPDATE}} Executing Check 12 of 15: Klayout Offgrid
2021-10-02 15:13:23 - [INFO] - No DRC Violations found
2021-10-02 15:13:23 - [INFO] - {{Klayout Offgrid CHECK PASSED}} The GDS file, user_project_wrapper.gds, has no DRC violations.
2021-10-02 15:13:23 - [INFO] - {{STEP UPDATE}} Executing Check 13 of 15: Klayout Metal Minimum Clear Area Density
2021-10-02 15:13:30 - [INFO] - No DRC Violations found
2021-10-02 15:13:30 - [INFO] - {{Klayout Metal Minimum Clear Area Density CHECK PASSED}} The GDS file, user_project_wrapper.gds, has no DRC violations.
2021-10-02 15:13:30 - [INFO] - {{STEP UPDATE}} Executing Check 14 of 15: Klayout Pin Label Purposes Overlapping Drawing
2021-10-02 15:13:35 - [INFO] - No DRC Violations found
2021-10-02 15:13:35 - [INFO] - {{Klayout Pin Label Purposes Overlapping Drawing CHECK PASSED}} The GDS file, user_project_wrapper.gds, has no DRC violations.
2021-10-02 15:13:35 - [INFO] - {{STEP UPDATE}} Executing Check 15 of 15: Klayout ZeroArea
2021-10-02 15:13:37 - [INFO] - No DRC Violations found
2021-10-02 15:13:37 - [INFO] - {{Klayout ZeroArea CHECK PASSED}} The GDS file, user_project_wrapper.gds, has no DRC violations.
2021-10-02 15:13:37 - [INFO] - {{FINISH}} Executing Finished, the full log 'precheck.log' can be found in '/home/cmaier/EDA/caravel_user_project/precheck_results/02_OCT_2021___15_05_25/logs'
2021-10-02 15:13:37 - [CRITICAL] - {{FAILURE}} 1 Check(s) Failed: ['Default'] !!!
