https://github.com/bluecmd/learn-sky130/blob/main/schematic/xschem/getting-started.md#installation-of-gaw

$ sudo apt install libgtk-3-dev build-essential
Reading package lists... Done
Building dependency tree       
Reading state information... Done
build-essential is already the newest version (12.1ubuntu2).
The following additional packages will be installed:
  libatk-bridge2.0-dev libatk1.0-dev libatspi2.0-dev libepoxy-dev libgdk-pixbuf2.0-dev libgmp-dev libgmpxx4ldbl libharfbuzz-dev
  libharfbuzz-gobject0 libpango1.0-dev libxcomposite-dev libxtst-dev nettle-dev x11proto-composite-dev x11proto-record-dev
Suggested packages:
  gmp-doc libgmp10-doc libmpfr-dev libgtk-3-doc libpango1.0-doc
The following NEW packages will be installed:
  libatk-bridge2.0-dev libatk1.0-dev libatspi2.0-dev libepoxy-dev libgdk-pixbuf2.0-dev libgmp-dev libgmpxx4ldbl libgtk-3-dev
  libharfbuzz-dev libharfbuzz-gobject0 libpango1.0-dev libxcomposite-dev libxtst-dev nettle-dev x11proto-composite-dev
  x11proto-record-dev
0 upgraded, 16 newly installed, 0 to remove and 2 not upgraded.
Need to get 2.976 kB of archives.
After this operation, 22,1 MB of additional disk space will be used.
Do you want to continue? [Y/n] 
Get:1 http://archive.ubuntu.com/ubuntu xenial/main amd64 x11proto-record-dev all 1.14.2-1 [33,6 kB]
Get:2 http://archive.ubuntu.com/ubuntu xenial/main amd64 libxtst-dev amd64 2:1.2.2-1 [17,0 kB]
Get:3 http://archive.ubuntu.com/ubuntu xenial/main amd64 libatspi2.0-dev amd64 2.18.3-4ubuntu1 [59,2 kB]
Get:4 http://archive.ubuntu.com/ubuntu xenial/main amd64 libatk-bridge2.0-dev amd64 2.18.1-2ubuntu1 [2.824 B]
Get:5 http://archive.ubuntu.com/ubuntu xenial/main amd64 libatk1.0-dev amd64 2.18.0-1 [79,5 kB]
Get:6 http://archive.ubuntu.com/ubuntu xenial-updates/main amd64 libepoxy-dev amd64 1.3.1-1ubuntu0.16.04.2 [113 kB]
Get:7 http://archive.ubuntu.com/ubuntu xenial-updates/main amd64 libgdk-pixbuf2.0-dev amd64 2.32.2-1ubuntu1.6 [44,3 kB]
Get:8 http://archive.ubuntu.com/ubuntu xenial/main amd64 libgmpxx4ldbl amd64 2:6.1.0+dfsg-2 [8.948 B]
Get:9 http://archive.ubuntu.com/ubuntu xenial/main amd64 libgmp-dev amd64 2:6.1.0+dfsg-2 [314 kB]
Get:10 http://archive.ubuntu.com/ubuntu xenial-updates/main amd64 libharfbuzz-gobject0 amd64 1.0.1-1ubuntu0.1 [10,9 kB]
Get:11 http://archive.ubuntu.com/ubuntu xenial-updates/main amd64 libharfbuzz-dev amd64 1.0.1-1ubuntu0.1 [189 kB]
Get:12 http://archive.ubuntu.com/ubuntu xenial/main amd64 libpango1.0-dev amd64 1.38.1-1 [277 kB]
Get:13 http://archive.ubuntu.com/ubuntu xenial/main amd64 x11proto-composite-dev all 1:0.4.2-2 [10,5 kB]
Get:14 http://archive.ubuntu.com/ubuntu xenial/main amd64 libxcomposite-dev amd64 1:0.4.4-1 [9.954 B]
Get:15 http://archive.ubuntu.com/ubuntu xenial-updates/main amd64 nettle-dev amd64 3.2-1ubuntu0.16.04.2 [938 kB]
Get:16 http://archive.ubuntu.com/ubuntu xenial-updates/main amd64 libgtk-3-dev amd64 3.18.9-1ubuntu3.3 [868 kB]
Fetched 2.976 kB in 0s (9.383 kB/s)    
Selecting previously unselected package x11proto-record-dev.
(Reading database ... 541166 files and directories currently installed.)
Preparing to unpack .../x11proto-record-dev_1.14.2-1_all.deb ...
Unpacking x11proto-record-dev (1.14.2-1) ...
Selecting previously unselected package libxtst-dev:amd64.
Preparing to unpack .../libxtst-dev_2%3a1.2.2-1_amd64.deb ...
Unpacking libxtst-dev:amd64 (2:1.2.2-1) ...
Selecting previously unselected package libatspi2.0-dev.
Preparing to unpack .../libatspi2.0-dev_2.18.3-4ubuntu1_amd64.deb ...
Unpacking libatspi2.0-dev (2.18.3-4ubuntu1) ...
Selecting previously unselected package libatk-bridge2.0-dev:amd64.
Preparing to unpack .../libatk-bridge2.0-dev_2.18.1-2ubuntu1_amd64.deb ...
Unpacking libatk-bridge2.0-dev:amd64 (2.18.1-2ubuntu1) ...
Selecting previously unselected package libatk1.0-dev.
Preparing to unpack .../libatk1.0-dev_2.18.0-1_amd64.deb ...
Unpacking libatk1.0-dev (2.18.0-1) ...
Selecting previously unselected package libepoxy-dev:amd64.
Preparing to unpack .../libepoxy-dev_1.3.1-1ubuntu0.16.04.2_amd64.deb ...
Unpacking libepoxy-dev:amd64 (1.3.1-1ubuntu0.16.04.2) ...
Selecting previously unselected package libgdk-pixbuf2.0-dev.
Preparing to unpack .../libgdk-pixbuf2.0-dev_2.32.2-1ubuntu1.6_amd64.deb ...
Unpacking libgdk-pixbuf2.0-dev (2.32.2-1ubuntu1.6) ...
Selecting previously unselected package libgmpxx4ldbl:amd64.
Preparing to unpack .../libgmpxx4ldbl_2%3a6.1.0+dfsg-2_amd64.deb ...
Unpacking libgmpxx4ldbl:amd64 (2:6.1.0+dfsg-2) ...
Selecting previously unselected package libgmp-dev:amd64.
Preparing to unpack .../libgmp-dev_2%3a6.1.0+dfsg-2_amd64.deb ...
Unpacking libgmp-dev:amd64 (2:6.1.0+dfsg-2) ...
Selecting previously unselected package libharfbuzz-gobject0:amd64.
Preparing to unpack .../libharfbuzz-gobject0_1.0.1-1ubuntu0.1_amd64.deb ...
Unpacking libharfbuzz-gobject0:amd64 (1.0.1-1ubuntu0.1) ...
Selecting previously unselected package libharfbuzz-dev.
Preparing to unpack .../libharfbuzz-dev_1.0.1-1ubuntu0.1_amd64.deb ...
Unpacking libharfbuzz-dev (1.0.1-1ubuntu0.1) ...
Selecting previously unselected package libpango1.0-dev.
Preparing to unpack .../libpango1.0-dev_1.38.1-1_amd64.deb ...
Unpacking libpango1.0-dev (1.38.1-1) ...
Selecting previously unselected package x11proto-composite-dev.
Preparing to unpack .../x11proto-composite-dev_1%3a0.4.2-2_all.deb ...
Unpacking x11proto-composite-dev (1:0.4.2-2) ...
Selecting previously unselected package libxcomposite-dev.
Preparing to unpack .../libxcomposite-dev_1%3a0.4.4-1_amd64.deb ...
Unpacking libxcomposite-dev (1:0.4.4-1) ...
Selecting previously unselected package nettle-dev.
Preparing to unpack .../nettle-dev_3.2-1ubuntu0.16.04.2_amd64.deb ...
Unpacking nettle-dev (3.2-1ubuntu0.16.04.2) ...
Selecting previously unselected package libgtk-3-dev:amd64.
Preparing to unpack .../libgtk-3-dev_3.18.9-1ubuntu3.3_amd64.deb ...
Unpacking libgtk-3-dev:amd64 (3.18.9-1ubuntu3.3) ...
Processing triggers for man-db (2.7.5-1) ...
Processing triggers for libc-bin (2.23-0ubuntu11.3) ...
Processing triggers for install-info (6.1.0.dfsg.1-5) ...
install-info: warning: no info dir entry in `/usr/share/info/gnash_user.info.gz'
install-info: warning: no info dir entry in `/usr/share/info/gnash_ref.info.gz'
Processing triggers for doc-base (0.10.7) ...
Processing 1 added doc-base file...
Registering documents with scrollkeeper...
Processing triggers for libglib2.0-0:i386 (2.48.2-0ubuntu4.8) ...
Processing triggers for libglib2.0-0:amd64 (2.48.2-0ubuntu4.8) ...
Setting up x11proto-record-dev (1.14.2-1) ...
Setting up libxtst-dev:amd64 (2:1.2.2-1) ...
Setting up libatspi2.0-dev (2.18.3-4ubuntu1) ...
Setting up libatk-bridge2.0-dev:amd64 (2.18.1-2ubuntu1) ...
Setting up libatk1.0-dev (2.18.0-1) ...
Setting up libepoxy-dev:amd64 (1.3.1-1ubuntu0.16.04.2) ...
Setting up libgdk-pixbuf2.0-dev (2.32.2-1ubuntu1.6) ...
Setting up libgmpxx4ldbl:amd64 (2:6.1.0+dfsg-2) ...
Setting up libgmp-dev:amd64 (2:6.1.0+dfsg-2) ...
Setting up libharfbuzz-gobject0:amd64 (1.0.1-1ubuntu0.1) ...
Setting up libharfbuzz-dev (1.0.1-1ubuntu0.1) ...
Setting up libpango1.0-dev (1.38.1-1) ...
Setting up x11proto-composite-dev (1:0.4.2-2) ...
Setting up libxcomposite-dev (1:0.4.4-1) ...
Setting up nettle-dev (3.2-1ubuntu0.16.04.2) ...
Setting up libgtk-3-dev:amd64 (3.18.9-1ubuntu3.3) ...
Processing triggers for libc-bin (2.23-0ubuntu11.3) ...

~$ wget http://download.tuxfamily.org/gaw/download/gaw3-20200922.tar.gz
--2021-07-03 22:52:27--  http://download.tuxfamily.org/gaw/download/gaw3-20200922.tar.gz
Resolving download.tuxfamily.org (download.tuxfamily.org)... 2a01:e0d:1:4:58bf:faab:0:1, 2a01:e0d:1:3:58bf:fa12:0:1, 213.36.253.18, ...
Connecting to download.tuxfamily.org (download.tuxfamily.org)|2a01:e0d:1:4:58bf:faab:0:1|:80... connected.
HTTP request sent, awaiting response... 200 OK
Length: 3063708 (2,9M) [application/gzip]
Saving to: ‘gaw3-20200922.tar.gz’

gaw3-20200922.tar.gz             100%[==========================================================>]   2,92M  41,6KB/s    in 71s     

2021-07-03 22:53:38 (42,1 KB/s) - ‘gaw3-20200922.tar.gz’ saved [3063708/3063708]

$ shasum -c gaw3-20200922.tar.gz.sum 
gaw3-20200922.tar.gz: OK

tar xvzf gaw3-20200922.tar.gz 

gaw3-20200922$ ./configure
checking for a BSD-compatible install... /usr/bin/install -c
checking whether build environment is sane... yes
checking for a thread-safe mkdir -p... /bin/mkdir -p
checking for gawk... gawk
checking whether make sets $(MAKE)... yes
checking whether make supports nested variables... yes
Configuring gaw3 version 20200922
checking for gcc... gcc
checking whether the C compiler works... yes
checking for C compiler default output file name... a.out
checking for suffix of executables... 
checking whether we are cross compiling... no
checking for suffix of object files... o
checking whether we are using the GNU C compiler... yes
checking whether gcc accepts -g... yes
checking for gcc option to accept ISO C89... none needed
checking whether gcc understands -c and -o together... yes
checking whether make supports the include directive... yes (GNU style)
checking dependency style of gcc... gcc3
checking for ranlib... ranlib
checking how to run the C preprocessor... gcc -E
checking for grep that handles long lines and -e... /bin/grep
checking for egrep... /bin/grep -E
checking for ANSI C header files... yes
checking for sys/types.h... yes
checking for sys/stat.h... yes
checking for stdlib.h... yes
checking for string.h... yes
checking for memory.h... yes
checking for strings.h... yes
checking for inttypes.h... yes
checking for stdint.h... yes
checking for unistd.h... yes
checking fcntl.h usability... yes
checking fcntl.h presence... yes
checking for fcntl.h... yes
checking float.h usability... yes
checking float.h presence... yes
checking for float.h... yes
checking for stdlib.h... (cached) yes
checking for string.h... (cached) yes
checking for unistd.h... (cached) yes
checking for special C compiler options needed for large files... no
checking for _FILE_OFFSET_BITS value needed for large files... no
checking for an ANSI C-conforming const... yes
checking for inline... inline
checking for size_t... yes
checking whether struct tm is in sys/time.h or time.h... time.h
checking for stdlib.h... (cached) yes
checking for GNU libc compatible malloc... yes
checking for working memcmp... yes
checking whether lstat correctly handles trailing slash... yes
checking whether stat accepts an empty string... no
checking for working strtod... yes
checking for vprintf... yes
checking for _doprnt... no
checking for _LARGEFILE_SOURCE value needed for large files... no
checking for mkdir... yes
checking for pow... no
checking for regcomp... yes
checking for strcasecmp... yes
checking for strchr... yes
checking for strcspn... yes
checking for strdup... yes
checking for strerror... yes
checking for strrchr... yes
checking for strspn... yes
checking for strstr... yes
checking for pkg-config... /usr/bin/pkg-config
checking byteswap.h usability... yes
checking byteswap.h presence... yes
checking for byteswap.h... yes
checking endian.h usability... yes
checking endian.h presence... yes
checking for endian.h... yes
checking libkern/OSByteOrder.h usability... no
checking libkern/OSByteOrder.h presence... no
checking for libkern/OSByteOrder.h... no
checking sys/endian.h usability... no
checking sys/endian.h presence... no
checking for sys/endian.h... no
checking whether NLS is requested... yes
checking for msgfmt... /usr/bin/msgfmt
checking for gmsgfmt... /usr/bin/msgfmt
checking for xgettext... /usr/bin/xgettext
checking for msgmerge... /usr/bin/msgmerge
checking build system type... x86_64-unknown-linux-gnu
checking host system type... x86_64-unknown-linux-gnu
checking for ld used by GCC... /usr/bin/ld
checking if the linker (/usr/bin/ld) is GNU ld... yes
checking for shared library run path origin... done
checking for CFPreferencesCopyAppValue... no
checking for CFLocaleCopyCurrent... no
checking for GNU gettext in libc... yes
checking whether to use NLS... yes
checking where the gettext function comes from... libc
checking for alsa/pcm.h... yes
checking for alsa/mixer.h... yes
checking for ALSA CFLAGS... 
checking for ALSA LDFLAGS...  -lasound -lm -ldl -lpthread
checking for libasound headers version >= 1.0.16... found.
checking for snd_ctl_open in -lasound... yes
checking pkg-config is at least version 0.9.0... yes
checking for gtk+-3.0 >= 3.0.0... yes
checking for glib-2.0 >= 2.28.0... yes
checking that generated files are newer than configure... done
configure: creating ./config.status
config.status: creating Makefile
config.status: creating src/Makefile
config.status: creating lib/Makefile
config.status: creating po/Makefile.in
config.status: creating config.h
config.status: executing depfiles commands
config.status: executing po-directories commands
config.status: creating po/POTFILES
config.status: creating po/Makefile

** Configuration summary for gaw3 20200922:

   GLIB library version:             2.48.2
   GTK+ library version:             3.18.9
   Alsa version:                     1.1.0
   data directory:                   /usr/local/share/gaw
   locale directory:                 /usr/local/share/locale

make -j8

cmaier@DrEvil:~/EDA/gaw/gaw3-20200922$ sudo make install
[sudo] password for cmaier: 
Making install in lib
make[1]: Entering directory '/home/cmaier/EDA/gaw/gaw3-20200922/lib'
make[2]: Entering directory '/home/cmaier/EDA/gaw/gaw3-20200922/lib'
make[2]: Nothing to be done for 'install-exec-am'.
make[2]: Nothing to be done for 'install-data-am'.
make[2]: Leaving directory '/home/cmaier/EDA/gaw/gaw3-20200922/lib'
make[1]: Leaving directory '/home/cmaier/EDA/gaw/gaw3-20200922/lib'
Making install in src
make[1]: Entering directory '/home/cmaier/EDA/gaw/gaw3-20200922/src'
make[2]: Entering directory '/home/cmaier/EDA/gaw/gaw3-20200922/src'
 /bin/mkdir -p '/usr/local/bin'
  /usr/bin/install -c gaw '/usr/local/bin'
 /bin/mkdir -p '/usr/local/share/gaw'
 /usr/bin/install -c -m 644 gaw-gtkrc gaw-gtkrc.css '/usr/local/share/gaw'
make[2]: Leaving directory '/home/cmaier/EDA/gaw/gaw3-20200922/src'
make[1]: Leaving directory '/home/cmaier/EDA/gaw/gaw3-20200922/src'
Making install in po
make[1]: Entering directory '/home/cmaier/EDA/gaw/gaw3-20200922/po'
installing fr.gmo as /usr/local/share/locale/fr/LC_MESSAGES/gaw3.mo
if test "gaw3" = "gettext-tools"; then \
  /bin/mkdir -p /usr/local/share/gettext/po; \
  for file in Makefile.in.in remove-potcdate.sin quot.sed boldquot.sed en@quot.header en@boldquot.header insert-header.sin Rules-quot   Makevars.template; do \
    /usr/bin/install -c -m 644 ./$file \
		    /usr/local/share/gettext/po/$file; \
  done; \
  for file in Makevars; do \
    rm -f /usr/local/share/gettext/po/$file; \
  done; \
else \
  : ; \
fi
make[1]: Leaving directory '/home/cmaier/EDA/gaw/gaw3-20200922/po'
make[1]: Entering directory '/home/cmaier/EDA/gaw/gaw3-20200922'
make[2]: Entering directory '/home/cmaier/EDA/gaw/gaw3-20200922'
make[2]: Nothing to be done for 'install-exec-am'.
 /bin/mkdir -p '/usr/local/share/applications'
 /usr/bin/install -c -m 644 gaw.desktop '/usr/local/share/applications'
 /bin/mkdir -p '/usr/local/share/pixmaps'
 /usr/bin/install -c -m 644 gaw.png '/usr/local/share/pixmaps'
make[2]: Leaving directory '/home/cmaier/EDA/gaw/gaw3-20200922'
make[1]: Leaving directory '/home/cmaier/EDA/gaw/gaw3-20200922'

