This file contains any messages produced by compilers while
running configure, to aid debugging if configure makes a mistake.

It was created by riscv-toolchain configure 1.0, which was
generated by GNU Autoconf 2.69.  Invocation command line was

  $ ../configure --with-arch=rv32i --prefix=/home/cmaier/EDA/rv32i/

## --------- ##
## Platform. ##
## --------- ##

hostname = DoktorEvil
uname -m = x86_64
uname -r = 5.11.0-34-generic
uname -s = Linux
uname -v = #36~20.04.1-Ubuntu SMP Fri Aug 27 08:06:32 UTC 2021

/usr/bin/uname -p = x86_64
/bin/uname -X     = unknown

/bin/arch              = x86_64
/usr/bin/arch -k       = unknown
/usr/convex/getsysinfo = unknown
/usr/bin/hostinfo      = unknown
/bin/machine           = unknown
/usr/bin/oslevel       = unknown
/bin/universe          = unknown

PATH: /home/cmaier/bin
PATH: /usr/local/sbin
PATH: /usr/local/bin
PATH: /usr/sbin
PATH: /usr/bin
PATH: /sbin
PATH: /bin
PATH: /usr/games
PATH: /usr/local/games
PATH: /snap/bin


## ----------- ##
## Core tests. ##
## ----------- ##

configure:1928: checking for gcc
configure:1944: found /usr/bin/gcc
configure:1955: result: gcc
configure:2184: checking for C compiler version
configure:2193: gcc --version >&5
gcc (Ubuntu 9.3.0-17ubuntu1~20.04) 9.3.0
Copyright (C) 2019 Free Software Foundation, Inc.
This is free software; see the source for copying conditions.  There is NO
warranty; not even for MERCHANTABILITY or FITNESS FOR A PARTICULAR PURPOSE.

configure:2204: $? = 0
configure:2193: gcc -v >&5
Using built-in specs.
COLLECT_GCC=gcc
COLLECT_LTO_WRAPPER=/usr/lib/gcc/x86_64-linux-gnu/9/lto-wrapper
OFFLOAD_TARGET_NAMES=nvptx-none:hsa
OFFLOAD_TARGET_DEFAULT=1
Target: x86_64-linux-gnu
Configured with: ../src/configure -v --with-pkgversion='Ubuntu 9.3.0-17ubuntu1~20.04' --with-bugurl=file:///usr/share/doc/gcc-9/README.Bugs --enable-languages=c,ada,c++,go,brig,d,fortran,objc,obj-c++,gm2 --prefix=/usr --with-gcc-major-version-only --program-suffix=-9 --program-prefix=x86_64-linux-gnu- --enable-shared --enable-linker-build-id --libexecdir=/usr/lib --without-included-gettext --enable-threads=posix --libdir=/usr/lib --enable-nls --enable-clocale=gnu --enable-libstdcxx-debug --enable-libstdcxx-time=yes --with-default-libstdcxx-abi=new --enable-gnu-unique-object --disable-vtable-verify --enable-plugin --enable-default-pie --with-system-zlib --with-target-system-zlib=auto --enable-objc-gc=auto --enable-multiarch --disable-werror --with-arch-32=i686 --with-abi=m64 --with-multilib-list=m32,m64,mx32 --enable-multilib --with-tune=generic --enable-offload-targets=nvptx-none=/build/gcc-9-HskZEa/gcc-9-9.3.0/debian/tmp-nvptx/usr,hsa --without-cuda-driver --enable-checking=release --build=x86_64-linux-gnu --host=x86_64-linux-gnu --target=x86_64-linux-gnu
Thread model: posix
gcc version 9.3.0 (Ubuntu 9.3.0-17ubuntu1~20.04) 
configure:2204: $? = 0
configure:2193: gcc -V >&5
gcc: error: unrecognized command line option '-V'
gcc: fatal error: no input files
compilation terminated.
configure:2204: $? = 1
configure:2193: gcc -qversion >&5
gcc: error: unrecognized command line option '-qversion'; did you mean '--version'?
gcc: fatal error: no input files
compilation terminated.
configure:2204: $? = 1
configure:2224: checking whether the C compiler works
configure:2246: gcc    conftest.c  >&5
configure:2250: $? = 0
configure:2298: result: yes
configure:2301: checking for C compiler default output file name
configure:2303: result: a.out
configure:2309: checking for suffix of executables
configure:2316: gcc -o conftest    conftest.c  >&5
configure:2320: $? = 0
configure:2342: result: 
configure:2364: checking whether we are cross compiling
configure:2372: gcc -o conftest    conftest.c  >&5
configure:2376: $? = 0
configure:2383: ./conftest
configure:2387: $? = 0
configure:2375: result: no
configure:2380: checking for suffix of object files
configure:2402: gcc -c   conftest.c >&5
configure:2406: $? = 0
configure:2427: result: o
configure:2431: checking whether we are using the GNU C compiler
configure:2450: gcc -c   conftest.c >&5
configure:2450: $? = 0
configure:2459: result: yes
configure:2468: checking whether gcc accepts -g
configure:2488: gcc -c -g  conftest.c >&5
configure:2488: $? = 0
configure:2529: result: yes
configure:2546: checking for gcc option to accept ISO C89
configure:2609: gcc  -c -g -O2  conftest.c >&5
configure:2609: $? = 0
configure:2622: result: none needed
configure:2642: checking for grep that handles long lines and -e
configure:2700: result: /usr/bin/grep
configure:2705: checking for fgrep
configure:2767: result: /usr/bin/grep -F
configure:2772: checking for grep that handles long lines and -e
configure:2830: result: /usr/bin/grep
configure:2838: checking for bash
configure:2869: result: /bin/bash
configure:2940: checking for __gmpz_init in -lgmp
configure:2965: gcc -o conftest -g -O2   conftest.c -lgmp   >&5
configure:2965: $? = 0
configure:2974: result: yes
configure:2987: checking for mpfr_init in -lmpfr
configure:3012: gcc -o conftest -g -O2   conftest.c -lmpfr  -lgmp  >&5
configure:3012: $? = 0
configure:3021: result: yes
configure:3034: checking for mpc_init2 in -lmpc
configure:3059: gcc -o conftest -g -O2   conftest.c -lmpc  -lmpfr -lgmp  >&5
configure:3059: $? = 0
configure:3068: result: yes
configure:3091: checking for curl
configure:3109: found /usr/bin/curl
configure:3122: result: /usr/bin/curl
configure:3132: checking for wget
configure:3150: found /usr/bin/wget
configure:3163: result: /usr/bin/wget
configure:3173: checking for ftp
configure:3191: found /usr/bin/ftp
configure:3204: result: /usr/bin/ftp
configure:3750: creating ./config.status

## ---------------------- ##
## Running config.status. ##
## ---------------------- ##

This file was extended by riscv-toolchain config.status 1.0, which was
generated by GNU Autoconf 2.69.  Invocation command line was

  CONFIG_FILES    = 
  CONFIG_HEADERS  = 
  CONFIG_LINKS    = 
  CONFIG_COMMANDS = 
  $ ./config.status 

on DoktorEvil

config.status:751: creating Makefile
config.status:751: creating scripts/wrapper/awk/awk
config.status:751: creating scripts/wrapper/sed/sed

## ---------------- ##
## Cache variables. ##
## ---------------- ##

ac_cv_c_compiler_gnu=yes
ac_cv_env_CC_set=
ac_cv_env_CC_value=
ac_cv_env_CFLAGS_set=
ac_cv_env_CFLAGS_value=
ac_cv_env_CPPFLAGS_set=
ac_cv_env_CPPFLAGS_value=
ac_cv_env_LDFLAGS_set=
ac_cv_env_LDFLAGS_value=
ac_cv_env_LIBS_set=
ac_cv_env_LIBS_value=
ac_cv_env_build_alias_set=
ac_cv_env_build_alias_value=
ac_cv_env_host_alias_set=
ac_cv_env_host_alias_value=
ac_cv_env_target_alias_set=
ac_cv_env_target_alias_value=
ac_cv_lib_gmp___gmpz_init=yes
ac_cv_lib_mpc_mpc_init2=yes
ac_cv_lib_mpfr_mpfr_init=yes
ac_cv_objext=o
ac_cv_path_BASH=/bin/bash
ac_cv_path_CURL=/usr/bin/curl
ac_cv_path_FGREP='/usr/bin/grep -F'
ac_cv_path_FTP=/usr/bin/ftp
ac_cv_path_GAWK=/usr/bin/gawk
ac_cv_path_GREP=/usr/bin/grep
ac_cv_path_GSED=/usr/bin/sed
ac_cv_path_WGET=/usr/bin/wget
ac_cv_prog_ac_ct_CC=gcc
ac_cv_prog_cc_c89=
ac_cv_prog_cc_g=yes

## ----------------- ##
## Output variables. ##
## ----------------- ##

BASH='/bin/bash'
CC='gcc'
CFLAGS='-g -O2'
CPPFLAGS=''
CURL='/usr/bin/curl'
DEFS='-DPACKAGE_NAME=\"riscv-toolchain\" -DPACKAGE_TARNAME=\"riscv-toolchain\" -DPACKAGE_VERSION=\"1.0\" -DPACKAGE_STRING=\"riscv-toolchain\ 1.0\" -DPACKAGE_BUGREPORT=\"\" -DPACKAGE_URL=\"\" -DHAVE_LIBGMP=1 -DHAVE_LIBMPFR=1 -DHAVE_LIBMPC=1'
ECHO_C=''
ECHO_N='-n'
ECHO_T=''
EXEEXT=''
FETCHER='/usr/bin/curl -L -o - --ftp-pasv --retry 10'
FGREP='/usr/bin/grep -F'
FTP='/usr/bin/ftp'
GAWK='/usr/bin/gawk'
GREP='/usr/bin/grep'
GSED='/usr/bin/sed'
LDFLAGS=''
LIBOBJS=''
LIBS='-lmpc -lmpfr -lgmp '
LTLIBOBJS=''
NEED_GCC_EXTERNAL_LIBRARIES='false'
OBJEXT='o'
PACKAGE_BUGREPORT=''
PACKAGE_NAME='riscv-toolchain'
PACKAGE_STRING='riscv-toolchain 1.0'
PACKAGE_TARNAME='riscv-toolchain'
PACKAGE_URL=''
PACKAGE_VERSION='1.0'
PATH_SEPARATOR=':'
SHELL='/bin/bash'
WGET='/usr/bin/wget'
WITH_ABI='--with-abi=ilp32'
WITH_ARCH='--with-arch=rv32i'
WITH_TUNE='--with-tune=rocket'
ac_ct_CC='gcc'
bindir='${exec_prefix}/bin'
build_alias=''
cmodel='-mcmodel=medlow'
configure_host=''
datadir='${datarootdir}'
datarootdir='${prefix}/share'
default_target='newlib'
docdir='${datarootdir}/doc/${PACKAGE_TARNAME}'
dvidir='${docdir}'
enable_gdb='--enable-gdb'
exec_prefix='${prefix}'
gcc_checking=''
glibc_multilib_names='rv32i-ilp32'
host_alias=''
htmldir='${docdir}'
includedir='${prefix}/include'
infodir='${datarootdir}/info'
libdir='${exec_prefix}/lib'
libexecdir='${exec_prefix}/libexec'
localedir='${datarootdir}/locale'
localstatedir='${prefix}/var'
mandir='${datarootdir}/man'
multilib_flags='--disable-multilib'
multilib_gen=''
newlib_multilib_names='rv32i-ilp32'
oldincludedir='/usr/include'
pdfdir='${docdir}'
prefix='/home/cmaier/EDA/rv32i'
program_transform_name='s,x,x,'
psdir='${docdir}'
runstatedir='${localstatedir}/run'
sbindir='${exec_prefix}/sbin'
sharedstatedir='${prefix}/com'
sysconfdir='${prefix}/etc'
target_alias=''
target_cflags=''
target_cxxflags=''
with_binutils_src='$(srcdir)/riscv-binutils'
with_gcc_src='$(srcdir)/riscv-gcc'
with_gdb_src='$(srcdir)/riscv-gdb'
with_glibc_src='$(srcdir)/riscv-glibc'
with_guile=''
with_linux_headers_src='$(srcdir)/linux-headers/include'
with_musl_src='$(srcdir)/riscv-musl'
with_newlib_src='$(srcdir)/riscv-newlib'
with_system_zlib='--with-system-zlib'

## ----------- ##
## confdefs.h. ##
## ----------- ##

/* confdefs.h */
#define PACKAGE_NAME "riscv-toolchain"
#define PACKAGE_TARNAME "riscv-toolchain"
#define PACKAGE_VERSION "1.0"
#define PACKAGE_STRING "riscv-toolchain 1.0"
#define PACKAGE_BUGREPORT ""
#define PACKAGE_URL ""
#define HAVE_LIBGMP 1
#define HAVE_LIBMPFR 1
#define HAVE_LIBMPC 1

configure: exit 0
