Making install in lib
make[1]: Entering directory '/home/cmaier/EDA/gaw/gaw3-20200922/lib'
make[2]: Entering directory '/home/cmaier/EDA/gaw/gaw3-20200922/lib'
make[2]: Nothing to be done for 'install-exec-am'.
make[2]: Nothing to be done for 'install-data-am'.
make[2]: Leaving directory '/home/cmaier/EDA/gaw/gaw3-20200922/lib'
make[1]: Leaving directory '/home/cmaier/EDA/gaw/gaw3-20200922/lib'
Making install in src
make[1]: Entering directory '/home/cmaier/EDA/gaw/gaw3-20200922/src'
make[2]: Entering directory '/home/cmaier/EDA/gaw/gaw3-20200922/src'
 /usr/bin/mkdir -p '/usr/local/bin'
  /usr/bin/install -c gaw '/usr/local/bin'
 /usr/bin/mkdir -p '/usr/local/share/gaw'
 /usr/bin/install -c -m 644 gaw-gtkrc gaw-gtkrc.css '/usr/local/share/gaw'
make[2]: Leaving directory '/home/cmaier/EDA/gaw/gaw3-20200922/src'
make[1]: Leaving directory '/home/cmaier/EDA/gaw/gaw3-20200922/src'
Making install in po
make[1]: Entering directory '/home/cmaier/EDA/gaw/gaw3-20200922/po'
installing fr.gmo as /usr/local/share/locale/fr/LC_MESSAGES/gaw3.mo
if test "gaw3" = "gettext-tools"; then \
  /usr/bin/mkdir -p /usr/local/share/gettext/po; \
  for file in Makefile.in.in remove-potcdate.sin quot.sed boldquot.sed en@quot.header en@boldquot.header insert-header.sin Rules-quot   Makevars.template; do \
    /usr/bin/install -c -m 644 ./$file \
		    /usr/local/share/gettext/po/$file; \
  done; \
  for file in Makevars; do \
    rm -f /usr/local/share/gettext/po/$file; \
  done; \
else \
  : ; \
fi
make[1]: Leaving directory '/home/cmaier/EDA/gaw/gaw3-20200922/po'
make[1]: Entering directory '/home/cmaier/EDA/gaw/gaw3-20200922'
make[2]: Entering directory '/home/cmaier/EDA/gaw/gaw3-20200922'
make[2]: Nothing to be done for 'install-exec-am'.
 /usr/bin/mkdir -p '/usr/local/share/applications'
 /usr/bin/install -c -m 644 gaw.desktop '/usr/local/share/applications'
 /usr/bin/mkdir -p '/usr/local/share/pixmaps'
 /usr/bin/install -c -m 644 gaw.png '/usr/local/share/pixmaps'
make[2]: Leaving directory '/home/cmaier/EDA/gaw/gaw3-20200922'
make[1]: Leaving directory '/home/cmaier/EDA/gaw/gaw3-20200922'
