/home/cmaier/EDA/precheck/checks/tech-files/sky130A_mr.drc:37: warning: already initialized constant DRC::DRCEngine::BEOL
/home/cmaier/EDA/precheck/checks/tech-files/sky130A_mr.drc:29: warning: previous definition of BEOL was here
"input" in: sky130A_mr.drc:85
    Polygons (raw): 42 (flat)  16 (hierarchical)
    Elapsed: 0.010s  Memory: 521.00M
"polygons" in: sky130A_mr.drc:86
    Polygons (raw): 121 (flat)  47 (hierarchical)
    Elapsed: 0.010s  Memory: 521.00M
"polygons" in: sky130A_mr.drc:87
    Polygons (raw): 30 (flat)  11 (hierarchical)
    Elapsed: 0.010s  Memory: 521.00M
"polygons" in: sky130A_mr.drc:88
    Polygons (raw): 0 (flat)  0 (hierarchical)
    Elapsed: 0.010s  Memory: 521.00M
"polygons" in: sky130A_mr.drc:89
    Polygons (raw): 0 (flat)  0 (hierarchical)
    Elapsed: 0.000s  Memory: 521.00M
"polygons" in: sky130A_mr.drc:90
    Polygons (raw): 0 (flat)  0 (hierarchical)
    Elapsed: 0.010s  Memory: 521.00M
"polygons" in: sky130A_mr.drc:91
    Polygons (raw): 0 (flat)  0 (hierarchical)
    Elapsed: 0.010s  Memory: 521.00M
"polygons" in: sky130A_mr.drc:92
    Polygons (raw): 0 (flat)  0 (hierarchical)
    Elapsed: 0.010s  Memory: 521.00M
"polygons" in: sky130A_mr.drc:93
    Polygons (raw): 0 (flat)  0 (hierarchical)
    Elapsed: 0.010s  Memory: 521.00M
"polygons" in: sky130A_mr.drc:94
    Polygons (raw): 0 (flat)  0 (hierarchical)
    Elapsed: 0.010s  Memory: 521.00M
"polygons" in: sky130A_mr.drc:95
    Polygons (raw): 43 (flat)  18 (hierarchical)
    Elapsed: 0.010s  Memory: 521.00M
"polygons" in: sky130A_mr.drc:96
    Polygons (raw): 0 (flat)  0 (hierarchical)
    Elapsed: 0.000s  Memory: 521.00M
"polygons" in: sky130A_mr.drc:97
    Polygons (raw): 0 (flat)  0 (hierarchical)
    Elapsed: 0.000s  Memory: 521.00M
"polygons" in: sky130A_mr.drc:98
    Polygons (raw): 182 (flat)  82 (hierarchical)
    Elapsed: 0.010s  Memory: 521.00M
"polygons" in: sky130A_mr.drc:99
    Polygons (raw): 20 (flat)  9 (hierarchical)
    Elapsed: 0.020s  Memory: 521.00M
"polygons" in: sky130A_mr.drc:100
    Polygons (raw): 104 (flat)  37 (hierarchical)
    Elapsed: 0.010s  Memory: 521.00M
"polygons" in: sky130A_mr.drc:101
    Polygons (raw): 125 (flat)  58 (hierarchical)
    Elapsed: 0.010s  Memory: 521.00M
"polygons" in: sky130A_mr.drc:102
    Polygons (raw): 0 (flat)  0 (hierarchical)
    Elapsed: 0.000s  Memory: 521.00M
"polygons" in: sky130A_mr.drc:103
    Polygons (raw): 2 (flat)  1 (hierarchical)
    Elapsed: 0.010s  Memory: 521.00M
"polygons" in: sky130A_mr.drc:104
    Polygons (raw): 184 (flat)  85 (hierarchical)
    Elapsed: 0.010s  Memory: 521.00M
"polygons" in: sky130A_mr.drc:105
    Polygons (raw): 7556 (flat)  5572 (hierarchical)
    Elapsed: 0.010s  Memory: 521.00M
"polygons" in: sky130A_mr.drc:107
    Polygons (raw): 655 (flat)  283 (hierarchical)
    Elapsed: 0.010s  Memory: 521.00M
"polygons" in: sky130A_mr.drc:108
    Polygons (raw): 3040 (flat)  1469 (hierarchical)
    Elapsed: 0.010s  Memory: 521.00M
"polygons" in: sky130A_mr.drc:110
    Polygons (raw): 527 (flat)  245 (hierarchical)
    Elapsed: 0.010s  Memory: 521.00M
"polygons" in: sky130A_mr.drc:111
    Polygons (raw): 1551 (flat)  1080 (hierarchical)
    Elapsed: 0.010s  Memory: 521.00M
"polygons" in: sky130A_mr.drc:113
    Polygons (raw): 549 (flat)  522 (hierarchical)
    Elapsed: 0.010s  Memory: 521.00M
"polygons" in: sky130A_mr.drc:114
    Polygons (raw): 1037 (flat)  714 (hierarchical)
    Elapsed: 0.010s  Memory: 521.00M
"polygons" in: sky130A_mr.drc:116
    Polygons (raw): 247 (flat)  229 (hierarchical)
    Elapsed: 0.010s  Memory: 521.00M
"polygons" in: sky130A_mr.drc:117
    Polygons (raw): 63341 (flat)  62282 (hierarchical)
    Elapsed: 0.050s  Memory: 523.00M
"polygons" in: sky130A_mr.drc:119
    Polygons (raw): 50 (flat)  39 (hierarchical)
    Elapsed: 0.010s  Memory: 523.00M
"polygons" in: sky130A_mr.drc:120
    Polygons (raw): 877 (flat)  561 (hierarchical)
    Elapsed: 0.010s  Memory: 523.00M
"polygons" in: sky130A_mr.drc:122
    Polygons (raw): 14 (flat)  9 (hierarchical)
    Elapsed: 0.000s  Memory: 523.00M
"polygons" in: sky130A_mr.drc:124
    Polygons (raw): 0 (flat)  0 (hierarchical)
    Elapsed: 0.000s  Memory: 523.00M
"polygons" in: sky130A_mr.drc:125
    Polygons (raw): 0 (flat)  0 (hierarchical)
    Elapsed: 0.010s  Memory: 523.00M
"polygons" in: sky130A_mr.drc:126
    Polygons (raw): 2 (flat)  1 (hierarchical)
    Elapsed: 0.010s  Memory: 523.00M
"polygons" in: sky130A_mr.drc:127
    Polygons (raw): 2 (flat)  1 (hierarchical)
    Elapsed: 0.010s  Memory: 523.00M
"polygons" in: sky130A_mr.drc:128
    Polygons (raw): 0 (flat)  0 (hierarchical)
    Elapsed: 0.010s  Memory: 523.00M
"polygons" in: sky130A_mr.drc:129
    Polygons (raw): 0 (flat)  0 (hierarchical)
    Elapsed: 0.010s  Memory: 523.00M
"polygons" in: sky130A_mr.drc:130
    Polygons (raw): 0 (flat)  0 (hierarchical)
    Elapsed: 0.010s  Memory: 523.00M
"polygons" in: sky130A_mr.drc:131
    Polygons (raw): 0 (flat)  0 (hierarchical)
    Elapsed: 0.000s  Memory: 523.00M
"polygons" in: sky130A_mr.drc:132
    Polygons (raw): 0 (flat)  0 (hierarchical)
    Elapsed: 0.010s  Memory: 523.00M
"polygons" in: sky130A_mr.drc:133
    Polygons (raw): 0 (flat)  0 (hierarchical)
    Elapsed: 0.010s  Memory: 523.00M
"polygons" in: sky130A_mr.drc:134
    Polygons (raw): 0 (flat)  0 (hierarchical)
    Elapsed: 0.010s  Memory: 523.00M
"polygons" in: sky130A_mr.drc:135
    Polygons (raw): 0 (flat)  0 (hierarchical)
    Elapsed: 0.010s  Memory: 523.00M
"polygons" in: sky130A_mr.drc:136
    Polygons (raw): 0 (flat)  0 (hierarchical)
    Elapsed: 0.000s  Memory: 523.00M
"polygons" in: sky130A_mr.drc:137
    Polygons (raw): 0 (flat)  0 (hierarchical)
    Elapsed: 0.010s  Memory: 523.00M
"polygons" in: sky130A_mr.drc:138
    Polygons (raw): 0 (flat)  0 (hierarchical)
    Elapsed: 0.010s  Memory: 523.00M
"polygons" in: sky130A_mr.drc:139
    Polygons (raw): 0 (flat)  0 (hierarchical)
    Elapsed: 0.010s  Memory: 523.00M
"polygons" in: sky130A_mr.drc:140
    Polygons (raw): 0 (flat)  0 (hierarchical)
    Elapsed: 0.010s  Memory: 523.00M
"polygons" in: sky130A_mr.drc:141
    Polygons (raw): 10 (flat)  4 (hierarchical)
    Elapsed: 0.010s  Memory: 523.00M
"polygons" in: sky130A_mr.drc:142
    Polygons (raw): 0 (flat)  0 (hierarchical)
    Elapsed: 0.010s  Memory: 523.00M
"polygons" in: sky130A_mr.drc:143
    Polygons (raw): 0 (flat)  0 (hierarchical)
    Elapsed: 0.010s  Memory: 523.00M
"polygons" in: sky130A_mr.drc:144
    Polygons (raw): 0 (flat)  0 (hierarchical)
    Elapsed: 0.000s  Memory: 523.00M
"polygons" in: sky130A_mr.drc:145
    Polygons (raw): 0 (flat)  0 (hierarchical)
    Elapsed: 0.010s  Memory: 523.00M
"polygons" in: sky130A_mr.drc:146
    Polygons (raw): 0 (flat)  0 (hierarchical)
    Elapsed: 0.010s  Memory: 523.00M
"polygons" in: sky130A_mr.drc:147
    Polygons (raw): 0 (flat)  0 (hierarchical)
    Elapsed: 0.010s  Memory: 523.00M
"polygons" in: sky130A_mr.drc:148
    Polygons (raw): 0 (flat)  0 (hierarchical)
    Elapsed: 0.010s  Memory: 523.00M
"polygons" in: sky130A_mr.drc:149
    Polygons (raw): 1 (flat)  1 (hierarchical)
    Elapsed: 0.010s  Memory: 523.00M
"polygons" in: sky130A_mr.drc:150
    Polygons (raw): 0 (flat)  0 (hierarchical)
    Elapsed: 0.010s  Memory: 523.00M
"polygons" in: sky130A_mr.drc:151
    Polygons (raw): 0 (flat)  0 (hierarchical)
    Elapsed: 0.000s  Memory: 523.00M
"polygons" in: sky130A_mr.drc:152
    Polygons (raw): 0 (flat)  0 (hierarchical)
    Elapsed: 0.010s  Memory: 523.00M
"polygons" in: sky130A_mr.drc:153
    Polygons (raw): 0 (flat)  0 (hierarchical)
    Elapsed: 0.010s  Memory: 523.00M
"polygons" in: sky130A_mr.drc:154
    Polygons (raw): 0 (flat)  0 (hierarchical)
    Elapsed: 0.010s  Memory: 523.00M
"polygons" in: sky130A_mr.drc:155
    Polygons (raw): 0 (flat)  0 (hierarchical)
    Elapsed: 0.010s  Memory: 523.00M
"polygons" in: sky130A_mr.drc:156
    Polygons (raw): 0 (flat)  0 (hierarchical)
    Elapsed: 0.000s  Memory: 523.00M
"polygons" in: sky130A_mr.drc:157
    Polygons (raw): 0 (flat)  0 (hierarchical)
    Elapsed: 0.010s  Memory: 523.00M
"polygons" in: sky130A_mr.drc:158
    Polygons (raw): 0 (flat)  0 (hierarchical)
    Elapsed: 0.010s  Memory: 523.00M
"polygons" in: sky130A_mr.drc:159
    Polygons (raw): 0 (flat)  0 (hierarchical)
    Elapsed: 0.010s  Memory: 523.00M
"polygons" in: sky130A_mr.drc:160
    Polygons (raw): 0 (flat)  0 (hierarchical)
    Elapsed: 0.010s  Memory: 523.00M
"polygons" in: sky130A_mr.drc:161
    Polygons (raw): 0 (flat)  0 (hierarchical)
    Elapsed: 0.010s  Memory: 523.00M
"polygons" in: sky130A_mr.drc:162
    Polygons (raw): 0 (flat)  0 (hierarchical)
    Elapsed: 0.010s  Memory: 523.00M
"polygons" in: sky130A_mr.drc:163
    Polygons (raw): 0 (flat)  0 (hierarchical)
    Elapsed: 0.010s  Memory: 523.00M
"polygons" in: sky130A_mr.drc:164
    Polygons (raw): 0 (flat)  0 (hierarchical)
    Elapsed: 0.010s  Memory: 523.00M
"polygons" in: sky130A_mr.drc:165
    Polygons (raw): 0 (flat)  0 (hierarchical)
    Elapsed: 0.020s  Memory: 523.00M
"polygons" in: sky130A_mr.drc:166
    Polygons (raw): 0 (flat)  0 (hierarchical)
    Elapsed: 0.010s  Memory: 523.00M
"polygons" in: sky130A_mr.drc:167
    Polygons (raw): 0 (flat)  0 (hierarchical)
    Elapsed: 0.010s  Memory: 523.00M
"polygons" in: sky130A_mr.drc:168
    Polygons (raw): 0 (flat)  0 (hierarchical)
    Elapsed: 0.010s  Memory: 523.00M
"polygons" in: sky130A_mr.drc:169
    Polygons (raw): 0 (flat)  0 (hierarchical)
    Elapsed: 0.010s  Memory: 523.00M
"polygons" in: sky130A_mr.drc:170
    Polygons (raw): 0 (flat)  0 (hierarchical)
    Elapsed: 0.010s  Memory: 523.00M
"polygons" in: sky130A_mr.drc:171
    Polygons (raw): 0 (flat)  0 (hierarchical)
    Elapsed: 0.010s  Memory: 523.00M
"polygons" in: sky130A_mr.drc:172
    Polygons (raw): 56 (flat)  28 (hierarchical)
    Elapsed: 0.010s  Memory: 523.00M
"polygons" in: sky130A_mr.drc:173
    Polygons (raw): 4 (flat)  2 (hierarchical)
    Elapsed: 0.010s  Memory: 523.00M
"polygons" in: sky130A_mr.drc:174
    Polygons (raw): 0 (flat)  0 (hierarchical)
    Elapsed: 0.000s  Memory: 523.00M
"polygons" in: sky130A_mr.drc:175
    Polygons (raw): 0 (flat)  0 (hierarchical)
    Elapsed: 0.010s  Memory: 523.00M
"polygons" in: sky130A_mr.drc:176
    Polygons (raw): 0 (flat)  0 (hierarchical)
    Elapsed: 0.010s  Memory: 523.00M
DRC section
BEOL section
li
"not" in: sky130A_mr.drc:328
    Polygons (raw): 655 (flat)  283 (hierarchical)
    Elapsed: 0.010s  Memory: 523.00M
"width" in: sky130A_mr.drc:329
    Edge pairs: 0 (flat)  0 (hierarchical)
    Elapsed: 0.010s  Memory: 523.00M
"output" in: sky130A_mr.drc:329
    Edge pairs: 0 (flat)  0 (hierarchical)
    Elapsed: 0.010s  Memory: 523.00M
"space" in: sky130A_mr.drc:332
    Edge pairs: 0 (flat)  0 (hierarchical)
    Elapsed: 0.030s  Memory: 1067.00M
"output" in: sky130A_mr.drc:332
    Edge pairs: 0 (flat)  0 (hierarchical)
    Elapsed: 0.020s  Memory: 1067.00M
"not" in: sky130A_mr.drc:334
    Polygons (raw): 7556 (flat)  5572 (hierarchical)
    Elapsed: 0.000s  Memory: 1067.00M
"enclosing" in: sky130A_mr.drc:335
    Edge pairs: 898 (flat)  439 (hierarchical)
    Elapsed: 0.180s  Memory: 1067.00M
"second_edges" in: sky130A_mr.drc:335
    Edges: 898 (flat)  439 (hierarchical)
    Elapsed: 0.010s  Memory: 1067.00M
"width" in: sky130A_mr.drc:336
    Edge pairs: 0 (flat)  0 (hierarchical)
    Elapsed: 0.010s  Memory: 1067.00M
"polygons" in: sky130A_mr.drc:337
    Polygons (raw): 0 (flat)  0 (hierarchical)
    Elapsed: 0.010s  Memory: 1067.00M
"interacting" in: sky130A_mr.drc:337
    Polygons (raw): 0 (flat)  0 (hierarchical)
    Elapsed: 0.070s  Memory: 1067.00M
"output" in: sky130A_mr.drc:338
    Polygons (raw): 0 (flat)  0 (hierarchical)
    Elapsed: 0.010s  Memory: 1067.00M
"with_area" in: sky130A_mr.drc:340
    Polygons (raw): 0 (flat)  0 (hierarchical)
    Elapsed: 0.010s  Memory: 1067.00M
"output" in: sky130A_mr.drc:340
    Polygons (raw): 0 (flat)  0 (hierarchical)
    Elapsed: 0.010s  Memory: 1067.00M
mcon
"not" in: sky130A_mr.drc:344
    Polygons (raw): 3040 (flat)  1469 (hierarchical)
    Elapsed: 0.000s  Memory: 1067.00M
"edges" in: sky130A_mr.drc:346
    Edges: 11216 (flat)  5564 (hierarchical)
    Elapsed: 0.040s  Memory: 1067.00M
"without_length" in: sky130A_mr.drc:346
    Edges: 0 (flat)  0 (hierarchical)
    Elapsed: 0.030s  Memory: 1069.00M
"output" in: sky130A_mr.drc:346
    Edges: 0 (flat)  0 (hierarchical)
    Elapsed: 0.000s  Memory: 1069.00M
"space" in: sky130A_mr.drc:348
    Edge pairs: 0 (flat)  0 (hierarchical)
    Elapsed: 0.050s  Memory: 1069.00M
"output" in: sky130A_mr.drc:348
    Edge pairs: 0 (flat)  0 (hierarchical)
    Elapsed: 0.020s  Memory: 1069.00M
"not" in: sky130A_mr.drc:351
    Polygons (raw): 0 (flat)  0 (hierarchical)
    Elapsed: 0.030s  Memory: 1069.00M
"output" in: sky130A_mr.drc:351
    Polygons (raw): 0 (flat)  0 (hierarchical)
    Elapsed: 0.010s  Memory: 1069.00M
m1
"width" in: sky130A_mr.drc:355
    Edge pairs: 0 (flat)  0 (hierarchical)
    Elapsed: 0.010s  Memory: 1069.00M
"output" in: sky130A_mr.drc:355
    Edge pairs: 0 (flat)  0 (hierarchical)
    Elapsed: 0.000s  Memory: 1069.00M
"sized" in: sky130A_mr.drc:357
    Polygons (raw): 3 (flat)  2 (hierarchical)
    Elapsed: 0.010s  Memory: 1069.00M
"sized" in: sky130A_mr.drc:357
    Polygons (raw): 3 (flat)  2 (hierarchical)
    Elapsed: 0.020s  Memory: 1069.00M
"snap" in: sky130A_mr.drc:357
    Polygons (raw): 3 (flat)  3 (hierarchical)
    Elapsed: 0.010s  Memory: 1069.00M
"&" in: sky130A_mr.drc:357
    Polygons (raw): 3 (flat)  3 (hierarchical)
    Elapsed: 0.010s  Memory: 1069.00M
"edges" in: sky130A_mr.drc:358
    Edges: 1788 (flat)  1734 (hierarchical)
    Elapsed: 0.050s  Memory: 1069.00M
"-" in: sky130A_mr.drc:358
    Edges: 1776 (flat)  1722 (hierarchical)
    Elapsed: 0.020s  Memory: 1069.00M
"edges" in: sky130A_mr.drc:359
    Edges: 12 (flat)  12 (hierarchical)
    Elapsed: 0.020s  Memory: 1069.00M
"merged" in: sky130A_mr.drc:359
    Polygons (raw): 47 (flat)  47 (hierarchical)
    Elapsed: 0.010s  Memory: 1069.00M
"outside_part" in: sky130A_mr.drc:359
    Edges: 14 (flat)  14 (hierarchical)
    Elapsed: 0.010s  Memory: 1069.00M
"space" in: sky130A_mr.drc:361
    Edge pairs: 0 (flat)  0 (hierarchical)
    Elapsed: 0.040s  Memory: 1069.00M
"output" in: sky130A_mr.drc:361
    Edge pairs: 0 (flat)  0 (hierarchical)
    Elapsed: 0.010s  Memory: 1069.00M
"separation" in: sky130A_mr.drc:363
    Edge pairs: 0 (flat)  0 (hierarchical)
    Elapsed: 0.020s  Memory: 1069.00M
"space" in: sky130A_mr.drc:363
    Edge pairs: 0 (flat)  0 (hierarchical)
    Elapsed: 0.020s  Memory: 1069.00M
"+" in: sky130A_mr.drc:363
    Edge pairs: 0 (flat)  0 (hierarchical)
    Elapsed: 0.010s  Memory: 1069.00M
"output" in: sky130A_mr.drc:363
    Edge pairs: 0 (flat)  0 (hierarchical)
    Elapsed: 0.020s  Memory: 1069.00M
"input" in: sky130A_mr.drc:366
    Polygons (raw): 527 (flat)  489 (hierarchical)
    Elapsed: 0.010s  Memory: 1069.00M
"enclosing" in: sky130A_mr.drc:371
    Edge pairs: 0 (flat)  0 (hierarchical)
    Elapsed: 0.070s  Memory: 1069.00M
"output" in: sky130A_mr.drc:371
    Edge pairs: 0 (flat)  0 (hierarchical)
    Elapsed: 0.020s  Memory: 1069.00M
"not" in: sky130A_mr.drc:372
    Polygons (raw): 0 (flat)  0 (hierarchical)
    Elapsed: 0.040s  Memory: 1069.00M
"output" in: sky130A_mr.drc:372
    Polygons (raw): 0 (flat)  0 (hierarchical)
    Elapsed: 0.010s  Memory: 1069.00M
"input" in: sky130A_mr.drc:374
    Polygons (raw): 527 (flat)  489 (hierarchical)
    Elapsed: 0.010s  Memory: 1069.00M
"enclosing" in: sky130A_mr.drc:375
    Edge pairs: 0 (flat)  0 (hierarchical)
    Elapsed: 0.070s  Memory: 1069.00M
"output" in: sky130A_mr.drc:375
    Edge pairs: 0 (flat)  0 (hierarchical)
    Elapsed: 0.010s  Memory: 1069.00M
"with_area" in: sky130A_mr.drc:377
    Polygons (raw): 0 (flat)  0 (hierarchical)
    Elapsed: 0.010s  Memory: 1069.00M
"output" in: sky130A_mr.drc:377
    Polygons (raw): 0 (flat)  0 (hierarchical)
    Elapsed: 0.010s  Memory: 1069.00M
"holes" in: sky130A_mr.drc:379
    Polygons (raw): 16 (flat)  16 (hierarchical)
    Elapsed: 0.010s  Memory: 1069.00M
"with_area" in: sky130A_mr.drc:379
    Polygons (raw): 0 (flat)  0 (hierarchical)
    Elapsed: 0.010s  Memory: 1069.00M
"output" in: sky130A_mr.drc:379
    Polygons (raw): 0 (flat)  0 (hierarchical)
    Elapsed: 0.010s  Memory: 1069.00M
"enclosing" in: sky130A_mr.drc:382
    Edge pairs: 394 (flat)  394 (hierarchical)
    Elapsed: 0.040s  Memory: 1069.00M
"polygons" in: sky130A_mr.drc:382
    Polygons (raw): 386 (flat)  386 (hierarchical)
    Elapsed: 0.010s  Memory: 1069.00M
"interacting" in: sky130A_mr.drc:382
    Polygons (raw): 0 (flat)  0 (hierarchical)
    Elapsed: 0.020s  Memory: 1069.00M
"enclosing" in: sky130A_mr.drc:383
    Edge pairs: 1376 (flat)  1376 (hierarchical)
    Elapsed: 0.090s  Memory: 1069.00M
"second_edges" in: sky130A_mr.drc:383
    Edges: 1376 (flat)  1376 (hierarchical)
    Elapsed: 0.010s  Memory: 1069.00M
"edges" in: sky130A_mr.drc:384
    Edges: 11216 (flat)  10168 (hierarchical)
    Elapsed: 0.040s  Memory: 1069.00M
"-" in: sky130A_mr.drc:384
    Edges: 9986 (flat)  9188 (hierarchical)
    Elapsed: 0.040s  Memory: 1069.00M
"width" in: sky130A_mr.drc:384
    Edge pairs: 4628 (flat)  4312 (hierarchical)
    Elapsed: 0.100s  Memory: 1072.00M
"polygons" in: sky130A_mr.drc:384
    Polygons (raw): 4628 (flat)  4312 (hierarchical)
    Elapsed: 0.010s  Memory: 1072.00M
"not_interacting" in: sky130A_mr.drc:385
    Polygons (raw): 0 (flat)  0 (hierarchical)
    Elapsed: 0.010s  Memory: 1072.00M
"output" in: sky130A_mr.drc:385
    Polygons (raw): 0 (flat)  0 (hierarchical)
    Elapsed: 0.010s  Memory: 1072.00M
via
"drc" in: sky130A_mr.drc:390
    Polygons (raw): 0 (flat)  0 (hierarchical)
    Elapsed: 0.040s  Memory: 1072.00M
"not" in: sky130A_mr.drc:391
    Polygons (raw): 1551 (flat)  1551 (hierarchical)
    Elapsed: 0.010s  Memory: 1072.00M
"not" in: sky130A_mr.drc:392
    Polygons (raw): 1551 (flat)  1551 (hierarchical)
    Elapsed: 0.010s  Memory: 1072.00M
"non_rectangles" in: sky130A_mr.drc:394
    Polygons (raw): 0 (flat)  0 (hierarchical)
    Elapsed: 0.010s  Memory: 1072.00M
"output" in: sky130A_mr.drc:394
    Polygons (raw): 0 (flat)  0 (hierarchical)
    Elapsed: 0.010s  Memory: 1072.00M
"width" in: sky130A_mr.drc:395
    Edge pairs: 0 (flat)  0 (hierarchical)
    Elapsed: 0.010s  Memory: 1072.00M
"output" in: sky130A_mr.drc:395
    Edge pairs: 0 (flat)  0 (hierarchical)
    Elapsed: 0.010s  Memory: 1072.00M
"edges" in: sky130A_mr.drc:396
    Edges: 6204 (flat)  6204 (hierarchical)
    Elapsed: 0.040s  Memory: 1072.00M
"without_length" in: sky130A_mr.drc:396
    Edges: 0 (flat)  0 (hierarchical)
    Elapsed: 0.030s  Memory: 1072.00M
"output" in: sky130A_mr.drc:396
    Edges: 0 (flat)  0 (hierarchical)
    Elapsed: 0.010s  Memory: 1072.00M
"space" in: sky130A_mr.drc:398
    Edge pairs: 0 (flat)  0 (hierarchical)
    Elapsed: 0.020s  Memory: 1072.00M
"output" in: sky130A_mr.drc:398
    Edge pairs: 0 (flat)  0 (hierarchical)
    Elapsed: 0.020s  Memory: 1072.00M
"width" in: sky130A_mr.drc:400
    Edge pairs: 0 (flat)  0 (hierarchical)
    Elapsed: 0.010s  Memory: 1072.00M
"output" in: sky130A_mr.drc:400
    Edge pairs: 0 (flat)  0 (hierarchical)
    Elapsed: 0.010s  Memory: 1072.00M
"drc" in: sky130A_mr.drc:401
    Edge pairs: 0 (flat)  0 (hierarchical)
    Elapsed: 0.010s  Memory: 1072.00M
"output" in: sky130A_mr.drc:401
    Edge pairs: 0 (flat)  0 (hierarchical)
    Elapsed: 0.010s  Memory: 1072.00M
"not" in: sky130A_mr.drc:403
    Polygons (raw): 0 (flat)  0 (hierarchical)
    Elapsed: 0.010s  Memory: 1072.00M
"output" in: sky130A_mr.drc:403
    Polygons (raw): 0 (flat)  0 (hierarchical)
    Elapsed: 0.010s  Memory: 1072.00M
"edges" in: sky130A_mr.drc:405
    Edges: 6204 (flat)  6204 (hierarchical)
    Elapsed: 0.040s  Memory: 1072.00M
"without_length" in: sky130A_mr.drc:405
    Edges: 0 (flat)  0 (hierarchical)
    Elapsed: 0.020s  Memory: 1072.00M
"not_interacting" in: sky130A_mr.drc:405
    Polygons (raw): 1551 (flat)  1551 (hierarchical)
    Elapsed: 0.020s  Memory: 1072.00M
"enclosing" in: sky130A_mr.drc:405
    Edge pairs: 0 (flat)  0 (hierarchical)
    Elapsed: 0.030s  Memory: 1072.00M
"output" in: sky130A_mr.drc:405
    Edge pairs: 0 (flat)  0 (hierarchical)
    Elapsed: 0.020s  Memory: 1072.00M
"squares" in: sky130A_mr.drc:406
    Polygons (raw): 1551 (flat)  1551 (hierarchical)
    Elapsed: 0.010s  Memory: 1072.00M
"edges" in: sky130A_mr.drc:406
    Edges: 6204 (flat)  6204 (hierarchical)
    Elapsed: 0.040s  Memory: 1072.00M
"with_length" in: sky130A_mr.drc:406
    Edges: 6204 (flat)  6204 (hierarchical)
    Elapsed: 0.030s  Memory: 1072.00M
"not" in: sky130A_mr.drc:406
    Edges: 0 (flat)  0 (hierarchical)
    Elapsed: 0.060s  Memory: 1072.00M
"output" in: sky130A_mr.drc:406
    Edges: 0 (flat)  0 (hierarchical)
    Elapsed: 0.020s  Memory: 1072.00M
"edges" in: sky130A_mr.drc:408
    Edges: 6204 (flat)  6204 (hierarchical)
    Elapsed: 0.030s  Memory: 1072.00M
"without_length" in: sky130A_mr.drc:408
    Edges: 0 (flat)  0 (hierarchical)
    Elapsed: 0.030s  Memory: 1072.00M
"not_interacting" in: sky130A_mr.drc:408
    Polygons (raw): 1551 (flat)  1551 (hierarchical)
    Elapsed: 0.020s  Memory: 1072.00M
"enclosing" in: sky130A_mr.drc:408
    Edge pairs: 34 (flat)  34 (hierarchical)
    Elapsed: 0.040s  Memory: 1072.00M
"second_edges" in: sky130A_mr.drc:408
    Edges: 34 (flat)  34 (hierarchical)
    Elapsed: 0.010s  Memory: 1072.00M
"edges" in: sky130A_mr.drc:409
    Edges: 6204 (flat)  6204 (hierarchical)
    Elapsed: 0.040s  Memory: 1072.00M
"without_length" in: sky130A_mr.drc:409
    Edges: 0 (flat)  0 (hierarchical)
    Elapsed: 0.030s  Memory: 1073.00M
"not_interacting" in: sky130A_mr.drc:409
    Polygons (raw): 1551 (flat)  1551 (hierarchical)
    Elapsed: 0.020s  Memory: 1073.00M
"edges" in: sky130A_mr.drc:409
    Edges: 6204 (flat)  6204 (hierarchical)
    Elapsed: 0.040s  Memory: 1073.00M
"-" in: sky130A_mr.drc:409
    Edges: 6170 (flat)  6170 (hierarchical)
    Elapsed: 0.030s  Memory: 1073.00M
"width" in: sky130A_mr.drc:409
    Edge pairs: 3084 (flat)  3084 (hierarchical)
    Elapsed: 0.080s  Memory: 1073.00M
"polygons" in: sky130A_mr.drc:409
    Polygons (raw): 3084 (flat)  3084 (hierarchical)
    Elapsed: 0.010s  Memory: 1073.00M
"edges" in: sky130A_mr.drc:410
    Edges: 6204 (flat)  6204 (hierarchical)
    Elapsed: 0.030s  Memory: 1073.00M
"without_length" in: sky130A_mr.drc:410
    Edges: 0 (flat)  0 (hierarchical)
    Elapsed: 0.030s  Memory: 1073.00M
"not_interacting" in: sky130A_mr.drc:410
    Polygons (raw): 1551 (flat)  1551 (hierarchical)
    Elapsed: 0.020s  Memory: 1073.00M
"not_interacting" in: sky130A_mr.drc:410
    Polygons (raw): 0 (flat)  0 (hierarchical)
    Elapsed: 0.040s  Memory: 1073.00M
"output" in: sky130A_mr.drc:410
    Polygons (raw): 0 (flat)  0 (hierarchical)
    Elapsed: 0.020s  Memory: 1073.00M
m2
"width" in: sky130A_mr.drc:415
    Edge pairs: 0 (flat)  0 (hierarchical)
    Elapsed: 0.010s  Memory: 1073.00M
"output" in: sky130A_mr.drc:415
    Edge pairs: 0 (flat)  0 (hierarchical)
    Elapsed: 0.000s  Memory: 1073.00M
"sized" in: sky130A_mr.drc:417
    Polygons (raw): 3 (flat)  3 (hierarchical)
    Elapsed: 0.010s  Memory: 1073.00M
"sized" in: sky130A_mr.drc:417
    Polygons (raw): 3 (flat)  3 (hierarchical)
    Elapsed: 0.010s  Memory: 1073.00M
"snap" in: sky130A_mr.drc:417
    Polygons (raw): 3 (flat)  3 (hierarchical)
    Elapsed: 0.010s  Memory: 1073.00M
"&" in: sky130A_mr.drc:417
    Polygons (raw): 3 (flat)  3 (hierarchical)
    Elapsed: 0.020s  Memory: 1073.00M
"edges" in: sky130A_mr.drc:418
    Edges: 2184 (flat)  2184 (hierarchical)
    Elapsed: 0.020s  Memory: 1073.00M
"-" in: sky130A_mr.drc:418
    Edges: 2172 (flat)  2172 (hierarchical)
    Elapsed: 0.020s  Memory: 1073.00M
"edges" in: sky130A_mr.drc:419
    Edges: 12 (flat)  12 (hierarchical)
    Elapsed: 0.020s  Memory: 1073.00M
"merged" in: sky130A_mr.drc:419
    Polygons (raw): 523 (flat)  523 (hierarchical)
    Elapsed: 0.010s  Memory: 1073.00M
"outside_part" in: sky130A_mr.drc:419
    Edges: 12 (flat)  12 (hierarchical)
    Elapsed: 0.020s  Memory: 1073.00M
"not" in: sky130A_mr.drc:420
    Polygons (raw): 1551 (flat)  1551 (hierarchical)
    Elapsed: 0.010s  Memory: 1073.00M
"space" in: sky130A_mr.drc:422
    Edge pairs: 0 (flat)  0 (hierarchical)
    Elapsed: 0.020s  Memory: 1073.00M
"output" in: sky130A_mr.drc:422
    Edge pairs: 0 (flat)  0 (hierarchical)
    Elapsed: 0.020s  Memory: 1073.00M
"separation" in: sky130A_mr.drc:424
    Edge pairs: 0 (flat)  0 (hierarchical)
    Elapsed: 0.020s  Memory: 1073.00M
"space" in: sky130A_mr.drc:424
    Edge pairs: 0 (flat)  0 (hierarchical)
    Elapsed: 0.010s  Memory: 1073.00M
"+" in: sky130A_mr.drc:424
    Edge pairs: 0 (flat)  0 (hierarchical)
    Elapsed: 0.010s  Memory: 1073.00M
"output" in: sky130A_mr.drc:424
    Edge pairs: 0 (flat)  0 (hierarchical)
    Elapsed: 0.010s  Memory: 1073.00M
"with_area" in: sky130A_mr.drc:427
    Polygons (raw): 0 (flat)  0 (hierarchical)
    Elapsed: 0.010s  Memory: 1073.00M
"output" in: sky130A_mr.drc:427
    Polygons (raw): 0 (flat)  0 (hierarchical)
    Elapsed: 0.010s  Memory: 1073.00M
"holes" in: sky130A_mr.drc:428
    Polygons (raw): 0 (flat)  0 (hierarchical)
    Elapsed: 0.010s  Memory: 1073.00M
"with_area" in: sky130A_mr.drc:428
    Polygons (raw): 0 (flat)  0 (hierarchical)
    Elapsed: 0.010s  Memory: 1073.00M
"output" in: sky130A_mr.drc:428
    Polygons (raw): 0 (flat)  0 (hierarchical)
    Elapsed: 0.000s  Memory: 1073.00M
"enclosing" in: sky130A_mr.drc:431
    Edge pairs: 0 (flat)  0 (hierarchical)
    Elapsed: 0.030s  Memory: 1073.00M
"output" in: sky130A_mr.drc:431
    Edge pairs: 0 (flat)  0 (hierarchical)
    Elapsed: 0.010s  Memory: 1073.00M
"not" in: sky130A_mr.drc:433
    Polygons (raw): 0 (flat)  0 (hierarchical)
    Elapsed: 0.030s  Memory: 1073.00M
"output" in: sky130A_mr.drc:433
    Polygons (raw): 0 (flat)  0 (hierarchical)
    Elapsed: 0.010s  Memory: 1073.00M
"enclosing" in: sky130A_mr.drc:436
    Edge pairs: 4 (flat)  4 (hierarchical)
    Elapsed: 0.040s  Memory: 1073.00M
"second_edges" in: sky130A_mr.drc:436
    Edges: 4 (flat)  4 (hierarchical)
    Elapsed: 0.010s  Memory: 1073.00M
"width" in: sky130A_mr.drc:437
    Edge pairs: 0 (flat)  0 (hierarchical)
    Elapsed: 0.020s  Memory: 1073.00M
"polygons" in: sky130A_mr.drc:438
    Polygons (raw): 0 (flat)  0 (hierarchical)
    Elapsed: 0.020s  Memory: 1073.00M
"interacting" in: sky130A_mr.drc:438
    Polygons (raw): 0 (flat)  0 (hierarchical)
    Elapsed: 0.010s  Memory: 1073.00M
"output" in: sky130A_mr.drc:439
    Polygons (raw): 0 (flat)  0 (hierarchical)
    Elapsed: 0.010s  Memory: 1073.00M
via2
"drc" in: sky130A_mr.drc:449
    Polygons (raw): 0 (flat)  0 (hierarchical)
    Elapsed: 0.030s  Memory: 1073.00M
"not" in: sky130A_mr.drc:450
    Polygons (raw): 1037 (flat)  1037 (hierarchical)
    Elapsed: 0.020s  Memory: 1073.00M
"not" in: sky130A_mr.drc:451
    Polygons (raw): 1037 (flat)  1037 (hierarchical)
    Elapsed: 0.010s  Memory: 1073.00M
"non_rectangles" in: sky130A_mr.drc:452
    Polygons (raw): 0 (flat)  0 (hierarchical)
    Elapsed: 0.010s  Memory: 1073.00M
"output" in: sky130A_mr.drc:452
    Polygons (raw): 0 (flat)  0 (hierarchical)
    Elapsed: 0.010s  Memory: 1073.00M
"width" in: sky130A_mr.drc:453
    Edge pairs: 0 (flat)  0 (hierarchical)
    Elapsed: 0.020s  Memory: 1073.00M
"output" in: sky130A_mr.drc:453
    Edge pairs: 0 (flat)  0 (hierarchical)
    Elapsed: 0.000s  Memory: 1073.00M
"edges" in: sky130A_mr.drc:454
    Edges: 4148 (flat)  4148 (hierarchical)
    Elapsed: 0.020s  Memory: 1073.00M
"without_length" in: sky130A_mr.drc:454
    Edges: 0 (flat)  0 (hierarchical)
    Elapsed: 0.020s  Memory: 1073.00M
"output" in: sky130A_mr.drc:454
    Edges: 0 (flat)  0 (hierarchical)
    Elapsed: 0.010s  Memory: 1073.00M
"space" in: sky130A_mr.drc:456
    Edge pairs: 0 (flat)  0 (hierarchical)
    Elapsed: 0.020s  Memory: 1073.00M
"output" in: sky130A_mr.drc:456
    Edge pairs: 0 (flat)  0 (hierarchical)
    Elapsed: 0.010s  Memory: 1073.00M
"width" in: sky130A_mr.drc:457
    Edge pairs: 0 (flat)  0 (hierarchical)
    Elapsed: 0.010s  Memory: 1073.00M
"output" in: sky130A_mr.drc:457
    Edge pairs: 0 (flat)  0 (hierarchical)
    Elapsed: 0.010s  Memory: 1073.00M
"drc" in: sky130A_mr.drc:458
    Edge pairs: 0 (flat)  0 (hierarchical)
    Elapsed: 0.020s  Memory: 1073.00M
"output" in: sky130A_mr.drc:458
    Edge pairs: 0 (flat)  0 (hierarchical)
    Elapsed: 0.010s  Memory: 1073.00M
"not" in: sky130A_mr.drc:459
    Polygons (raw): 0 (flat)  0 (hierarchical)
    Elapsed: 0.010s  Memory: 1073.00M
"output" in: sky130A_mr.drc:459
    Polygons (raw): 0 (flat)  0 (hierarchical)
    Elapsed: 0.000s  Memory: 1073.00M
"enclosing" in: sky130A_mr.drc:460
    Edge pairs: 0 (flat)  0 (hierarchical)
    Elapsed: 0.040s  Memory: 1073.00M
"output" in: sky130A_mr.drc:460
    Edge pairs: 0 (flat)  0 (hierarchical)
    Elapsed: 0.010s  Memory: 1073.00M
"not" in: sky130A_mr.drc:462
    Polygons (raw): 0 (flat)  0 (hierarchical)
    Elapsed: 0.030s  Memory: 1073.00M
"output" in: sky130A_mr.drc:462
    Polygons (raw): 0 (flat)  0 (hierarchical)
    Elapsed: 0.010s  Memory: 1073.00M
"enclosing" in: sky130A_mr.drc:464
    Edge pairs: 16 (flat)  16 (hierarchical)
    Elapsed: 0.040s  Memory: 1073.00M
"second_edges" in: sky130A_mr.drc:464
    Edges: 16 (flat)  16 (hierarchical)
    Elapsed: 0.010s  Memory: 1073.00M
"width" in: sky130A_mr.drc:465
    Edge pairs: 0 (flat)  0 (hierarchical)
    Elapsed: 0.010s  Memory: 1073.00M
"polygons" in: sky130A_mr.drc:466
    Polygons (raw): 0 (flat)  0 (hierarchical)
    Elapsed: 0.020s  Memory: 1073.00M
"interacting" in: sky130A_mr.drc:466
    Polygons (raw): 0 (flat)  0 (hierarchical)
    Elapsed: 0.020s  Memory: 1073.00M
"output" in: sky130A_mr.drc:467
    Polygons (raw): 0 (flat)  0 (hierarchical)
    Elapsed: 0.010s  Memory: 1073.00M
m3
"width" in: sky130A_mr.drc:472
    Edge pairs: 0 (flat)  0 (hierarchical)
    Elapsed: 0.010s  Memory: 1073.00M
"output" in: sky130A_mr.drc:472
    Edge pairs: 0 (flat)  0 (hierarchical)
    Elapsed: 0.010s  Memory: 1073.00M
"sized" in: sky130A_mr.drc:474
    Polygons (raw): 44 (flat)  44 (hierarchical)
    Elapsed: 0.010s  Memory: 1073.00M
"sized" in: sky130A_mr.drc:474
    Polygons (raw): 44 (flat)  44 (hierarchical)
    Elapsed: 0.010s  Memory: 1073.00M
"snap" in: sky130A_mr.drc:474
    Polygons (raw): 44 (flat)  44 (hierarchical)
    Elapsed: 0.010s  Memory: 1073.00M
"&" in: sky130A_mr.drc:474
    Polygons (raw): 44 (flat)  44 (hierarchical)
    Elapsed: 0.020s  Memory: 1073.00M
"edges" in: sky130A_mr.drc:475
    Edges: 936 (flat)  936 (hierarchical)
    Elapsed: 0.030s  Memory: 1073.00M
"-" in: sky130A_mr.drc:475
    Edges: 932 (flat)  932 (hierarchical)
    Elapsed: 0.020s  Memory: 1073.00M
"edges" in: sky130A_mr.drc:476
    Edges: 182 (flat)  182 (hierarchical)
    Elapsed: 0.020s  Memory: 1073.00M
"merged" in: sky130A_mr.drc:476
    Polygons (raw): 197 (flat)  197 (hierarchical)
    Elapsed: 0.010s  Memory: 1073.00M
"outside_part" in: sky130A_mr.drc:476
    Edges: 184 (flat)  184 (hierarchical)
    Elapsed: 0.020s  Memory: 1073.00M
"space" in: sky130A_mr.drc:478
    Edge pairs: 0 (flat)  0 (hierarchical)
    Elapsed: 0.030s  Memory: 1073.00M
"output" in: sky130A_mr.drc:478
    Edge pairs: 0 (flat)  0 (hierarchical)
    Elapsed: 0.010s  Memory: 1073.00M
"separation" in: sky130A_mr.drc:480
    Edge pairs: 0 (flat)  0 (hierarchical)
    Elapsed: 0.010s  Memory: 1073.00M
"space" in: sky130A_mr.drc:480
    Edge pairs: 0 (flat)  0 (hierarchical)
    Elapsed: 0.030s  Memory: 1073.00M
"+" in: sky130A_mr.drc:480
    Edge pairs: 0 (flat)  0 (hierarchical)
    Elapsed: 0.010s  Memory: 1073.00M
"output" in: sky130A_mr.drc:480
    Edge pairs: 0 (flat)  0 (hierarchical)
    Elapsed: 0.010s  Memory: 1073.00M
"enclosing" in: sky130A_mr.drc:483
    Edge pairs: 0 (flat)  0 (hierarchical)
    Elapsed: 0.020s  Memory: 1073.00M
"output" in: sky130A_mr.drc:483
    Edge pairs: 0 (flat)  0 (hierarchical)
    Elapsed: 0.020s  Memory: 1073.00M
"not" in: sky130A_mr.drc:484
    Polygons (raw): 0 (flat)  0 (hierarchical)
    Elapsed: 0.020s  Memory: 1073.00M
"output" in: sky130A_mr.drc:484
    Polygons (raw): 0 (flat)  0 (hierarchical)
    Elapsed: 0.010s  Memory: 1073.00M
via3
"drc" in: sky130A_mr.drc:491
    Polygons (raw): 0 (flat)  0 (hierarchical)
    Elapsed: 0.860s  Memory: 1089.00M
"not" in: sky130A_mr.drc:492
    Polygons (raw): 63341 (flat)  63341 (hierarchical)
    Elapsed: 0.010s  Memory: 1089.00M
"not" in: sky130A_mr.drc:493
    Polygons (raw): 63341 (flat)  63341 (hierarchical)
    Elapsed: 0.010s  Memory: 1089.00M
"non_rectangles" in: sky130A_mr.drc:494
    Polygons (raw): 0 (flat)  0 (hierarchical)
    Elapsed: 0.030s  Memory: 1089.00M
"output" in: sky130A_mr.drc:494
    Polygons (raw): 0 (flat)  0 (hierarchical)
    Elapsed: 0.010s  Memory: 1089.00M
"width" in: sky130A_mr.drc:495
    Edge pairs: 0 (flat)  0 (hierarchical)
    Elapsed: 0.050s  Memory: 1089.00M
"output" in: sky130A_mr.drc:495
    Edge pairs: 0 (flat)  0 (hierarchical)
    Elapsed: 0.000s  Memory: 1089.00M
"edges" in: sky130A_mr.drc:496
    Edges: 253364 (flat)  253364 (hierarchical)
    Elapsed: 0.460s  Memory: 1089.00M
"without_length" in: sky130A_mr.drc:496
    Edges: 0 (flat)  0 (hierarchical)
    Elapsed: 0.970s  Memory: 1162.00M
"output" in: sky130A_mr.drc:496
    Edges: 0 (flat)  0 (hierarchical)
    Elapsed: 0.010s  Memory: 1162.00M
"space" in: sky130A_mr.drc:499
    Edge pairs: 0 (flat)  0 (hierarchical)
    Elapsed: 0.260s  Memory: 1162.00M
"output" in: sky130A_mr.drc:499
    Edge pairs: 0 (flat)  0 (hierarchical)
    Elapsed: 0.010s  Memory: 1162.00M
"enclosing" in: sky130A_mr.drc:500
    Edge pairs: 0 (flat)  0 (hierarchical)
    Elapsed: 0.530s  Memory: 1162.00M
"output" in: sky130A_mr.drc:500
    Edge pairs: 0 (flat)  0 (hierarchical)
    Elapsed: 0.010s  Memory: 1162.00M
"not" in: sky130A_mr.drc:501
    Polygons (raw): 0 (flat)  0 (hierarchical)
    Elapsed: 0.240s  Memory: 1162.00M
"output" in: sky130A_mr.drc:501
    Polygons (raw): 0 (flat)  0 (hierarchical)
    Elapsed: 0.010s  Memory: 1162.00M
"enclosing" in: sky130A_mr.drc:503
    Edge pairs: 6 (flat)  6 (hierarchical)
    Elapsed: 0.560s  Memory: 1162.00M
"second_edges" in: sky130A_mr.drc:503
    Edges: 6 (flat)  6 (hierarchical)
    Elapsed: 0.020s  Memory: 1162.00M
"width" in: sky130A_mr.drc:504
    Edge pairs: 0 (flat)  0 (hierarchical)
    Elapsed: 0.030s  Memory: 1162.00M
"polygons" in: sky130A_mr.drc:505
    Polygons (raw): 0 (flat)  0 (hierarchical)
    Elapsed: 0.010s  Memory: 1162.00M
"interacting" in: sky130A_mr.drc:505
    Polygons (raw): 0 (flat)  0 (hierarchical)
    Elapsed: 0.020s  Memory: 1162.00M
"output" in: sky130A_mr.drc:506
    Polygons (raw): 0 (flat)  0 (hierarchical)
    Elapsed: 0.010s  Memory: 1162.00M
m4
"width" in: sky130A_mr.drc:511
    Edge pairs: 0 (flat)  0 (hierarchical)
    Elapsed: 0.010s  Memory: 1162.00M
"output" in: sky130A_mr.drc:511
    Edge pairs: 0 (flat)  0 (hierarchical)
    Elapsed: 0.000s  Memory: 1162.00M
"sized" in: sky130A_mr.drc:513
    Polygons (raw): 13 (flat)  13 (hierarchical)
    Elapsed: 0.010s  Memory: 1162.00M
"sized" in: sky130A_mr.drc:513
    Polygons (raw): 13 (flat)  13 (hierarchical)
    Elapsed: 0.010s  Memory: 1162.00M
"snap" in: sky130A_mr.drc:513
    Polygons (raw): 13 (flat)  13 (hierarchical)
    Elapsed: 0.010s  Memory: 1162.00M
"&" in: sky130A_mr.drc:513
    Polygons (raw): 16 (flat)  16 (hierarchical)
    Elapsed: 0.020s  Memory: 1162.00M
"edges" in: sky130A_mr.drc:514
    Edges: 162 (flat)  162 (hierarchical)
    Elapsed: 0.020s  Memory: 1162.00M
"-" in: sky130A_mr.drc:514
    Edges: 94 (flat)  94 (hierarchical)
    Elapsed: 0.020s  Memory: 1162.00M
"edges" in: sky130A_mr.drc:515
    Edges: 75 (flat)  75 (hierarchical)
    Elapsed: 0.030s  Memory: 1162.00M
"merged" in: sky130A_mr.drc:515
    Polygons (raw): 16 (flat)  16 (hierarchical)
    Elapsed: 0.010s  Memory: 1162.00M
"outside_part" in: sky130A_mr.drc:515
    Edges: 75 (flat)  75 (hierarchical)
    Elapsed: 0.020s  Memory: 1162.00M
"space" in: sky130A_mr.drc:517
    Edge pairs: 0 (flat)  0 (hierarchical)
    Elapsed: 0.010s  Memory: 1162.00M
"output" in: sky130A_mr.drc:517
    Edge pairs: 0 (flat)  0 (hierarchical)
    Elapsed: 0.010s  Memory: 1162.00M
"with_area" in: sky130A_mr.drc:519
    Polygons (raw): 0 (flat)  0 (hierarchical)
    Elapsed: 0.010s  Memory: 1162.00M
"output" in: sky130A_mr.drc:519
    Polygons (raw): 0 (flat)  0 (hierarchical)
    Elapsed: 0.010s  Memory: 1162.00M
"separation" in: sky130A_mr.drc:521
    Edge pairs: 0 (flat)  0 (hierarchical)
    Elapsed: 0.020s  Memory: 1162.00M
"space" in: sky130A_mr.drc:521
    Edge pairs: 0 (flat)  0 (hierarchical)
    Elapsed: 0.010s  Memory: 1162.00M
"+" in: sky130A_mr.drc:521
    Edge pairs: 0 (flat)  0 (hierarchical)
    Elapsed: 0.010s  Memory: 1162.00M
"output" in: sky130A_mr.drc:521
    Edge pairs: 0 (flat)  0 (hierarchical)
    Elapsed: 0.010s  Memory: 1162.00M
"enclosing" in: sky130A_mr.drc:524
    Edge pairs: 0 (flat)  0 (hierarchical)
    Elapsed: 0.470s  Memory: 1162.00M
"output" in: sky130A_mr.drc:524
    Edge pairs: 0 (flat)  0 (hierarchical)
    Elapsed: 0.020s  Memory: 1162.00M
"not" in: sky130A_mr.drc:525
    Polygons (raw): 0 (flat)  0 (hierarchical)
    Elapsed: 0.220s  Memory: 1162.00M
"output" in: sky130A_mr.drc:525
    Polygons (raw): 0 (flat)  0 (hierarchical)
    Elapsed: 0.010s  Memory: 1162.00M
via4
"drc" in: sky130A_mr.drc:530
    Polygons (raw): 0 (flat)  0 (hierarchical)
    Elapsed: 0.030s  Memory: 1162.00M
"not" in: sky130A_mr.drc:531
    Polygons (raw): 877 (flat)  877 (hierarchical)
    Elapsed: 0.010s  Memory: 1162.00M
"not" in: sky130A_mr.drc:532
    Polygons (raw): 877 (flat)  877 (hierarchical)
    Elapsed: 0.010s  Memory: 1162.00M
"non_rectangles" in: sky130A_mr.drc:533
    Polygons (raw): 0 (flat)  0 (hierarchical)
    Elapsed: 0.010s  Memory: 1162.00M
"output" in: sky130A_mr.drc:533
    Polygons (raw): 0 (flat)  0 (hierarchical)
    Elapsed: 0.010s  Memory: 1162.00M
"width" in: sky130A_mr.drc:534
    Edge pairs: 0 (flat)  0 (hierarchical)
    Elapsed: 0.010s  Memory: 1162.00M
"output" in: sky130A_mr.drc:534
    Edge pairs: 0 (flat)  0 (hierarchical)
    Elapsed: 0.010s  Memory: 1162.00M
"edges" in: sky130A_mr.drc:535
    Edges: 3508 (flat)  3508 (hierarchical)
    Elapsed: 0.030s  Memory: 1162.00M
"without_length" in: sky130A_mr.drc:535
    Edges: 0 (flat)  0 (hierarchical)
    Elapsed: 0.020s  Memory: 1162.00M
"output" in: sky130A_mr.drc:535
    Edges: 0 (flat)  0 (hierarchical)
    Elapsed: 0.010s  Memory: 1162.00M
"space" in: sky130A_mr.drc:538
    Edge pairs: 0 (flat)  0 (hierarchical)
    Elapsed: 0.020s  Memory: 1162.00M
"output" in: sky130A_mr.drc:538
    Edge pairs: 0 (flat)  0 (hierarchical)
    Elapsed: 0.020s  Memory: 1162.00M
"width" in: sky130A_mr.drc:539
    Edge pairs: 0 (flat)  0 (hierarchical)
    Elapsed: 0.000s  Memory: 1162.00M
"output" in: sky130A_mr.drc:539
    Edge pairs: 0 (flat)  0 (hierarchical)
    Elapsed: 0.010s  Memory: 1162.00M
"drc" in: sky130A_mr.drc:540
    Edge pairs: 0 (flat)  0 (hierarchical)
    Elapsed: 0.020s  Memory: 1162.00M
"output" in: sky130A_mr.drc:540
    Edge pairs: 0 (flat)  0 (hierarchical)
    Elapsed: 0.010s  Memory: 1162.00M
"not" in: sky130A_mr.drc:541
    Polygons (raw): 0 (flat)  0 (hierarchical)
    Elapsed: 0.000s  Memory: 1162.00M
"output" in: sky130A_mr.drc:541
    Polygons (raw): 0 (flat)  0 (hierarchical)
    Elapsed: 0.010s  Memory: 1162.00M
"enclosing" in: sky130A_mr.drc:542
    Edge pairs: 0 (flat)  0 (hierarchical)
    Elapsed: 0.050s  Memory: 1162.00M
"output" in: sky130A_mr.drc:542
    Edge pairs: 0 (flat)  0 (hierarchical)
    Elapsed: 0.020s  Memory: 1162.00M
"not" in: sky130A_mr.drc:543
    Polygons (raw): 0 (flat)  0 (hierarchical)
    Elapsed: 0.020s  Memory: 1162.00M
"output" in: sky130A_mr.drc:543
    Polygons (raw): 0 (flat)  0 (hierarchical)
    Elapsed: 0.020s  Memory: 1162.00M
m5
"width" in: sky130A_mr.drc:547
    Edge pairs: 0 (flat)  0 (hierarchical)
    Elapsed: 0.010s  Memory: 1162.00M
"output" in: sky130A_mr.drc:547
    Edge pairs: 0 (flat)  0 (hierarchical)
    Elapsed: 0.010s  Memory: 1162.00M
"space" in: sky130A_mr.drc:549
    Edge pairs: 0 (flat)  0 (hierarchical)
    Elapsed: 0.010s  Memory: 1162.00M
"output" in: sky130A_mr.drc:549
    Edge pairs: 0 (flat)  0 (hierarchical)
    Elapsed: 0.010s  Memory: 1162.00M
"enclosing" in: sky130A_mr.drc:552
    Edge pairs: 0 (flat)  0 (hierarchical)
    Elapsed: 0.040s  Memory: 1162.00M
"output" in: sky130A_mr.drc:552
    Edge pairs: 0 (flat)  0 (hierarchical)
    Elapsed: 0.010s  Memory: 1162.00M
"not" in: sky130A_mr.drc:553
    Polygons (raw): 0 (flat)  0 (hierarchical)
    Elapsed: 0.020s  Memory: 1162.00M
"output" in: sky130A_mr.drc:553
    Polygons (raw): 0 (flat)  0 (hierarchical)
    Elapsed: 0.010s  Memory: 1162.00M
"with_area" in: sky130A_mr.drc:555
    Polygons (raw): 0 (flat)  0 (hierarchical)
    Elapsed: 0.010s  Memory: 1162.00M
"output" in: sky130A_mr.drc:555
    Polygons (raw): 0 (flat)  0 (hierarchical)
    Elapsed: 0.010s  Memory: 1162.00M
pad
"isolated" in: sky130A_mr.drc:559
    Edge pairs: 0 (flat)  0 (hierarchical)
    Elapsed: 0.010s  Memory: 1162.00M
"output" in: sky130A_mr.drc:559
    Edge pairs: 0 (flat)  0 (hierarchical)
    Elapsed: 0.010s  Memory: 1162.00M
Writing report database: /home/cmaier/EDA/caravel_user_project_analog/precheck_results/02_OCT_2021___11_41_55/outputs/reports/klayout_beol_check.xml ..
Total elapsed: 10.650s  Memory: 1161.00M
