
Magic 8.3 revision 196 - Compiled on Mon Sep 27 20:00:52 UTC 2021.
Starting magic under Tcl interpreter
Using the terminal as the console.
Using NULL graphics device.
Processing system .magicrc file
Sourcing design .magicrc for technology sky130A ...
2 Magic internal units = 1 Lambda
Input style sky130(vendor): scaleFactor=2, multiplier=2
Scaled tech values by 2 / 1 to match internal grid scaling
Loading sky130A Device Generator Menu ...
Loading "/home/cmaier/EDA/precheck/checks/drc_checks/magic/magic_drc_check.tcl" from command line.
Warning: Calma reading is not undoable!  I hope that's OK.
Library written using GDS-II Release 3.0
Library name: user_analog_project_wrapper
Reading "sky130_fd_pr__cap_mim_m3_1_WRT4AW".
Reading "sky130_fd_pr__cap_mim_m3_2_W5U4AW".
Reading "sky130_fd_pr__res_xhigh_po_0p69_S5N9F3".
Reading "sky130_fd_sc_hvl__inv_8".
CIF file read warning: CIF style sky130(vendor): units rescaled by factor of 5 / 1
Reading "sky130_fd_sc_hvl__fill_4".
Reading "sky130_fd_sc_hvl__buf_8".
Reading "sky130_fd_sc_hvl__schmittbuf_1".
Error while reading cell "sky130_fd_sc_hvl__schmittbuf_1" (byte position 171502): Unknown layer/datatype in boundary, layer=65 type=14
Reading "sky130_fd_pr__pfet_g5v0d10v5_3YBPVB".
Reading "sky130_fd_pr__pfet_g5v0d10v5_YUHPXE".
Reading "sky130_fd_pr__pfet_g5v0d10v5_YEUEBV".
Reading "sky130_fd_pr__pfet_g5v0d10v5_YUHPBG".
Reading "sky130_fd_pr__nfet_g5v0d10v5_PKVMTM".
Reading "sky130_fd_pr__pfet_g5v0d10v5_ZEUEFZ".
Reading "sky130_fd_pr__nfet_g5v0d10v5_ZK8HQC".
Reading "sky130_fd_pr__nfet_g5v0d10v5_TGFUGS".
Reading "example_por".
Reading "user_analog_proj_example".
Reading "user_analog_project_wrapper".
[INFO]: Loading user_analog_project_wrapper

DRC style is now "drc(full)"
Loading DRC CIF style.
No errors found.
[INFO]: COUNT: 0
[INFO]: Should be divided by 3 or 4
[INFO]: DRC Checking DONE (/home/cmaier/EDA/caravel_user_project_analog/precheck_results/02_OCT_2021___11_41_55/outputs/reports/magic_drc_check.drc.report)
[INFO]: Saving mag view with DRC errors(/home/cmaier/EDA/caravel_user_project_analog/precheck_results/02_OCT_2021___11_41_55/outputs/user_analog_project_wrapper.magic.drc.mag)
[INFO]: Saved
