/usr/local/bin/cmake -S/home/cmaier/EDA/OpenSTA -B/home/cmaier/EDA/OpenSTA/build --check-build-system CMakeFiles/Makefile.cmake 0
/usr/local/bin/cmake -E cmake_progress_start /home/cmaier/EDA/OpenSTA/build/CMakeFiles /home/cmaier/EDA/OpenSTA/build//CMakeFiles/progress.marks
make  -f CMakeFiles/Makefile2 all
make[1]: Entering directory '/home/cmaier/EDA/OpenSTA/build'
make  -f CMakeFiles/OpenSTA.dir/build.make CMakeFiles/OpenSTA.dir/depend
make[2]: Entering directory '/home/cmaier/EDA/OpenSTA/build'
[  1%] [BISON][VerilogParser] Building parser with bison 3.5.1
cd /home/cmaier/EDA/OpenSTA && /usr/bin/bison --name-prefix=VerilogParse_ -d -o /home/cmaier/EDA/OpenSTA/build/VerilogParse.cc /home/cmaier/EDA/OpenSTA/verilog/VerilogParse.yy
[  1%] [FLEX][LibertyExprLex] Building scanner with flex 2.6.4
cd /home/cmaier/EDA/OpenSTA && /usr/bin/flex --prefix=LibertyExprLex_ -o/home/cmaier/EDA/OpenSTA/build/LibertyExprLex.cc /home/cmaier/EDA/OpenSTA/liberty/LibertyExprLex.ll
[  2%] [BISON][LibertyExprParser] Building parser with bison 3.5.1
cd /home/cmaier/EDA/OpenSTA && /usr/bin/bison --name-prefix=LibertyExprParse_ -d -o /home/cmaier/EDA/OpenSTA/build/LibertyExprParse.cc /home/cmaier/EDA/OpenSTA/liberty/LibertyExprParse.yy
[  3%] [FLEX][LibertyLex] Building scanner with flex 2.6.4
cd /home/cmaier/EDA/OpenSTA && /usr/bin/flex --prefix=LibertyLex_ -o/home/cmaier/EDA/OpenSTA/build/LibertyLex.cc /home/cmaier/EDA/OpenSTA/liberty/LibertyLex.ll
[  4%] [BISON][LibertyParser] Building parser with bison 3.5.1
cd /home/cmaier/EDA/OpenSTA && /usr/bin/bison --name-prefix=LibertyParse_ -v -d -o /home/cmaier/EDA/OpenSTA/build/LibertyParse.cc /home/cmaier/EDA/OpenSTA/liberty/LibertyParse.yy
[  5%] [FLEX][SdfLex] Building scanner with flex 2.6.4
cd /home/cmaier/EDA/OpenSTA && /usr/bin/flex --prefix=SdfLex_ -o/home/cmaier/EDA/OpenSTA/build/SdfLex.cc /home/cmaier/EDA/OpenSTA/sdf/SdfLex.ll
[  5%] [BISON][SdfParser] Building parser with bison 3.5.1
cd /home/cmaier/EDA/OpenSTA && /usr/bin/bison --name-prefix=SdfParse_ -d -o /home/cmaier/EDA/OpenSTA/build/SdfParse.cc /home/cmaier/EDA/OpenSTA/sdf/SdfParse.yy
[  6%] [FLEX][SpefLex] Building scanner with flex 2.6.4
cd /home/cmaier/EDA/OpenSTA && /usr/bin/flex --prefix=SpefLex_ -o/home/cmaier/EDA/OpenSTA/build/SpefLex.cc /home/cmaier/EDA/OpenSTA/parasitics/SpefLex.ll
[  6%] [BISON][SpefParser] Building parser with bison 3.5.1
cd /home/cmaier/EDA/OpenSTA && /usr/bin/bison --name-prefix=SpefParse_ -d -o /home/cmaier/EDA/OpenSTA/build/SpefParse.cc /home/cmaier/EDA/OpenSTA/parasitics/SpefParse.yy
[  6%] Generating StaTclInitVar.cc
cd /home/cmaier/EDA/OpenSTA && etc/TclEncode.tcl /home/cmaier/EDA/OpenSTA/build/StaTclInitVar.cc tcl_inits tcl/Util.tcl tcl/Graph.tcl tcl/Liberty.tcl tcl/Link.tcl tcl/Network.tcl tcl/NetworkEdit.tcl tcl/Sdc.tcl tcl/Search.tcl tcl/Cmds.tcl tcl/Variables.tcl tcl/Sta.tcl tcl/Power.tcl tcl/Splash.tcl dcalc/DelayCalc.tcl parasitics/Parasitics.tcl sdf/Sdf.tcl verilog/Verilog.tcl
[  6%] [FLEX][VerilogLex] Building scanner with flex 2.6.4
cd /home/cmaier/EDA/OpenSTA && /usr/bin/flex --prefix=VerilogLex_ -o/home/cmaier/EDA/OpenSTA/build/VerilogLex.cc /home/cmaier/EDA/OpenSTA/verilog/VerilogLex.ll
cd /home/cmaier/EDA/OpenSTA/build && /usr/local/bin/cmake -E cmake_depends "Unix Makefiles" /home/cmaier/EDA/OpenSTA /home/cmaier/EDA/OpenSTA /home/cmaier/EDA/OpenSTA/build /home/cmaier/EDA/OpenSTA/build /home/cmaier/EDA/OpenSTA/build/CMakeFiles/OpenSTA.dir/DependInfo.cmake --color=
make[2]: Leaving directory '/home/cmaier/EDA/OpenSTA/build'
make  -f CMakeFiles/OpenSTA.dir/build.make CMakeFiles/OpenSTA.dir/build
make[2]: Entering directory '/home/cmaier/EDA/OpenSTA/build'
[  7%] Building CXX object CMakeFiles/OpenSTA.dir/app/StaMain.cc.o
/usr/bin/c++  -I/home/cmaier/EDA/OpenSTA/include -I/usr/include/tcl -I/home/cmaier/EDA/OpenSTA/include/sta -I/home/cmaier/EDA/OpenSTA -O3 -DNDEBUG -Wall -Wextra -pedantic -Wcast-qual -Wredundant-decls -Wformat-security -MD -MT CMakeFiles/OpenSTA.dir/app/StaMain.cc.o -MF CMakeFiles/OpenSTA.dir/app/StaMain.cc.o.d -o CMakeFiles/OpenSTA.dir/app/StaMain.cc.o -c /home/cmaier/EDA/OpenSTA/app/StaMain.cc
[  7%] Building CXX object CMakeFiles/OpenSTA.dir/dcalc/ArcDelayCalc.cc.o
/usr/bin/c++  -I/home/cmaier/EDA/OpenSTA/include -I/usr/include/tcl -I/home/cmaier/EDA/OpenSTA/include/sta -I/home/cmaier/EDA/OpenSTA -O3 -DNDEBUG -Wall -Wextra -pedantic -Wcast-qual -Wredundant-decls -Wformat-security -MD -MT CMakeFiles/OpenSTA.dir/dcalc/ArcDelayCalc.cc.o -MF CMakeFiles/OpenSTA.dir/dcalc/ArcDelayCalc.cc.o.d -o CMakeFiles/OpenSTA.dir/dcalc/ArcDelayCalc.cc.o -c /home/cmaier/EDA/OpenSTA/dcalc/ArcDelayCalc.cc
[  8%] Building CXX object CMakeFiles/OpenSTA.dir/dcalc/ArnoldiDelayCalc.cc.o
/usr/bin/c++  -I/home/cmaier/EDA/OpenSTA/include -I/usr/include/tcl -I/home/cmaier/EDA/OpenSTA/include/sta -I/home/cmaier/EDA/OpenSTA -O3 -DNDEBUG -Wall -Wextra -pedantic -Wcast-qual -Wredundant-decls -Wformat-security -MD -MT CMakeFiles/OpenSTA.dir/dcalc/ArnoldiDelayCalc.cc.o -MF CMakeFiles/OpenSTA.dir/dcalc/ArnoldiDelayCalc.cc.o.d -o CMakeFiles/OpenSTA.dir/dcalc/ArnoldiDelayCalc.cc.o -c /home/cmaier/EDA/OpenSTA/dcalc/ArnoldiDelayCalc.cc
[  9%] Building CXX object CMakeFiles/OpenSTA.dir/dcalc/ArnoldiReduce.cc.o
/usr/bin/c++  -I/home/cmaier/EDA/OpenSTA/include -I/usr/include/tcl -I/home/cmaier/EDA/OpenSTA/include/sta -I/home/cmaier/EDA/OpenSTA -O3 -DNDEBUG -Wall -Wextra -pedantic -Wcast-qual -Wredundant-decls -Wformat-security -MD -MT CMakeFiles/OpenSTA.dir/dcalc/ArnoldiReduce.cc.o -MF CMakeFiles/OpenSTA.dir/dcalc/ArnoldiReduce.cc.o.d -o CMakeFiles/OpenSTA.dir/dcalc/ArnoldiReduce.cc.o -c /home/cmaier/EDA/OpenSTA/dcalc/ArnoldiReduce.cc
[  9%] Building CXX object CMakeFiles/OpenSTA.dir/dcalc/DcalcAnalysisPt.cc.o
/usr/bin/c++  -I/home/cmaier/EDA/OpenSTA/include -I/usr/include/tcl -I/home/cmaier/EDA/OpenSTA/include/sta -I/home/cmaier/EDA/OpenSTA -O3 -DNDEBUG -Wall -Wextra -pedantic -Wcast-qual -Wredundant-decls -Wformat-security -MD -MT CMakeFiles/OpenSTA.dir/dcalc/DcalcAnalysisPt.cc.o -MF CMakeFiles/OpenSTA.dir/dcalc/DcalcAnalysisPt.cc.o.d -o CMakeFiles/OpenSTA.dir/dcalc/DcalcAnalysisPt.cc.o -c /home/cmaier/EDA/OpenSTA/dcalc/DcalcAnalysisPt.cc
[ 10%] Building CXX object CMakeFiles/OpenSTA.dir/dcalc/DelayCalc.cc.o
/usr/bin/c++  -I/home/cmaier/EDA/OpenSTA/include -I/usr/include/tcl -I/home/cmaier/EDA/OpenSTA/include/sta -I/home/cmaier/EDA/OpenSTA -O3 -DNDEBUG -Wall -Wextra -pedantic -Wcast-qual -Wredundant-decls -Wformat-security -MD -MT CMakeFiles/OpenSTA.dir/dcalc/DelayCalc.cc.o -MF CMakeFiles/OpenSTA.dir/dcalc/DelayCalc.cc.o.d -o CMakeFiles/OpenSTA.dir/dcalc/DelayCalc.cc.o -c /home/cmaier/EDA/OpenSTA/dcalc/DelayCalc.cc
[ 10%] Building CXX object CMakeFiles/OpenSTA.dir/dcalc/DmpCeff.cc.o
/usr/bin/c++  -I/home/cmaier/EDA/OpenSTA/include -I/usr/include/tcl -I/home/cmaier/EDA/OpenSTA/include/sta -I/home/cmaier/EDA/OpenSTA -O3 -DNDEBUG -Wall -Wextra -pedantic -Wcast-qual -Wredundant-decls -Wformat-security -MD -MT CMakeFiles/OpenSTA.dir/dcalc/DmpCeff.cc.o -MF CMakeFiles/OpenSTA.dir/dcalc/DmpCeff.cc.o.d -o CMakeFiles/OpenSTA.dir/dcalc/DmpCeff.cc.o -c /home/cmaier/EDA/OpenSTA/dcalc/DmpCeff.cc
[ 11%] Building CXX object CMakeFiles/OpenSTA.dir/dcalc/DmpDelayCalc.cc.o
/usr/bin/c++  -I/home/cmaier/EDA/OpenSTA/include -I/usr/include/tcl -I/home/cmaier/EDA/OpenSTA/include/sta -I/home/cmaier/EDA/OpenSTA -O3 -DNDEBUG -Wall -Wextra -pedantic -Wcast-qual -Wredundant-decls -Wformat-security -MD -MT CMakeFiles/OpenSTA.dir/dcalc/DmpDelayCalc.cc.o -MF CMakeFiles/OpenSTA.dir/dcalc/DmpDelayCalc.cc.o.d -o CMakeFiles/OpenSTA.dir/dcalc/DmpDelayCalc.cc.o -c /home/cmaier/EDA/OpenSTA/dcalc/DmpDelayCalc.cc
[ 12%] Building CXX object CMakeFiles/OpenSTA.dir/dcalc/GraphDelayCalc.cc.o
/usr/bin/c++  -I/home/cmaier/EDA/OpenSTA/include -I/usr/include/tcl -I/home/cmaier/EDA/OpenSTA/include/sta -I/home/cmaier/EDA/OpenSTA -O3 -DNDEBUG -Wall -Wextra -pedantic -Wcast-qual -Wredundant-decls -Wformat-security -MD -MT CMakeFiles/OpenSTA.dir/dcalc/GraphDelayCalc.cc.o -MF CMakeFiles/OpenSTA.dir/dcalc/GraphDelayCalc.cc.o.d -o CMakeFiles/OpenSTA.dir/dcalc/GraphDelayCalc.cc.o -c /home/cmaier/EDA/OpenSTA/dcalc/GraphDelayCalc.cc
[ 12%] Building CXX object CMakeFiles/OpenSTA.dir/dcalc/GraphDelayCalc1.cc.o
/usr/bin/c++  -I/home/cmaier/EDA/OpenSTA/include -I/usr/include/tcl -I/home/cmaier/EDA/OpenSTA/include/sta -I/home/cmaier/EDA/OpenSTA -O3 -DNDEBUG -Wall -Wextra -pedantic -Wcast-qual -Wredundant-decls -Wformat-security -MD -MT CMakeFiles/OpenSTA.dir/dcalc/GraphDelayCalc1.cc.o -MF CMakeFiles/OpenSTA.dir/dcalc/GraphDelayCalc1.cc.o.d -o CMakeFiles/OpenSTA.dir/dcalc/GraphDelayCalc1.cc.o -c /home/cmaier/EDA/OpenSTA/dcalc/GraphDelayCalc1.cc
[ 13%] Building CXX object CMakeFiles/OpenSTA.dir/dcalc/LumpedCapDelayCalc.cc.o
/usr/bin/c++  -I/home/cmaier/EDA/OpenSTA/include -I/usr/include/tcl -I/home/cmaier/EDA/OpenSTA/include/sta -I/home/cmaier/EDA/OpenSTA -O3 -DNDEBUG -Wall -Wextra -pedantic -Wcast-qual -Wredundant-decls -Wformat-security -MD -MT CMakeFiles/OpenSTA.dir/dcalc/LumpedCapDelayCalc.cc.o -MF CMakeFiles/OpenSTA.dir/dcalc/LumpedCapDelayCalc.cc.o.d -o CMakeFiles/OpenSTA.dir/dcalc/LumpedCapDelayCalc.cc.o -c /home/cmaier/EDA/OpenSTA/dcalc/LumpedCapDelayCalc.cc
[ 13%] Building CXX object CMakeFiles/OpenSTA.dir/dcalc/NetCaps.cc.o
/usr/bin/c++  -I/home/cmaier/EDA/OpenSTA/include -I/usr/include/tcl -I/home/cmaier/EDA/OpenSTA/include/sta -I/home/cmaier/EDA/OpenSTA -O3 -DNDEBUG -Wall -Wextra -pedantic -Wcast-qual -Wredundant-decls -Wformat-security -MD -MT CMakeFiles/OpenSTA.dir/dcalc/NetCaps.cc.o -MF CMakeFiles/OpenSTA.dir/dcalc/NetCaps.cc.o.d -o CMakeFiles/OpenSTA.dir/dcalc/NetCaps.cc.o -c /home/cmaier/EDA/OpenSTA/dcalc/NetCaps.cc
[ 14%] Building CXX object CMakeFiles/OpenSTA.dir/dcalc/RCDelayCalc.cc.o
/usr/bin/c++  -I/home/cmaier/EDA/OpenSTA/include -I/usr/include/tcl -I/home/cmaier/EDA/OpenSTA/include/sta -I/home/cmaier/EDA/OpenSTA -O3 -DNDEBUG -Wall -Wextra -pedantic -Wcast-qual -Wredundant-decls -Wformat-security -MD -MT CMakeFiles/OpenSTA.dir/dcalc/RCDelayCalc.cc.o -MF CMakeFiles/OpenSTA.dir/dcalc/RCDelayCalc.cc.o.d -o CMakeFiles/OpenSTA.dir/dcalc/RCDelayCalc.cc.o -c /home/cmaier/EDA/OpenSTA/dcalc/RCDelayCalc.cc
[ 15%] Building CXX object CMakeFiles/OpenSTA.dir/dcalc/SimpleRCDelayCalc.cc.o
/usr/bin/c++  -I/home/cmaier/EDA/OpenSTA/include -I/usr/include/tcl -I/home/cmaier/EDA/OpenSTA/include/sta -I/home/cmaier/EDA/OpenSTA -O3 -DNDEBUG -Wall -Wextra -pedantic -Wcast-qual -Wredundant-decls -Wformat-security -MD -MT CMakeFiles/OpenSTA.dir/dcalc/SimpleRCDelayCalc.cc.o -MF CMakeFiles/OpenSTA.dir/dcalc/SimpleRCDelayCalc.cc.o.d -o CMakeFiles/OpenSTA.dir/dcalc/SimpleRCDelayCalc.cc.o -c /home/cmaier/EDA/OpenSTA/dcalc/SimpleRCDelayCalc.cc
[ 15%] Building CXX object CMakeFiles/OpenSTA.dir/dcalc/UnitDelayCalc.cc.o
/usr/bin/c++  -I/home/cmaier/EDA/OpenSTA/include -I/usr/include/tcl -I/home/cmaier/EDA/OpenSTA/include/sta -I/home/cmaier/EDA/OpenSTA -O3 -DNDEBUG -Wall -Wextra -pedantic -Wcast-qual -Wredundant-decls -Wformat-security -MD -MT CMakeFiles/OpenSTA.dir/dcalc/UnitDelayCalc.cc.o -MF CMakeFiles/OpenSTA.dir/dcalc/UnitDelayCalc.cc.o.d -o CMakeFiles/OpenSTA.dir/dcalc/UnitDelayCalc.cc.o -c /home/cmaier/EDA/OpenSTA/dcalc/UnitDelayCalc.cc
[ 16%] Building CXX object CMakeFiles/OpenSTA.dir/graph/DelayFloat.cc.o
/usr/bin/c++  -I/home/cmaier/EDA/OpenSTA/include -I/usr/include/tcl -I/home/cmaier/EDA/OpenSTA/include/sta -I/home/cmaier/EDA/OpenSTA -O3 -DNDEBUG -Wall -Wextra -pedantic -Wcast-qual -Wredundant-decls -Wformat-security -MD -MT CMakeFiles/OpenSTA.dir/graph/DelayFloat.cc.o -MF CMakeFiles/OpenSTA.dir/graph/DelayFloat.cc.o.d -o CMakeFiles/OpenSTA.dir/graph/DelayFloat.cc.o -c /home/cmaier/EDA/OpenSTA/graph/DelayFloat.cc
[ 16%] Building CXX object CMakeFiles/OpenSTA.dir/graph/DelayNormal1.cc.o
/usr/bin/c++  -I/home/cmaier/EDA/OpenSTA/include -I/usr/include/tcl -I/home/cmaier/EDA/OpenSTA/include/sta -I/home/cmaier/EDA/OpenSTA -O3 -DNDEBUG -Wall -Wextra -pedantic -Wcast-qual -Wredundant-decls -Wformat-security -MD -MT CMakeFiles/OpenSTA.dir/graph/DelayNormal1.cc.o -MF CMakeFiles/OpenSTA.dir/graph/DelayNormal1.cc.o.d -o CMakeFiles/OpenSTA.dir/graph/DelayNormal1.cc.o -c /home/cmaier/EDA/OpenSTA/graph/DelayNormal1.cc
[ 17%] Building CXX object CMakeFiles/OpenSTA.dir/graph/DelayNormal2.cc.o
/usr/bin/c++  -I/home/cmaier/EDA/OpenSTA/include -I/usr/include/tcl -I/home/cmaier/EDA/OpenSTA/include/sta -I/home/cmaier/EDA/OpenSTA -O3 -DNDEBUG -Wall -Wextra -pedantic -Wcast-qual -Wredundant-decls -Wformat-security -MD -MT CMakeFiles/OpenSTA.dir/graph/DelayNormal2.cc.o -MF CMakeFiles/OpenSTA.dir/graph/DelayNormal2.cc.o.d -o CMakeFiles/OpenSTA.dir/graph/DelayNormal2.cc.o -c /home/cmaier/EDA/OpenSTA/graph/DelayNormal2.cc
[ 18%] Building CXX object CMakeFiles/OpenSTA.dir/graph/Graph.cc.o
/usr/bin/c++  -I/home/cmaier/EDA/OpenSTA/include -I/usr/include/tcl -I/home/cmaier/EDA/OpenSTA/include/sta -I/home/cmaier/EDA/OpenSTA -O3 -DNDEBUG -Wall -Wextra -pedantic -Wcast-qual -Wredundant-decls -Wformat-security -MD -MT CMakeFiles/OpenSTA.dir/graph/Graph.cc.o -MF CMakeFiles/OpenSTA.dir/graph/Graph.cc.o.d -o CMakeFiles/OpenSTA.dir/graph/Graph.cc.o -c /home/cmaier/EDA/OpenSTA/graph/Graph.cc
[ 18%] Building CXX object CMakeFiles/OpenSTA.dir/graph/GraphCmp.cc.o
/usr/bin/c++  -I/home/cmaier/EDA/OpenSTA/include -I/usr/include/tcl -I/home/cmaier/EDA/OpenSTA/include/sta -I/home/cmaier/EDA/OpenSTA -O3 -DNDEBUG -Wall -Wextra -pedantic -Wcast-qual -Wredundant-decls -Wformat-security -MD -MT CMakeFiles/OpenSTA.dir/graph/GraphCmp.cc.o -MF CMakeFiles/OpenSTA.dir/graph/GraphCmp.cc.o.d -o CMakeFiles/OpenSTA.dir/graph/GraphCmp.cc.o -c /home/cmaier/EDA/OpenSTA/graph/GraphCmp.cc
[ 19%] Building CXX object CMakeFiles/OpenSTA.dir/liberty/EquivCells.cc.o
/usr/bin/c++  -I/home/cmaier/EDA/OpenSTA/include -I/usr/include/tcl -I/home/cmaier/EDA/OpenSTA/include/sta -I/home/cmaier/EDA/OpenSTA -O3 -DNDEBUG -Wall -Wextra -pedantic -Wcast-qual -Wredundant-decls -Wformat-security -MD -MT CMakeFiles/OpenSTA.dir/liberty/EquivCells.cc.o -MF CMakeFiles/OpenSTA.dir/liberty/EquivCells.cc.o.d -o CMakeFiles/OpenSTA.dir/liberty/EquivCells.cc.o -c /home/cmaier/EDA/OpenSTA/liberty/EquivCells.cc
[ 20%] Building CXX object CMakeFiles/OpenSTA.dir/liberty/FuncExpr.cc.o
/usr/bin/c++  -I/home/cmaier/EDA/OpenSTA/include -I/usr/include/tcl -I/home/cmaier/EDA/OpenSTA/include/sta -I/home/cmaier/EDA/OpenSTA -O3 -DNDEBUG -Wall -Wextra -pedantic -Wcast-qual -Wredundant-decls -Wformat-security -MD -MT CMakeFiles/OpenSTA.dir/liberty/FuncExpr.cc.o -MF CMakeFiles/OpenSTA.dir/liberty/FuncExpr.cc.o.d -o CMakeFiles/OpenSTA.dir/liberty/FuncExpr.cc.o -c /home/cmaier/EDA/OpenSTA/liberty/FuncExpr.cc
[ 20%] Building CXX object CMakeFiles/OpenSTA.dir/liberty/InternalPower.cc.o
/usr/bin/c++  -I/home/cmaier/EDA/OpenSTA/include -I/usr/include/tcl -I/home/cmaier/EDA/OpenSTA/include/sta -I/home/cmaier/EDA/OpenSTA -O3 -DNDEBUG -Wall -Wextra -pedantic -Wcast-qual -Wredundant-decls -Wformat-security -MD -MT CMakeFiles/OpenSTA.dir/liberty/InternalPower.cc.o -MF CMakeFiles/OpenSTA.dir/liberty/InternalPower.cc.o.d -o CMakeFiles/OpenSTA.dir/liberty/InternalPower.cc.o -c /home/cmaier/EDA/OpenSTA/liberty/InternalPower.cc
[ 21%] Building CXX object CMakeFiles/OpenSTA.dir/liberty/LeakagePower.cc.o
/usr/bin/c++  -I/home/cmaier/EDA/OpenSTA/include -I/usr/include/tcl -I/home/cmaier/EDA/OpenSTA/include/sta -I/home/cmaier/EDA/OpenSTA -O3 -DNDEBUG -Wall -Wextra -pedantic -Wcast-qual -Wredundant-decls -Wformat-security -MD -MT CMakeFiles/OpenSTA.dir/liberty/LeakagePower.cc.o -MF CMakeFiles/OpenSTA.dir/liberty/LeakagePower.cc.o.d -o CMakeFiles/OpenSTA.dir/liberty/LeakagePower.cc.o -c /home/cmaier/EDA/OpenSTA/liberty/LeakagePower.cc
[ 21%] Building CXX object CMakeFiles/OpenSTA.dir/liberty/Liberty.cc.o
/usr/bin/c++  -I/home/cmaier/EDA/OpenSTA/include -I/usr/include/tcl -I/home/cmaier/EDA/OpenSTA/include/sta -I/home/cmaier/EDA/OpenSTA -O3 -DNDEBUG -Wall -Wextra -pedantic -Wcast-qual -Wredundant-decls -Wformat-security -MD -MT CMakeFiles/OpenSTA.dir/liberty/Liberty.cc.o -MF CMakeFiles/OpenSTA.dir/liberty/Liberty.cc.o.d -o CMakeFiles/OpenSTA.dir/liberty/Liberty.cc.o -c /home/cmaier/EDA/OpenSTA/liberty/Liberty.cc
[ 22%] Building CXX object CMakeFiles/OpenSTA.dir/liberty/LibertyBuilder.cc.o
/usr/bin/c++  -I/home/cmaier/EDA/OpenSTA/include -I/usr/include/tcl -I/home/cmaier/EDA/OpenSTA/include/sta -I/home/cmaier/EDA/OpenSTA -O3 -DNDEBUG -Wall -Wextra -pedantic -Wcast-qual -Wredundant-decls -Wformat-security -MD -MT CMakeFiles/OpenSTA.dir/liberty/LibertyBuilder.cc.o -MF CMakeFiles/OpenSTA.dir/liberty/LibertyBuilder.cc.o.d -o CMakeFiles/OpenSTA.dir/liberty/LibertyBuilder.cc.o -c /home/cmaier/EDA/OpenSTA/liberty/LibertyBuilder.cc
[ 23%] Building CXX object CMakeFiles/OpenSTA.dir/liberty/LibertyExpr.cc.o
/usr/bin/c++  -I/home/cmaier/EDA/OpenSTA/include -I/usr/include/tcl -I/home/cmaier/EDA/OpenSTA/include/sta -I/home/cmaier/EDA/OpenSTA -O3 -DNDEBUG -Wall -Wextra -pedantic -Wcast-qual -Wredundant-decls -Wformat-security -MD -MT CMakeFiles/OpenSTA.dir/liberty/LibertyExpr.cc.o -MF CMakeFiles/OpenSTA.dir/liberty/LibertyExpr.cc.o.d -o CMakeFiles/OpenSTA.dir/liberty/LibertyExpr.cc.o -c /home/cmaier/EDA/OpenSTA/liberty/LibertyExpr.cc
[ 23%] Building CXX object CMakeFiles/OpenSTA.dir/liberty/LibertyParser.cc.o
/usr/bin/c++  -I/home/cmaier/EDA/OpenSTA/include -I/usr/include/tcl -I/home/cmaier/EDA/OpenSTA/include/sta -I/home/cmaier/EDA/OpenSTA -O3 -DNDEBUG -Wall -Wextra -pedantic -Wcast-qual -Wredundant-decls -Wformat-security -MD -MT CMakeFiles/OpenSTA.dir/liberty/LibertyParser.cc.o -MF CMakeFiles/OpenSTA.dir/liberty/LibertyParser.cc.o.d -o CMakeFiles/OpenSTA.dir/liberty/LibertyParser.cc.o -c /home/cmaier/EDA/OpenSTA/liberty/LibertyParser.cc
[ 24%] Building CXX object CMakeFiles/OpenSTA.dir/liberty/LibertyReader.cc.o
/usr/bin/c++  -I/home/cmaier/EDA/OpenSTA/include -I/usr/include/tcl -I/home/cmaier/EDA/OpenSTA/include/sta -I/home/cmaier/EDA/OpenSTA -O3 -DNDEBUG -Wall -Wextra -pedantic -Wcast-qual -Wredundant-decls -Wformat-security -MD -MT CMakeFiles/OpenSTA.dir/liberty/LibertyReader.cc.o -MF CMakeFiles/OpenSTA.dir/liberty/LibertyReader.cc.o.d -o CMakeFiles/OpenSTA.dir/liberty/LibertyReader.cc.o -c /home/cmaier/EDA/OpenSTA/liberty/LibertyReader.cc
[ 24%] Building CXX object CMakeFiles/OpenSTA.dir/liberty/LinearModel.cc.o
/usr/bin/c++  -I/home/cmaier/EDA/OpenSTA/include -I/usr/include/tcl -I/home/cmaier/EDA/OpenSTA/include/sta -I/home/cmaier/EDA/OpenSTA -O3 -DNDEBUG -Wall -Wextra -pedantic -Wcast-qual -Wredundant-decls -Wformat-security -MD -MT CMakeFiles/OpenSTA.dir/liberty/LinearModel.cc.o -MF CMakeFiles/OpenSTA.dir/liberty/LinearModel.cc.o.d -o CMakeFiles/OpenSTA.dir/liberty/LinearModel.cc.o -c /home/cmaier/EDA/OpenSTA/liberty/LinearModel.cc
[ 25%] Building CXX object CMakeFiles/OpenSTA.dir/liberty/Sequential.cc.o
/usr/bin/c++  -I/home/cmaier/EDA/OpenSTA/include -I/usr/include/tcl -I/home/cmaier/EDA/OpenSTA/include/sta -I/home/cmaier/EDA/OpenSTA -O3 -DNDEBUG -Wall -Wextra -pedantic -Wcast-qual -Wredundant-decls -Wformat-security -MD -MT CMakeFiles/OpenSTA.dir/liberty/Sequential.cc.o -MF CMakeFiles/OpenSTA.dir/liberty/Sequential.cc.o.d -o CMakeFiles/OpenSTA.dir/liberty/Sequential.cc.o -c /home/cmaier/EDA/OpenSTA/liberty/Sequential.cc
[ 26%] Building CXX object CMakeFiles/OpenSTA.dir/liberty/TableModel.cc.o
/usr/bin/c++  -I/home/cmaier/EDA/OpenSTA/include -I/usr/include/tcl -I/home/cmaier/EDA/OpenSTA/include/sta -I/home/cmaier/EDA/OpenSTA -O3 -DNDEBUG -Wall -Wextra -pedantic -Wcast-qual -Wredundant-decls -Wformat-security -MD -MT CMakeFiles/OpenSTA.dir/liberty/TableModel.cc.o -MF CMakeFiles/OpenSTA.dir/liberty/TableModel.cc.o.d -o CMakeFiles/OpenSTA.dir/liberty/TableModel.cc.o -c /home/cmaier/EDA/OpenSTA/liberty/TableModel.cc
[ 26%] Building CXX object CMakeFiles/OpenSTA.dir/liberty/TimingArc.cc.o
/usr/bin/c++  -I/home/cmaier/EDA/OpenSTA/include -I/usr/include/tcl -I/home/cmaier/EDA/OpenSTA/include/sta -I/home/cmaier/EDA/OpenSTA -O3 -DNDEBUG -Wall -Wextra -pedantic -Wcast-qual -Wredundant-decls -Wformat-security -MD -MT CMakeFiles/OpenSTA.dir/liberty/TimingArc.cc.o -MF CMakeFiles/OpenSTA.dir/liberty/TimingArc.cc.o.d -o CMakeFiles/OpenSTA.dir/liberty/TimingArc.cc.o -c /home/cmaier/EDA/OpenSTA/liberty/TimingArc.cc
[ 27%] Building CXX object CMakeFiles/OpenSTA.dir/liberty/TimingRole.cc.o
/usr/bin/c++  -I/home/cmaier/EDA/OpenSTA/include -I/usr/include/tcl -I/home/cmaier/EDA/OpenSTA/include/sta -I/home/cmaier/EDA/OpenSTA -O3 -DNDEBUG -Wall -Wextra -pedantic -Wcast-qual -Wredundant-decls -Wformat-security -MD -MT CMakeFiles/OpenSTA.dir/liberty/TimingRole.cc.o -MF CMakeFiles/OpenSTA.dir/liberty/TimingRole.cc.o.d -o CMakeFiles/OpenSTA.dir/liberty/TimingRole.cc.o -c /home/cmaier/EDA/OpenSTA/liberty/TimingRole.cc
[ 27%] Building CXX object CMakeFiles/OpenSTA.dir/liberty/Transition.cc.o
/usr/bin/c++  -I/home/cmaier/EDA/OpenSTA/include -I/usr/include/tcl -I/home/cmaier/EDA/OpenSTA/include/sta -I/home/cmaier/EDA/OpenSTA -O3 -DNDEBUG -Wall -Wextra -pedantic -Wcast-qual -Wredundant-decls -Wformat-security -MD -MT CMakeFiles/OpenSTA.dir/liberty/Transition.cc.o -MF CMakeFiles/OpenSTA.dir/liberty/Transition.cc.o.d -o CMakeFiles/OpenSTA.dir/liberty/Transition.cc.o -c /home/cmaier/EDA/OpenSTA/liberty/Transition.cc
[ 28%] Building CXX object CMakeFiles/OpenSTA.dir/liberty/Units.cc.o
/usr/bin/c++  -I/home/cmaier/EDA/OpenSTA/include -I/usr/include/tcl -I/home/cmaier/EDA/OpenSTA/include/sta -I/home/cmaier/EDA/OpenSTA -O3 -DNDEBUG -Wall -Wextra -pedantic -Wcast-qual -Wredundant-decls -Wformat-security -MD -MT CMakeFiles/OpenSTA.dir/liberty/Units.cc.o -MF CMakeFiles/OpenSTA.dir/liberty/Units.cc.o.d -o CMakeFiles/OpenSTA.dir/liberty/Units.cc.o -c /home/cmaier/EDA/OpenSTA/liberty/Units.cc
[ 29%] Building CXX object CMakeFiles/OpenSTA.dir/liberty/Wireload.cc.o
/usr/bin/c++  -I/home/cmaier/EDA/OpenSTA/include -I/usr/include/tcl -I/home/cmaier/EDA/OpenSTA/include/sta -I/home/cmaier/EDA/OpenSTA -O3 -DNDEBUG -Wall -Wextra -pedantic -Wcast-qual -Wredundant-decls -Wformat-security -MD -MT CMakeFiles/OpenSTA.dir/liberty/Wireload.cc.o -MF CMakeFiles/OpenSTA.dir/liberty/Wireload.cc.o.d -o CMakeFiles/OpenSTA.dir/liberty/Wireload.cc.o -c /home/cmaier/EDA/OpenSTA/liberty/Wireload.cc
[ 29%] Building CXX object CMakeFiles/OpenSTA.dir/network/ConcreteLibrary.cc.o
/usr/bin/c++  -I/home/cmaier/EDA/OpenSTA/include -I/usr/include/tcl -I/home/cmaier/EDA/OpenSTA/include/sta -I/home/cmaier/EDA/OpenSTA -O3 -DNDEBUG -Wall -Wextra -pedantic -Wcast-qual -Wredundant-decls -Wformat-security -MD -MT CMakeFiles/OpenSTA.dir/network/ConcreteLibrary.cc.o -MF CMakeFiles/OpenSTA.dir/network/ConcreteLibrary.cc.o.d -o CMakeFiles/OpenSTA.dir/network/ConcreteLibrary.cc.o -c /home/cmaier/EDA/OpenSTA/network/ConcreteLibrary.cc
[ 30%] Building CXX object CMakeFiles/OpenSTA.dir/network/ConcreteNetwork.cc.o
/usr/bin/c++  -I/home/cmaier/EDA/OpenSTA/include -I/usr/include/tcl -I/home/cmaier/EDA/OpenSTA/include/sta -I/home/cmaier/EDA/OpenSTA -O3 -DNDEBUG -Wall -Wextra -pedantic -Wcast-qual -Wredundant-decls -Wformat-security -MD -MT CMakeFiles/OpenSTA.dir/network/ConcreteNetwork.cc.o -MF CMakeFiles/OpenSTA.dir/network/ConcreteNetwork.cc.o.d -o CMakeFiles/OpenSTA.dir/network/ConcreteNetwork.cc.o -c /home/cmaier/EDA/OpenSTA/network/ConcreteNetwork.cc
[ 30%] Building CXX object CMakeFiles/OpenSTA.dir/network/HpinDrvrLoad.cc.o
/usr/bin/c++  -I/home/cmaier/EDA/OpenSTA/include -I/usr/include/tcl -I/home/cmaier/EDA/OpenSTA/include/sta -I/home/cmaier/EDA/OpenSTA -O3 -DNDEBUG -Wall -Wextra -pedantic -Wcast-qual -Wredundant-decls -Wformat-security -MD -MT CMakeFiles/OpenSTA.dir/network/HpinDrvrLoad.cc.o -MF CMakeFiles/OpenSTA.dir/network/HpinDrvrLoad.cc.o.d -o CMakeFiles/OpenSTA.dir/network/HpinDrvrLoad.cc.o -c /home/cmaier/EDA/OpenSTA/network/HpinDrvrLoad.cc
[ 31%] Building CXX object CMakeFiles/OpenSTA.dir/network/Network.cc.o
/usr/bin/c++  -I/home/cmaier/EDA/OpenSTA/include -I/usr/include/tcl -I/home/cmaier/EDA/OpenSTA/include/sta -I/home/cmaier/EDA/OpenSTA -O3 -DNDEBUG -Wall -Wextra -pedantic -Wcast-qual -Wredundant-decls -Wformat-security -MD -MT CMakeFiles/OpenSTA.dir/network/Network.cc.o -MF CMakeFiles/OpenSTA.dir/network/Network.cc.o.d -o CMakeFiles/OpenSTA.dir/network/Network.cc.o -c /home/cmaier/EDA/OpenSTA/network/Network.cc
[ 32%] Building CXX object CMakeFiles/OpenSTA.dir/network/NetworkCmp.cc.o
/usr/bin/c++  -I/home/cmaier/EDA/OpenSTA/include -I/usr/include/tcl -I/home/cmaier/EDA/OpenSTA/include/sta -I/home/cmaier/EDA/OpenSTA -O3 -DNDEBUG -Wall -Wextra -pedantic -Wcast-qual -Wredundant-decls -Wformat-security -MD -MT CMakeFiles/OpenSTA.dir/network/NetworkCmp.cc.o -MF CMakeFiles/OpenSTA.dir/network/NetworkCmp.cc.o.d -o CMakeFiles/OpenSTA.dir/network/NetworkCmp.cc.o -c /home/cmaier/EDA/OpenSTA/network/NetworkCmp.cc
[ 32%] Building CXX object CMakeFiles/OpenSTA.dir/network/ParseBus.cc.o
/usr/bin/c++  -I/home/cmaier/EDA/OpenSTA/include -I/usr/include/tcl -I/home/cmaier/EDA/OpenSTA/include/sta -I/home/cmaier/EDA/OpenSTA -O3 -DNDEBUG -Wall -Wextra -pedantic -Wcast-qual -Wredundant-decls -Wformat-security -MD -MT CMakeFiles/OpenSTA.dir/network/ParseBus.cc.o -MF CMakeFiles/OpenSTA.dir/network/ParseBus.cc.o.d -o CMakeFiles/OpenSTA.dir/network/ParseBus.cc.o -c /home/cmaier/EDA/OpenSTA/network/ParseBus.cc
[ 33%] Building CXX object CMakeFiles/OpenSTA.dir/network/PortDirection.cc.o
/usr/bin/c++  -I/home/cmaier/EDA/OpenSTA/include -I/usr/include/tcl -I/home/cmaier/EDA/OpenSTA/include/sta -I/home/cmaier/EDA/OpenSTA -O3 -DNDEBUG -Wall -Wextra -pedantic -Wcast-qual -Wredundant-decls -Wformat-security -MD -MT CMakeFiles/OpenSTA.dir/network/PortDirection.cc.o -MF CMakeFiles/OpenSTA.dir/network/PortDirection.cc.o.d -o CMakeFiles/OpenSTA.dir/network/PortDirection.cc.o -c /home/cmaier/EDA/OpenSTA/network/PortDirection.cc
[ 33%] Building CXX object CMakeFiles/OpenSTA.dir/network/SdcNetwork.cc.o
/usr/bin/c++  -I/home/cmaier/EDA/OpenSTA/include -I/usr/include/tcl -I/home/cmaier/EDA/OpenSTA/include/sta -I/home/cmaier/EDA/OpenSTA -O3 -DNDEBUG -Wall -Wextra -pedantic -Wcast-qual -Wredundant-decls -Wformat-security -MD -MT CMakeFiles/OpenSTA.dir/network/SdcNetwork.cc.o -MF CMakeFiles/OpenSTA.dir/network/SdcNetwork.cc.o.d -o CMakeFiles/OpenSTA.dir/network/SdcNetwork.cc.o -c /home/cmaier/EDA/OpenSTA/network/SdcNetwork.cc
[ 34%] Building CXX object CMakeFiles/OpenSTA.dir/network/VerilogNamespace.cc.o
/usr/bin/c++  -I/home/cmaier/EDA/OpenSTA/include -I/usr/include/tcl -I/home/cmaier/EDA/OpenSTA/include/sta -I/home/cmaier/EDA/OpenSTA -O3 -DNDEBUG -Wall -Wextra -pedantic -Wcast-qual -Wredundant-decls -Wformat-security -MD -MT CMakeFiles/OpenSTA.dir/network/VerilogNamespace.cc.o -MF CMakeFiles/OpenSTA.dir/network/VerilogNamespace.cc.o.d -o CMakeFiles/OpenSTA.dir/network/VerilogNamespace.cc.o -c /home/cmaier/EDA/OpenSTA/network/VerilogNamespace.cc
[ 35%] Building CXX object CMakeFiles/OpenSTA.dir/parasitics/ConcreteParasitics.cc.o
/usr/bin/c++  -I/home/cmaier/EDA/OpenSTA/include -I/usr/include/tcl -I/home/cmaier/EDA/OpenSTA/include/sta -I/home/cmaier/EDA/OpenSTA -O3 -DNDEBUG -Wall -Wextra -pedantic -Wcast-qual -Wredundant-decls -Wformat-security -MD -MT CMakeFiles/OpenSTA.dir/parasitics/ConcreteParasitics.cc.o -MF CMakeFiles/OpenSTA.dir/parasitics/ConcreteParasitics.cc.o.d -o CMakeFiles/OpenSTA.dir/parasitics/ConcreteParasitics.cc.o -c /home/cmaier/EDA/OpenSTA/parasitics/ConcreteParasitics.cc
[ 35%] Building CXX object CMakeFiles/OpenSTA.dir/parasitics/EstimateParasitics.cc.o
/usr/bin/c++  -I/home/cmaier/EDA/OpenSTA/include -I/usr/include/tcl -I/home/cmaier/EDA/OpenSTA/include/sta -I/home/cmaier/EDA/OpenSTA -O3 -DNDEBUG -Wall -Wextra -pedantic -Wcast-qual -Wredundant-decls -Wformat-security -MD -MT CMakeFiles/OpenSTA.dir/parasitics/EstimateParasitics.cc.o -MF CMakeFiles/OpenSTA.dir/parasitics/EstimateParasitics.cc.o.d -o CMakeFiles/OpenSTA.dir/parasitics/EstimateParasitics.cc.o -c /home/cmaier/EDA/OpenSTA/parasitics/EstimateParasitics.cc
[ 36%] Building CXX object CMakeFiles/OpenSTA.dir/parasitics/NullParasitics.cc.o
/usr/bin/c++  -I/home/cmaier/EDA/OpenSTA/include -I/usr/include/tcl -I/home/cmaier/EDA/OpenSTA/include/sta -I/home/cmaier/EDA/OpenSTA -O3 -DNDEBUG -Wall -Wextra -pedantic -Wcast-qual -Wredundant-decls -Wformat-security -MD -MT CMakeFiles/OpenSTA.dir/parasitics/NullParasitics.cc.o -MF CMakeFiles/OpenSTA.dir/parasitics/NullParasitics.cc.o.d -o CMakeFiles/OpenSTA.dir/parasitics/NullParasitics.cc.o -c /home/cmaier/EDA/OpenSTA/parasitics/NullParasitics.cc
[ 36%] Building CXX object CMakeFiles/OpenSTA.dir/parasitics/Parasitics.cc.o
/usr/bin/c++  -I/home/cmaier/EDA/OpenSTA/include -I/usr/include/tcl -I/home/cmaier/EDA/OpenSTA/include/sta -I/home/cmaier/EDA/OpenSTA -O3 -DNDEBUG -Wall -Wextra -pedantic -Wcast-qual -Wredundant-decls -Wformat-security -MD -MT CMakeFiles/OpenSTA.dir/parasitics/Parasitics.cc.o -MF CMakeFiles/OpenSTA.dir/parasitics/Parasitics.cc.o.d -o CMakeFiles/OpenSTA.dir/parasitics/Parasitics.cc.o -c /home/cmaier/EDA/OpenSTA/parasitics/Parasitics.cc
[ 37%] Building CXX object CMakeFiles/OpenSTA.dir/parasitics/ReduceParasitics.cc.o
/usr/bin/c++  -I/home/cmaier/EDA/OpenSTA/include -I/usr/include/tcl -I/home/cmaier/EDA/OpenSTA/include/sta -I/home/cmaier/EDA/OpenSTA -O3 -DNDEBUG -Wall -Wextra -pedantic -Wcast-qual -Wredundant-decls -Wformat-security -MD -MT CMakeFiles/OpenSTA.dir/parasitics/ReduceParasitics.cc.o -MF CMakeFiles/OpenSTA.dir/parasitics/ReduceParasitics.cc.o.d -o CMakeFiles/OpenSTA.dir/parasitics/ReduceParasitics.cc.o -c /home/cmaier/EDA/OpenSTA/parasitics/ReduceParasitics.cc
[ 38%] Building CXX object CMakeFiles/OpenSTA.dir/parasitics/SpefNamespace.cc.o
/usr/bin/c++  -I/home/cmaier/EDA/OpenSTA/include -I/usr/include/tcl -I/home/cmaier/EDA/OpenSTA/include/sta -I/home/cmaier/EDA/OpenSTA -O3 -DNDEBUG -Wall -Wextra -pedantic -Wcast-qual -Wredundant-decls -Wformat-security -MD -MT CMakeFiles/OpenSTA.dir/parasitics/SpefNamespace.cc.o -MF CMakeFiles/OpenSTA.dir/parasitics/SpefNamespace.cc.o.d -o CMakeFiles/OpenSTA.dir/parasitics/SpefNamespace.cc.o -c /home/cmaier/EDA/OpenSTA/parasitics/SpefNamespace.cc
[ 38%] Building CXX object CMakeFiles/OpenSTA.dir/parasitics/SpefReader.cc.o
/usr/bin/c++  -I/home/cmaier/EDA/OpenSTA/include -I/usr/include/tcl -I/home/cmaier/EDA/OpenSTA/include/sta -I/home/cmaier/EDA/OpenSTA -O3 -DNDEBUG -Wall -Wextra -pedantic -Wcast-qual -Wredundant-decls -Wformat-security -MD -MT CMakeFiles/OpenSTA.dir/parasitics/SpefReader.cc.o -MF CMakeFiles/OpenSTA.dir/parasitics/SpefReader.cc.o.d -o CMakeFiles/OpenSTA.dir/parasitics/SpefReader.cc.o -c /home/cmaier/EDA/OpenSTA/parasitics/SpefReader.cc
[ 39%] Building CXX object CMakeFiles/OpenSTA.dir/sdc/Clock.cc.o
/usr/bin/c++  -I/home/cmaier/EDA/OpenSTA/include -I/usr/include/tcl -I/home/cmaier/EDA/OpenSTA/include/sta -I/home/cmaier/EDA/OpenSTA -O3 -DNDEBUG -Wall -Wextra -pedantic -Wcast-qual -Wredundant-decls -Wformat-security -MD -MT CMakeFiles/OpenSTA.dir/sdc/Clock.cc.o -MF CMakeFiles/OpenSTA.dir/sdc/Clock.cc.o.d -o CMakeFiles/OpenSTA.dir/sdc/Clock.cc.o -c /home/cmaier/EDA/OpenSTA/sdc/Clock.cc
[ 40%] Building CXX object CMakeFiles/OpenSTA.dir/sdc/ClockGatingCheck.cc.o
/usr/bin/c++  -I/home/cmaier/EDA/OpenSTA/include -I/usr/include/tcl -I/home/cmaier/EDA/OpenSTA/include/sta -I/home/cmaier/EDA/OpenSTA -O3 -DNDEBUG -Wall -Wextra -pedantic -Wcast-qual -Wredundant-decls -Wformat-security -MD -MT CMakeFiles/OpenSTA.dir/sdc/ClockGatingCheck.cc.o -MF CMakeFiles/OpenSTA.dir/sdc/ClockGatingCheck.cc.o.d -o CMakeFiles/OpenSTA.dir/sdc/ClockGatingCheck.cc.o -c /home/cmaier/EDA/OpenSTA/sdc/ClockGatingCheck.cc
[ 40%] Building CXX object CMakeFiles/OpenSTA.dir/sdc/ClockGroups.cc.o
/usr/bin/c++  -I/home/cmaier/EDA/OpenSTA/include -I/usr/include/tcl -I/home/cmaier/EDA/OpenSTA/include/sta -I/home/cmaier/EDA/OpenSTA -O3 -DNDEBUG -Wall -Wextra -pedantic -Wcast-qual -Wredundant-decls -Wformat-security -MD -MT CMakeFiles/OpenSTA.dir/sdc/ClockGroups.cc.o -MF CMakeFiles/OpenSTA.dir/sdc/ClockGroups.cc.o.d -o CMakeFiles/OpenSTA.dir/sdc/ClockGroups.cc.o -c /home/cmaier/EDA/OpenSTA/sdc/ClockGroups.cc
[ 41%] Building CXX object CMakeFiles/OpenSTA.dir/sdc/ClockInsertion.cc.o
/usr/bin/c++  -I/home/cmaier/EDA/OpenSTA/include -I/usr/include/tcl -I/home/cmaier/EDA/OpenSTA/include/sta -I/home/cmaier/EDA/OpenSTA -O3 -DNDEBUG -Wall -Wextra -pedantic -Wcast-qual -Wredundant-decls -Wformat-security -MD -MT CMakeFiles/OpenSTA.dir/sdc/ClockInsertion.cc.o -MF CMakeFiles/OpenSTA.dir/sdc/ClockInsertion.cc.o.d -o CMakeFiles/OpenSTA.dir/sdc/ClockInsertion.cc.o -c /home/cmaier/EDA/OpenSTA/sdc/ClockInsertion.cc
[ 41%] Building CXX object CMakeFiles/OpenSTA.dir/sdc/ClockLatency.cc.o
/usr/bin/c++  -I/home/cmaier/EDA/OpenSTA/include -I/usr/include/tcl -I/home/cmaier/EDA/OpenSTA/include/sta -I/home/cmaier/EDA/OpenSTA -O3 -DNDEBUG -Wall -Wextra -pedantic -Wcast-qual -Wredundant-decls -Wformat-security -MD -MT CMakeFiles/OpenSTA.dir/sdc/ClockLatency.cc.o -MF CMakeFiles/OpenSTA.dir/sdc/ClockLatency.cc.o.d -o CMakeFiles/OpenSTA.dir/sdc/ClockLatency.cc.o -c /home/cmaier/EDA/OpenSTA/sdc/ClockLatency.cc
[ 42%] Building CXX object CMakeFiles/OpenSTA.dir/sdc/CycleAccting.cc.o
/usr/bin/c++  -I/home/cmaier/EDA/OpenSTA/include -I/usr/include/tcl -I/home/cmaier/EDA/OpenSTA/include/sta -I/home/cmaier/EDA/OpenSTA -O3 -DNDEBUG -Wall -Wextra -pedantic -Wcast-qual -Wredundant-decls -Wformat-security -MD -MT CMakeFiles/OpenSTA.dir/sdc/CycleAccting.cc.o -MF CMakeFiles/OpenSTA.dir/sdc/CycleAccting.cc.o.d -o CMakeFiles/OpenSTA.dir/sdc/CycleAccting.cc.o -c /home/cmaier/EDA/OpenSTA/sdc/CycleAccting.cc
[ 43%] Building CXX object CMakeFiles/OpenSTA.dir/sdc/DataCheck.cc.o
/usr/bin/c++  -I/home/cmaier/EDA/OpenSTA/include -I/usr/include/tcl -I/home/cmaier/EDA/OpenSTA/include/sta -I/home/cmaier/EDA/OpenSTA -O3 -DNDEBUG -Wall -Wextra -pedantic -Wcast-qual -Wredundant-decls -Wformat-security -MD -MT CMakeFiles/OpenSTA.dir/sdc/DataCheck.cc.o -MF CMakeFiles/OpenSTA.dir/sdc/DataCheck.cc.o.d -o CMakeFiles/OpenSTA.dir/sdc/DataCheck.cc.o -c /home/cmaier/EDA/OpenSTA/sdc/DataCheck.cc
[ 43%] Building CXX object CMakeFiles/OpenSTA.dir/sdc/DeratingFactors.cc.o
/usr/bin/c++  -I/home/cmaier/EDA/OpenSTA/include -I/usr/include/tcl -I/home/cmaier/EDA/OpenSTA/include/sta -I/home/cmaier/EDA/OpenSTA -O3 -DNDEBUG -Wall -Wextra -pedantic -Wcast-qual -Wredundant-decls -Wformat-security -MD -MT CMakeFiles/OpenSTA.dir/sdc/DeratingFactors.cc.o -MF CMakeFiles/OpenSTA.dir/sdc/DeratingFactors.cc.o.d -o CMakeFiles/OpenSTA.dir/sdc/DeratingFactors.cc.o -c /home/cmaier/EDA/OpenSTA/sdc/DeratingFactors.cc
[ 44%] Building CXX object CMakeFiles/OpenSTA.dir/sdc/DisabledPorts.cc.o
/usr/bin/c++  -I/home/cmaier/EDA/OpenSTA/include -I/usr/include/tcl -I/home/cmaier/EDA/OpenSTA/include/sta -I/home/cmaier/EDA/OpenSTA -O3 -DNDEBUG -Wall -Wextra -pedantic -Wcast-qual -Wredundant-decls -Wformat-security -MD -MT CMakeFiles/OpenSTA.dir/sdc/DisabledPorts.cc.o -MF CMakeFiles/OpenSTA.dir/sdc/DisabledPorts.cc.o.d -o CMakeFiles/OpenSTA.dir/sdc/DisabledPorts.cc.o -c /home/cmaier/EDA/OpenSTA/sdc/DisabledPorts.cc
[ 44%] Building CXX object CMakeFiles/OpenSTA.dir/sdc/ExceptionPath.cc.o
/usr/bin/c++  -I/home/cmaier/EDA/OpenSTA/include -I/usr/include/tcl -I/home/cmaier/EDA/OpenSTA/include/sta -I/home/cmaier/EDA/OpenSTA -O3 -DNDEBUG -Wall -Wextra -pedantic -Wcast-qual -Wredundant-decls -Wformat-security -MD -MT CMakeFiles/OpenSTA.dir/sdc/ExceptionPath.cc.o -MF CMakeFiles/OpenSTA.dir/sdc/ExceptionPath.cc.o.d -o CMakeFiles/OpenSTA.dir/sdc/ExceptionPath.cc.o -c /home/cmaier/EDA/OpenSTA/sdc/ExceptionPath.cc
[ 45%] Building CXX object CMakeFiles/OpenSTA.dir/sdc/InputDrive.cc.o
/usr/bin/c++  -I/home/cmaier/EDA/OpenSTA/include -I/usr/include/tcl -I/home/cmaier/EDA/OpenSTA/include/sta -I/home/cmaier/EDA/OpenSTA -O3 -DNDEBUG -Wall -Wextra -pedantic -Wcast-qual -Wredundant-decls -Wformat-security -MD -MT CMakeFiles/OpenSTA.dir/sdc/InputDrive.cc.o -MF CMakeFiles/OpenSTA.dir/sdc/InputDrive.cc.o.d -o CMakeFiles/OpenSTA.dir/sdc/InputDrive.cc.o -c /home/cmaier/EDA/OpenSTA/sdc/InputDrive.cc
[ 46%] Building CXX object CMakeFiles/OpenSTA.dir/sdc/PinPair.cc.o
/usr/bin/c++  -I/home/cmaier/EDA/OpenSTA/include -I/usr/include/tcl -I/home/cmaier/EDA/OpenSTA/include/sta -I/home/cmaier/EDA/OpenSTA -O3 -DNDEBUG -Wall -Wextra -pedantic -Wcast-qual -Wredundant-decls -Wformat-security -MD -MT CMakeFiles/OpenSTA.dir/sdc/PinPair.cc.o -MF CMakeFiles/OpenSTA.dir/sdc/PinPair.cc.o.d -o CMakeFiles/OpenSTA.dir/sdc/PinPair.cc.o -c /home/cmaier/EDA/OpenSTA/sdc/PinPair.cc
[ 46%] Building CXX object CMakeFiles/OpenSTA.dir/sdc/PortDelay.cc.o
/usr/bin/c++  -I/home/cmaier/EDA/OpenSTA/include -I/usr/include/tcl -I/home/cmaier/EDA/OpenSTA/include/sta -I/home/cmaier/EDA/OpenSTA -O3 -DNDEBUG -Wall -Wextra -pedantic -Wcast-qual -Wredundant-decls -Wformat-security -MD -MT CMakeFiles/OpenSTA.dir/sdc/PortDelay.cc.o -MF CMakeFiles/OpenSTA.dir/sdc/PortDelay.cc.o.d -o CMakeFiles/OpenSTA.dir/sdc/PortDelay.cc.o -c /home/cmaier/EDA/OpenSTA/sdc/PortDelay.cc
[ 47%] Building CXX object CMakeFiles/OpenSTA.dir/sdc/PortExtCap.cc.o
/usr/bin/c++  -I/home/cmaier/EDA/OpenSTA/include -I/usr/include/tcl -I/home/cmaier/EDA/OpenSTA/include/sta -I/home/cmaier/EDA/OpenSTA -O3 -DNDEBUG -Wall -Wextra -pedantic -Wcast-qual -Wredundant-decls -Wformat-security -MD -MT CMakeFiles/OpenSTA.dir/sdc/PortExtCap.cc.o -MF CMakeFiles/OpenSTA.dir/sdc/PortExtCap.cc.o.d -o CMakeFiles/OpenSTA.dir/sdc/PortExtCap.cc.o -c /home/cmaier/EDA/OpenSTA/sdc/PortExtCap.cc
[ 47%] Building CXX object CMakeFiles/OpenSTA.dir/sdc/RiseFallMinMax.cc.o
/usr/bin/c++  -I/home/cmaier/EDA/OpenSTA/include -I/usr/include/tcl -I/home/cmaier/EDA/OpenSTA/include/sta -I/home/cmaier/EDA/OpenSTA -O3 -DNDEBUG -Wall -Wextra -pedantic -Wcast-qual -Wredundant-decls -Wformat-security -MD -MT CMakeFiles/OpenSTA.dir/sdc/RiseFallMinMax.cc.o -MF CMakeFiles/OpenSTA.dir/sdc/RiseFallMinMax.cc.o.d -o CMakeFiles/OpenSTA.dir/sdc/RiseFallMinMax.cc.o -c /home/cmaier/EDA/OpenSTA/sdc/RiseFallMinMax.cc
[ 48%] Building CXX object CMakeFiles/OpenSTA.dir/sdc/RiseFallValues.cc.o
/usr/bin/c++  -I/home/cmaier/EDA/OpenSTA/include -I/usr/include/tcl -I/home/cmaier/EDA/OpenSTA/include/sta -I/home/cmaier/EDA/OpenSTA -O3 -DNDEBUG -Wall -Wextra -pedantic -Wcast-qual -Wredundant-decls -Wformat-security -MD -MT CMakeFiles/OpenSTA.dir/sdc/RiseFallValues.cc.o -MF CMakeFiles/OpenSTA.dir/sdc/RiseFallValues.cc.o.d -o CMakeFiles/OpenSTA.dir/sdc/RiseFallValues.cc.o -c /home/cmaier/EDA/OpenSTA/sdc/RiseFallValues.cc
[ 49%] Building CXX object CMakeFiles/OpenSTA.dir/sdc/Sdc.cc.o
/usr/bin/c++  -I/home/cmaier/EDA/OpenSTA/include -I/usr/include/tcl -I/home/cmaier/EDA/OpenSTA/include/sta -I/home/cmaier/EDA/OpenSTA -O3 -DNDEBUG -Wall -Wextra -pedantic -Wcast-qual -Wredundant-decls -Wformat-security -MD -MT CMakeFiles/OpenSTA.dir/sdc/Sdc.cc.o -MF CMakeFiles/OpenSTA.dir/sdc/Sdc.cc.o.d -o CMakeFiles/OpenSTA.dir/sdc/Sdc.cc.o -c /home/cmaier/EDA/OpenSTA/sdc/Sdc.cc
[ 49%] Building CXX object CMakeFiles/OpenSTA.dir/sdc/SdcGraph.cc.o
/usr/bin/c++  -I/home/cmaier/EDA/OpenSTA/include -I/usr/include/tcl -I/home/cmaier/EDA/OpenSTA/include/sta -I/home/cmaier/EDA/OpenSTA -O3 -DNDEBUG -Wall -Wextra -pedantic -Wcast-qual -Wredundant-decls -Wformat-security -MD -MT CMakeFiles/OpenSTA.dir/sdc/SdcGraph.cc.o -MF CMakeFiles/OpenSTA.dir/sdc/SdcGraph.cc.o.d -o CMakeFiles/OpenSTA.dir/sdc/SdcGraph.cc.o -c /home/cmaier/EDA/OpenSTA/sdc/SdcGraph.cc
[ 50%] Building CXX object CMakeFiles/OpenSTA.dir/sdc/SdcCmdComment.cc.o
/usr/bin/c++  -I/home/cmaier/EDA/OpenSTA/include -I/usr/include/tcl -I/home/cmaier/EDA/OpenSTA/include/sta -I/home/cmaier/EDA/OpenSTA -O3 -DNDEBUG -Wall -Wextra -pedantic -Wcast-qual -Wredundant-decls -Wformat-security -MD -MT CMakeFiles/OpenSTA.dir/sdc/SdcCmdComment.cc.o -MF CMakeFiles/OpenSTA.dir/sdc/SdcCmdComment.cc.o.d -o CMakeFiles/OpenSTA.dir/sdc/SdcCmdComment.cc.o -c /home/cmaier/EDA/OpenSTA/sdc/SdcCmdComment.cc
[ 50%] Building CXX object CMakeFiles/OpenSTA.dir/sdc/WriteSdc.cc.o
/usr/bin/c++  -I/home/cmaier/EDA/OpenSTA/include -I/usr/include/tcl -I/home/cmaier/EDA/OpenSTA/include/sta -I/home/cmaier/EDA/OpenSTA -O3 -DNDEBUG -Wall -Wextra -pedantic -Wcast-qual -Wredundant-decls -Wformat-security -MD -MT CMakeFiles/OpenSTA.dir/sdc/WriteSdc.cc.o -MF CMakeFiles/OpenSTA.dir/sdc/WriteSdc.cc.o.d -o CMakeFiles/OpenSTA.dir/sdc/WriteSdc.cc.o -c /home/cmaier/EDA/OpenSTA/sdc/WriteSdc.cc
[ 51%] Building CXX object CMakeFiles/OpenSTA.dir/sdf/ReportAnnotation.cc.o
/usr/bin/c++  -I/home/cmaier/EDA/OpenSTA/include -I/usr/include/tcl -I/home/cmaier/EDA/OpenSTA/include/sta -I/home/cmaier/EDA/OpenSTA -O3 -DNDEBUG -Wall -Wextra -pedantic -Wcast-qual -Wredundant-decls -Wformat-security -MD -MT CMakeFiles/OpenSTA.dir/sdf/ReportAnnotation.cc.o -MF CMakeFiles/OpenSTA.dir/sdf/ReportAnnotation.cc.o.d -o CMakeFiles/OpenSTA.dir/sdf/ReportAnnotation.cc.o -c /home/cmaier/EDA/OpenSTA/sdf/ReportAnnotation.cc
[ 52%] Building CXX object CMakeFiles/OpenSTA.dir/sdf/SdfReader.cc.o
/usr/bin/c++  -I/home/cmaier/EDA/OpenSTA/include -I/usr/include/tcl -I/home/cmaier/EDA/OpenSTA/include/sta -I/home/cmaier/EDA/OpenSTA -O3 -DNDEBUG -Wall -Wextra -pedantic -Wcast-qual -Wredundant-decls -Wformat-security -MD -MT CMakeFiles/OpenSTA.dir/sdf/SdfReader.cc.o -MF CMakeFiles/OpenSTA.dir/sdf/SdfReader.cc.o.d -o CMakeFiles/OpenSTA.dir/sdf/SdfReader.cc.o -c /home/cmaier/EDA/OpenSTA/sdf/SdfReader.cc
[ 52%] Building CXX object CMakeFiles/OpenSTA.dir/sdf/SdfWriter.cc.o
/usr/bin/c++  -I/home/cmaier/EDA/OpenSTA/include -I/usr/include/tcl -I/home/cmaier/EDA/OpenSTA/include/sta -I/home/cmaier/EDA/OpenSTA -O3 -DNDEBUG -Wall -Wextra -pedantic -Wcast-qual -Wredundant-decls -Wformat-security -MD -MT CMakeFiles/OpenSTA.dir/sdf/SdfWriter.cc.o -MF CMakeFiles/OpenSTA.dir/sdf/SdfWriter.cc.o.d -o CMakeFiles/OpenSTA.dir/sdf/SdfWriter.cc.o -c /home/cmaier/EDA/OpenSTA/sdf/SdfWriter.cc
[ 53%] Building CXX object CMakeFiles/OpenSTA.dir/search/Bfs.cc.o
/usr/bin/c++  -I/home/cmaier/EDA/OpenSTA/include -I/usr/include/tcl -I/home/cmaier/EDA/OpenSTA/include/sta -I/home/cmaier/EDA/OpenSTA -O3 -DNDEBUG -Wall -Wextra -pedantic -Wcast-qual -Wredundant-decls -Wformat-security -MD -MT CMakeFiles/OpenSTA.dir/search/Bfs.cc.o -MF CMakeFiles/OpenSTA.dir/search/Bfs.cc.o.d -o CMakeFiles/OpenSTA.dir/search/Bfs.cc.o -c /home/cmaier/EDA/OpenSTA/search/Bfs.cc
[ 53%] Building CXX object CMakeFiles/OpenSTA.dir/search/CheckMaxSkews.cc.o
/usr/bin/c++  -I/home/cmaier/EDA/OpenSTA/include -I/usr/include/tcl -I/home/cmaier/EDA/OpenSTA/include/sta -I/home/cmaier/EDA/OpenSTA -O3 -DNDEBUG -Wall -Wextra -pedantic -Wcast-qual -Wredundant-decls -Wformat-security -MD -MT CMakeFiles/OpenSTA.dir/search/CheckMaxSkews.cc.o -MF CMakeFiles/OpenSTA.dir/search/CheckMaxSkews.cc.o.d -o CMakeFiles/OpenSTA.dir/search/CheckMaxSkews.cc.o -c /home/cmaier/EDA/OpenSTA/search/CheckMaxSkews.cc
[ 54%] Building CXX object CMakeFiles/OpenSTA.dir/search/CheckMinPeriods.cc.o
/usr/bin/c++  -I/home/cmaier/EDA/OpenSTA/include -I/usr/include/tcl -I/home/cmaier/EDA/OpenSTA/include/sta -I/home/cmaier/EDA/OpenSTA -O3 -DNDEBUG -Wall -Wextra -pedantic -Wcast-qual -Wredundant-decls -Wformat-security -MD -MT CMakeFiles/OpenSTA.dir/search/CheckMinPeriods.cc.o -MF CMakeFiles/OpenSTA.dir/search/CheckMinPeriods.cc.o.d -o CMakeFiles/OpenSTA.dir/search/CheckMinPeriods.cc.o -c /home/cmaier/EDA/OpenSTA/search/CheckMinPeriods.cc
[ 55%] Building CXX object CMakeFiles/OpenSTA.dir/search/CheckMinPulseWidths.cc.o
/usr/bin/c++  -I/home/cmaier/EDA/OpenSTA/include -I/usr/include/tcl -I/home/cmaier/EDA/OpenSTA/include/sta -I/home/cmaier/EDA/OpenSTA -O3 -DNDEBUG -Wall -Wextra -pedantic -Wcast-qual -Wredundant-decls -Wformat-security -MD -MT CMakeFiles/OpenSTA.dir/search/CheckMinPulseWidths.cc.o -MF CMakeFiles/OpenSTA.dir/search/CheckMinPulseWidths.cc.o.d -o CMakeFiles/OpenSTA.dir/search/CheckMinPulseWidths.cc.o -c /home/cmaier/EDA/OpenSTA/search/CheckMinPulseWidths.cc
[ 55%] Building CXX object CMakeFiles/OpenSTA.dir/search/CheckCapacitanceLimits.cc.o
/usr/bin/c++  -I/home/cmaier/EDA/OpenSTA/include -I/usr/include/tcl -I/home/cmaier/EDA/OpenSTA/include/sta -I/home/cmaier/EDA/OpenSTA -O3 -DNDEBUG -Wall -Wextra -pedantic -Wcast-qual -Wredundant-decls -Wformat-security -MD -MT CMakeFiles/OpenSTA.dir/search/CheckCapacitanceLimits.cc.o -MF CMakeFiles/OpenSTA.dir/search/CheckCapacitanceLimits.cc.o.d -o CMakeFiles/OpenSTA.dir/search/CheckCapacitanceLimits.cc.o -c /home/cmaier/EDA/OpenSTA/search/CheckCapacitanceLimits.cc
[ 56%] Building CXX object CMakeFiles/OpenSTA.dir/search/CheckFanoutLimits.cc.o
/usr/bin/c++  -I/home/cmaier/EDA/OpenSTA/include -I/usr/include/tcl -I/home/cmaier/EDA/OpenSTA/include/sta -I/home/cmaier/EDA/OpenSTA -O3 -DNDEBUG -Wall -Wextra -pedantic -Wcast-qual -Wredundant-decls -Wformat-security -MD -MT CMakeFiles/OpenSTA.dir/search/CheckFanoutLimits.cc.o -MF CMakeFiles/OpenSTA.dir/search/CheckFanoutLimits.cc.o.d -o CMakeFiles/OpenSTA.dir/search/CheckFanoutLimits.cc.o -c /home/cmaier/EDA/OpenSTA/search/CheckFanoutLimits.cc
[ 56%] Building CXX object CMakeFiles/OpenSTA.dir/search/CheckSlewLimits.cc.o
/usr/bin/c++  -I/home/cmaier/EDA/OpenSTA/include -I/usr/include/tcl -I/home/cmaier/EDA/OpenSTA/include/sta -I/home/cmaier/EDA/OpenSTA -O3 -DNDEBUG -Wall -Wextra -pedantic -Wcast-qual -Wredundant-decls -Wformat-security -MD -MT CMakeFiles/OpenSTA.dir/search/CheckSlewLimits.cc.o -MF CMakeFiles/OpenSTA.dir/search/CheckSlewLimits.cc.o.d -o CMakeFiles/OpenSTA.dir/search/CheckSlewLimits.cc.o -c /home/cmaier/EDA/OpenSTA/search/CheckSlewLimits.cc
[ 57%] Building CXX object CMakeFiles/OpenSTA.dir/search/CheckTiming.cc.o
/usr/bin/c++  -I/home/cmaier/EDA/OpenSTA/include -I/usr/include/tcl -I/home/cmaier/EDA/OpenSTA/include/sta -I/home/cmaier/EDA/OpenSTA -O3 -DNDEBUG -Wall -Wextra -pedantic -Wcast-qual -Wredundant-decls -Wformat-security -MD -MT CMakeFiles/OpenSTA.dir/search/CheckTiming.cc.o -MF CMakeFiles/OpenSTA.dir/search/CheckTiming.cc.o.d -o CMakeFiles/OpenSTA.dir/search/CheckTiming.cc.o -c /home/cmaier/EDA/OpenSTA/search/CheckTiming.cc
[ 58%] Building CXX object CMakeFiles/OpenSTA.dir/search/ClkInfo.cc.o
/usr/bin/c++  -I/home/cmaier/EDA/OpenSTA/include -I/usr/include/tcl -I/home/cmaier/EDA/OpenSTA/include/sta -I/home/cmaier/EDA/OpenSTA -O3 -DNDEBUG -Wall -Wextra -pedantic -Wcast-qual -Wredundant-decls -Wformat-security -MD -MT CMakeFiles/OpenSTA.dir/search/ClkInfo.cc.o -MF CMakeFiles/OpenSTA.dir/search/ClkInfo.cc.o.d -o CMakeFiles/OpenSTA.dir/search/ClkInfo.cc.o -c /home/cmaier/EDA/OpenSTA/search/ClkInfo.cc
[ 58%] Building CXX object CMakeFiles/OpenSTA.dir/search/ClkNetwork.cc.o
/usr/bin/c++  -I/home/cmaier/EDA/OpenSTA/include -I/usr/include/tcl -I/home/cmaier/EDA/OpenSTA/include/sta -I/home/cmaier/EDA/OpenSTA -O3 -DNDEBUG -Wall -Wextra -pedantic -Wcast-qual -Wredundant-decls -Wformat-security -MD -MT CMakeFiles/OpenSTA.dir/search/ClkNetwork.cc.o -MF CMakeFiles/OpenSTA.dir/search/ClkNetwork.cc.o.d -o CMakeFiles/OpenSTA.dir/search/ClkNetwork.cc.o -c /home/cmaier/EDA/OpenSTA/search/ClkNetwork.cc
[ 59%] Building CXX object CMakeFiles/OpenSTA.dir/search/ClkSkew.cc.o
/usr/bin/c++  -I/home/cmaier/EDA/OpenSTA/include -I/usr/include/tcl -I/home/cmaier/EDA/OpenSTA/include/sta -I/home/cmaier/EDA/OpenSTA -O3 -DNDEBUG -Wall -Wextra -pedantic -Wcast-qual -Wredundant-decls -Wformat-security -MD -MT CMakeFiles/OpenSTA.dir/search/ClkSkew.cc.o -MF CMakeFiles/OpenSTA.dir/search/ClkSkew.cc.o.d -o CMakeFiles/OpenSTA.dir/search/ClkSkew.cc.o -c /home/cmaier/EDA/OpenSTA/search/ClkSkew.cc
[ 60%] Building CXX object CMakeFiles/OpenSTA.dir/search/Corner.cc.o
/usr/bin/c++  -I/home/cmaier/EDA/OpenSTA/include -I/usr/include/tcl -I/home/cmaier/EDA/OpenSTA/include/sta -I/home/cmaier/EDA/OpenSTA -O3 -DNDEBUG -Wall -Wextra -pedantic -Wcast-qual -Wredundant-decls -Wformat-security -MD -MT CMakeFiles/OpenSTA.dir/search/Corner.cc.o -MF CMakeFiles/OpenSTA.dir/search/Corner.cc.o.d -o CMakeFiles/OpenSTA.dir/search/Corner.cc.o -c /home/cmaier/EDA/OpenSTA/search/Corner.cc
[ 60%] Building CXX object CMakeFiles/OpenSTA.dir/search/Crpr.cc.o
/usr/bin/c++  -I/home/cmaier/EDA/OpenSTA/include -I/usr/include/tcl -I/home/cmaier/EDA/OpenSTA/include/sta -I/home/cmaier/EDA/OpenSTA -O3 -DNDEBUG -Wall -Wextra -pedantic -Wcast-qual -Wredundant-decls -Wformat-security -MD -MT CMakeFiles/OpenSTA.dir/search/Crpr.cc.o -MF CMakeFiles/OpenSTA.dir/search/Crpr.cc.o.d -o CMakeFiles/OpenSTA.dir/search/Crpr.cc.o -c /home/cmaier/EDA/OpenSTA/search/Crpr.cc
[ 61%] Building CXX object CMakeFiles/OpenSTA.dir/search/FindRegister.cc.o
/usr/bin/c++  -I/home/cmaier/EDA/OpenSTA/include -I/usr/include/tcl -I/home/cmaier/EDA/OpenSTA/include/sta -I/home/cmaier/EDA/OpenSTA -O3 -DNDEBUG -Wall -Wextra -pedantic -Wcast-qual -Wredundant-decls -Wformat-security -MD -MT CMakeFiles/OpenSTA.dir/search/FindRegister.cc.o -MF CMakeFiles/OpenSTA.dir/search/FindRegister.cc.o.d -o CMakeFiles/OpenSTA.dir/search/FindRegister.cc.o -c /home/cmaier/EDA/OpenSTA/search/FindRegister.cc
[ 61%] Building CXX object CMakeFiles/OpenSTA.dir/search/GatedClk.cc.o
/usr/bin/c++  -I/home/cmaier/EDA/OpenSTA/include -I/usr/include/tcl -I/home/cmaier/EDA/OpenSTA/include/sta -I/home/cmaier/EDA/OpenSTA -O3 -DNDEBUG -Wall -Wextra -pedantic -Wcast-qual -Wredundant-decls -Wformat-security -MD -MT CMakeFiles/OpenSTA.dir/search/GatedClk.cc.o -MF CMakeFiles/OpenSTA.dir/search/GatedClk.cc.o.d -o CMakeFiles/OpenSTA.dir/search/GatedClk.cc.o -c /home/cmaier/EDA/OpenSTA/search/GatedClk.cc
[ 62%] Building CXX object CMakeFiles/OpenSTA.dir/search/Genclks.cc.o
/usr/bin/c++  -I/home/cmaier/EDA/OpenSTA/include -I/usr/include/tcl -I/home/cmaier/EDA/OpenSTA/include/sta -I/home/cmaier/EDA/OpenSTA -O3 -DNDEBUG -Wall -Wextra -pedantic -Wcast-qual -Wredundant-decls -Wformat-security -MD -MT CMakeFiles/OpenSTA.dir/search/Genclks.cc.o -MF CMakeFiles/OpenSTA.dir/search/Genclks.cc.o.d -o CMakeFiles/OpenSTA.dir/search/Genclks.cc.o -c /home/cmaier/EDA/OpenSTA/search/Genclks.cc
[ 63%] Building CXX object CMakeFiles/OpenSTA.dir/search/Latches.cc.o
/usr/bin/c++  -I/home/cmaier/EDA/OpenSTA/include -I/usr/include/tcl -I/home/cmaier/EDA/OpenSTA/include/sta -I/home/cmaier/EDA/OpenSTA -O3 -DNDEBUG -Wall -Wextra -pedantic -Wcast-qual -Wredundant-decls -Wformat-security -MD -MT CMakeFiles/OpenSTA.dir/search/Latches.cc.o -MF CMakeFiles/OpenSTA.dir/search/Latches.cc.o.d -o CMakeFiles/OpenSTA.dir/search/Latches.cc.o -c /home/cmaier/EDA/OpenSTA/search/Latches.cc
[ 63%] Building CXX object CMakeFiles/OpenSTA.dir/search/Levelize.cc.o
/usr/bin/c++  -I/home/cmaier/EDA/OpenSTA/include -I/usr/include/tcl -I/home/cmaier/EDA/OpenSTA/include/sta -I/home/cmaier/EDA/OpenSTA -O3 -DNDEBUG -Wall -Wextra -pedantic -Wcast-qual -Wredundant-decls -Wformat-security -MD -MT CMakeFiles/OpenSTA.dir/search/Levelize.cc.o -MF CMakeFiles/OpenSTA.dir/search/Levelize.cc.o.d -o CMakeFiles/OpenSTA.dir/search/Levelize.cc.o -c /home/cmaier/EDA/OpenSTA/search/Levelize.cc
[ 64%] Building CXX object CMakeFiles/OpenSTA.dir/search/Path.cc.o
/usr/bin/c++  -I/home/cmaier/EDA/OpenSTA/include -I/usr/include/tcl -I/home/cmaier/EDA/OpenSTA/include/sta -I/home/cmaier/EDA/OpenSTA -O3 -DNDEBUG -Wall -Wextra -pedantic -Wcast-qual -Wredundant-decls -Wformat-security -MD -MT CMakeFiles/OpenSTA.dir/search/Path.cc.o -MF CMakeFiles/OpenSTA.dir/search/Path.cc.o.d -o CMakeFiles/OpenSTA.dir/search/Path.cc.o -c /home/cmaier/EDA/OpenSTA/search/Path.cc
[ 64%] Building CXX object CMakeFiles/OpenSTA.dir/search/PathAnalysisPt.cc.o
/usr/bin/c++  -I/home/cmaier/EDA/OpenSTA/include -I/usr/include/tcl -I/home/cmaier/EDA/OpenSTA/include/sta -I/home/cmaier/EDA/OpenSTA -O3 -DNDEBUG -Wall -Wextra -pedantic -Wcast-qual -Wredundant-decls -Wformat-security -MD -MT CMakeFiles/OpenSTA.dir/search/PathAnalysisPt.cc.o -MF CMakeFiles/OpenSTA.dir/search/PathAnalysisPt.cc.o.d -o CMakeFiles/OpenSTA.dir/search/PathAnalysisPt.cc.o -c /home/cmaier/EDA/OpenSTA/search/PathAnalysisPt.cc
[ 65%] Building CXX object CMakeFiles/OpenSTA.dir/search/PathEnd.cc.o
/usr/bin/c++  -I/home/cmaier/EDA/OpenSTA/include -I/usr/include/tcl -I/home/cmaier/EDA/OpenSTA/include/sta -I/home/cmaier/EDA/OpenSTA -O3 -DNDEBUG -Wall -Wextra -pedantic -Wcast-qual -Wredundant-decls -Wformat-security -MD -MT CMakeFiles/OpenSTA.dir/search/PathEnd.cc.o -MF CMakeFiles/OpenSTA.dir/search/PathEnd.cc.o.d -o CMakeFiles/OpenSTA.dir/search/PathEnd.cc.o -c /home/cmaier/EDA/OpenSTA/search/PathEnd.cc
[ 66%] Building CXX object CMakeFiles/OpenSTA.dir/search/PathEnum.cc.o
/usr/bin/c++  -I/home/cmaier/EDA/OpenSTA/include -I/usr/include/tcl -I/home/cmaier/EDA/OpenSTA/include/sta -I/home/cmaier/EDA/OpenSTA -O3 -DNDEBUG -Wall -Wextra -pedantic -Wcast-qual -Wredundant-decls -Wformat-security -MD -MT CMakeFiles/OpenSTA.dir/search/PathEnum.cc.o -MF CMakeFiles/OpenSTA.dir/search/PathEnum.cc.o.d -o CMakeFiles/OpenSTA.dir/search/PathEnum.cc.o -c /home/cmaier/EDA/OpenSTA/search/PathEnum.cc
[ 66%] Building CXX object CMakeFiles/OpenSTA.dir/search/PathEnumed.cc.o
/usr/bin/c++  -I/home/cmaier/EDA/OpenSTA/include -I/usr/include/tcl -I/home/cmaier/EDA/OpenSTA/include/sta -I/home/cmaier/EDA/OpenSTA -O3 -DNDEBUG -Wall -Wextra -pedantic -Wcast-qual -Wredundant-decls -Wformat-security -MD -MT CMakeFiles/OpenSTA.dir/search/PathEnumed.cc.o -MF CMakeFiles/OpenSTA.dir/search/PathEnumed.cc.o.d -o CMakeFiles/OpenSTA.dir/search/PathEnumed.cc.o -c /home/cmaier/EDA/OpenSTA/search/PathEnumed.cc
[ 67%] Building CXX object CMakeFiles/OpenSTA.dir/search/PathExpanded.cc.o
/usr/bin/c++  -I/home/cmaier/EDA/OpenSTA/include -I/usr/include/tcl -I/home/cmaier/EDA/OpenSTA/include/sta -I/home/cmaier/EDA/OpenSTA -O3 -DNDEBUG -Wall -Wextra -pedantic -Wcast-qual -Wredundant-decls -Wformat-security -MD -MT CMakeFiles/OpenSTA.dir/search/PathExpanded.cc.o -MF CMakeFiles/OpenSTA.dir/search/PathExpanded.cc.o.d -o CMakeFiles/OpenSTA.dir/search/PathExpanded.cc.o -c /home/cmaier/EDA/OpenSTA/search/PathExpanded.cc
[ 67%] Building CXX object CMakeFiles/OpenSTA.dir/search/PathGroup.cc.o
/usr/bin/c++  -I/home/cmaier/EDA/OpenSTA/include -I/usr/include/tcl -I/home/cmaier/EDA/OpenSTA/include/sta -I/home/cmaier/EDA/OpenSTA -O3 -DNDEBUG -Wall -Wextra -pedantic -Wcast-qual -Wredundant-decls -Wformat-security -MD -MT CMakeFiles/OpenSTA.dir/search/PathGroup.cc.o -MF CMakeFiles/OpenSTA.dir/search/PathGroup.cc.o.d -o CMakeFiles/OpenSTA.dir/search/PathGroup.cc.o -c /home/cmaier/EDA/OpenSTA/search/PathGroup.cc
[ 68%] Building CXX object CMakeFiles/OpenSTA.dir/search/PathRef.cc.o
/usr/bin/c++  -I/home/cmaier/EDA/OpenSTA/include -I/usr/include/tcl -I/home/cmaier/EDA/OpenSTA/include/sta -I/home/cmaier/EDA/OpenSTA -O3 -DNDEBUG -Wall -Wextra -pedantic -Wcast-qual -Wredundant-decls -Wformat-security -MD -MT CMakeFiles/OpenSTA.dir/search/PathRef.cc.o -MF CMakeFiles/OpenSTA.dir/search/PathRef.cc.o.d -o CMakeFiles/OpenSTA.dir/search/PathRef.cc.o -c /home/cmaier/EDA/OpenSTA/search/PathRef.cc
[ 69%] Building CXX object CMakeFiles/OpenSTA.dir/search/PathVertex.cc.o
/usr/bin/c++  -I/home/cmaier/EDA/OpenSTA/include -I/usr/include/tcl -I/home/cmaier/EDA/OpenSTA/include/sta -I/home/cmaier/EDA/OpenSTA -O3 -DNDEBUG -Wall -Wextra -pedantic -Wcast-qual -Wredundant-decls -Wformat-security -MD -MT CMakeFiles/OpenSTA.dir/search/PathVertex.cc.o -MF CMakeFiles/OpenSTA.dir/search/PathVertex.cc.o.d -o CMakeFiles/OpenSTA.dir/search/PathVertex.cc.o -c /home/cmaier/EDA/OpenSTA/search/PathVertex.cc
[ 69%] Building CXX object CMakeFiles/OpenSTA.dir/search/PathVertexRep.cc.o
/usr/bin/c++  -I/home/cmaier/EDA/OpenSTA/include -I/usr/include/tcl -I/home/cmaier/EDA/OpenSTA/include/sta -I/home/cmaier/EDA/OpenSTA -O3 -DNDEBUG -Wall -Wextra -pedantic -Wcast-qual -Wredundant-decls -Wformat-security -MD -MT CMakeFiles/OpenSTA.dir/search/PathVertexRep.cc.o -MF CMakeFiles/OpenSTA.dir/search/PathVertexRep.cc.o.d -o CMakeFiles/OpenSTA.dir/search/PathVertexRep.cc.o -c /home/cmaier/EDA/OpenSTA/search/PathVertexRep.cc
[ 70%] Building CXX object CMakeFiles/OpenSTA.dir/search/Power.cc.o
/usr/bin/c++  -I/home/cmaier/EDA/OpenSTA/include -I/usr/include/tcl -I/home/cmaier/EDA/OpenSTA/include/sta -I/home/cmaier/EDA/OpenSTA -O3 -DNDEBUG -Wall -Wextra -pedantic -Wcast-qual -Wredundant-decls -Wformat-security -MD -MT CMakeFiles/OpenSTA.dir/search/Power.cc.o -MF CMakeFiles/OpenSTA.dir/search/Power.cc.o.d -o CMakeFiles/OpenSTA.dir/search/Power.cc.o -c /home/cmaier/EDA/OpenSTA/search/Power.cc
[ 70%] Building CXX object CMakeFiles/OpenSTA.dir/search/Property.cc.o
/usr/bin/c++  -I/home/cmaier/EDA/OpenSTA/include -I/usr/include/tcl -I/home/cmaier/EDA/OpenSTA/include/sta -I/home/cmaier/EDA/OpenSTA -O3 -DNDEBUG -Wall -Wextra -pedantic -Wcast-qual -Wredundant-decls -Wformat-security -MD -MT CMakeFiles/OpenSTA.dir/search/Property.cc.o -MF CMakeFiles/OpenSTA.dir/search/Property.cc.o.d -o CMakeFiles/OpenSTA.dir/search/Property.cc.o -c /home/cmaier/EDA/OpenSTA/search/Property.cc
[ 71%] Building CXX object CMakeFiles/OpenSTA.dir/search/ReportPath.cc.o
/usr/bin/c++  -I/home/cmaier/EDA/OpenSTA/include -I/usr/include/tcl -I/home/cmaier/EDA/OpenSTA/include/sta -I/home/cmaier/EDA/OpenSTA -O3 -DNDEBUG -Wall -Wextra -pedantic -Wcast-qual -Wredundant-decls -Wformat-security -MD -MT CMakeFiles/OpenSTA.dir/search/ReportPath.cc.o -MF CMakeFiles/OpenSTA.dir/search/ReportPath.cc.o.d -o CMakeFiles/OpenSTA.dir/search/ReportPath.cc.o -c /home/cmaier/EDA/OpenSTA/search/ReportPath.cc
[ 72%] Building CXX object CMakeFiles/OpenSTA.dir/search/Search.cc.o
/usr/bin/c++  -I/home/cmaier/EDA/OpenSTA/include -I/usr/include/tcl -I/home/cmaier/EDA/OpenSTA/include/sta -I/home/cmaier/EDA/OpenSTA -O3 -DNDEBUG -Wall -Wextra -pedantic -Wcast-qual -Wredundant-decls -Wformat-security -MD -MT CMakeFiles/OpenSTA.dir/search/Search.cc.o -MF CMakeFiles/OpenSTA.dir/search/Search.cc.o.d -o CMakeFiles/OpenSTA.dir/search/Search.cc.o -c /home/cmaier/EDA/OpenSTA/search/Search.cc
[ 72%] Building CXX object CMakeFiles/OpenSTA.dir/search/SearchPred.cc.o
/usr/bin/c++  -I/home/cmaier/EDA/OpenSTA/include -I/usr/include/tcl -I/home/cmaier/EDA/OpenSTA/include/sta -I/home/cmaier/EDA/OpenSTA -O3 -DNDEBUG -Wall -Wextra -pedantic -Wcast-qual -Wredundant-decls -Wformat-security -MD -MT CMakeFiles/OpenSTA.dir/search/SearchPred.cc.o -MF CMakeFiles/OpenSTA.dir/search/SearchPred.cc.o.d -o CMakeFiles/OpenSTA.dir/search/SearchPred.cc.o -c /home/cmaier/EDA/OpenSTA/search/SearchPred.cc
[ 73%] Building CXX object CMakeFiles/OpenSTA.dir/search/Sim.cc.o
/usr/bin/c++  -I/home/cmaier/EDA/OpenSTA/include -I/usr/include/tcl -I/home/cmaier/EDA/OpenSTA/include/sta -I/home/cmaier/EDA/OpenSTA -O3 -DNDEBUG -Wall -Wextra -pedantic -Wcast-qual -Wredundant-decls -Wformat-security -MD -MT CMakeFiles/OpenSTA.dir/search/Sim.cc.o -MF CMakeFiles/OpenSTA.dir/search/Sim.cc.o.d -o CMakeFiles/OpenSTA.dir/search/Sim.cc.o -c /home/cmaier/EDA/OpenSTA/search/Sim.cc
[ 73%] Building CXX object CMakeFiles/OpenSTA.dir/search/Sta.cc.o
/usr/bin/c++  -I/home/cmaier/EDA/OpenSTA/include -I/usr/include/tcl -I/home/cmaier/EDA/OpenSTA/include/sta -I/home/cmaier/EDA/OpenSTA -O3 -DNDEBUG -Wall -Wextra -pedantic -Wcast-qual -Wredundant-decls -Wformat-security -MD -MT CMakeFiles/OpenSTA.dir/search/Sta.cc.o -MF CMakeFiles/OpenSTA.dir/search/Sta.cc.o.d -o CMakeFiles/OpenSTA.dir/search/Sta.cc.o -c /home/cmaier/EDA/OpenSTA/search/Sta.cc
[ 74%] Building CXX object CMakeFiles/OpenSTA.dir/search/StaState.cc.o
/usr/bin/c++  -I/home/cmaier/EDA/OpenSTA/include -I/usr/include/tcl -I/home/cmaier/EDA/OpenSTA/include/sta -I/home/cmaier/EDA/OpenSTA -O3 -DNDEBUG -Wall -Wextra -pedantic -Wcast-qual -Wredundant-decls -Wformat-security -MD -MT CMakeFiles/OpenSTA.dir/search/StaState.cc.o -MF CMakeFiles/OpenSTA.dir/search/StaState.cc.o.d -o CMakeFiles/OpenSTA.dir/search/StaState.cc.o -c /home/cmaier/EDA/OpenSTA/search/StaState.cc
[ 75%] Building CXX object CMakeFiles/OpenSTA.dir/search/Tag.cc.o
/usr/bin/c++  -I/home/cmaier/EDA/OpenSTA/include -I/usr/include/tcl -I/home/cmaier/EDA/OpenSTA/include/sta -I/home/cmaier/EDA/OpenSTA -O3 -DNDEBUG -Wall -Wextra -pedantic -Wcast-qual -Wredundant-decls -Wformat-security -MD -MT CMakeFiles/OpenSTA.dir/search/Tag.cc.o -MF CMakeFiles/OpenSTA.dir/search/Tag.cc.o.d -o CMakeFiles/OpenSTA.dir/search/Tag.cc.o -c /home/cmaier/EDA/OpenSTA/search/Tag.cc
[ 75%] Building CXX object CMakeFiles/OpenSTA.dir/search/TagGroup.cc.o
/usr/bin/c++  -I/home/cmaier/EDA/OpenSTA/include -I/usr/include/tcl -I/home/cmaier/EDA/OpenSTA/include/sta -I/home/cmaier/EDA/OpenSTA -O3 -DNDEBUG -Wall -Wextra -pedantic -Wcast-qual -Wredundant-decls -Wformat-security -MD -MT CMakeFiles/OpenSTA.dir/search/TagGroup.cc.o -MF CMakeFiles/OpenSTA.dir/search/TagGroup.cc.o.d -o CMakeFiles/OpenSTA.dir/search/TagGroup.cc.o -c /home/cmaier/EDA/OpenSTA/search/TagGroup.cc
[ 76%] Building CXX object CMakeFiles/OpenSTA.dir/search/VertexVisitor.cc.o
/usr/bin/c++  -I/home/cmaier/EDA/OpenSTA/include -I/usr/include/tcl -I/home/cmaier/EDA/OpenSTA/include/sta -I/home/cmaier/EDA/OpenSTA -O3 -DNDEBUG -Wall -Wextra -pedantic -Wcast-qual -Wredundant-decls -Wformat-security -MD -MT CMakeFiles/OpenSTA.dir/search/VertexVisitor.cc.o -MF CMakeFiles/OpenSTA.dir/search/VertexVisitor.cc.o.d -o CMakeFiles/OpenSTA.dir/search/VertexVisitor.cc.o -c /home/cmaier/EDA/OpenSTA/search/VertexVisitor.cc
[ 76%] Building CXX object CMakeFiles/OpenSTA.dir/search/VisitPathEnds.cc.o
/usr/bin/c++  -I/home/cmaier/EDA/OpenSTA/include -I/usr/include/tcl -I/home/cmaier/EDA/OpenSTA/include/sta -I/home/cmaier/EDA/OpenSTA -O3 -DNDEBUG -Wall -Wextra -pedantic -Wcast-qual -Wredundant-decls -Wformat-security -MD -MT CMakeFiles/OpenSTA.dir/search/VisitPathEnds.cc.o -MF CMakeFiles/OpenSTA.dir/search/VisitPathEnds.cc.o.d -o CMakeFiles/OpenSTA.dir/search/VisitPathEnds.cc.o -c /home/cmaier/EDA/OpenSTA/search/VisitPathEnds.cc
[ 77%] Building CXX object CMakeFiles/OpenSTA.dir/search/VisitPathGroupVertices.cc.o
/usr/bin/c++  -I/home/cmaier/EDA/OpenSTA/include -I/usr/include/tcl -I/home/cmaier/EDA/OpenSTA/include/sta -I/home/cmaier/EDA/OpenSTA -O3 -DNDEBUG -Wall -Wextra -pedantic -Wcast-qual -Wredundant-decls -Wformat-security -MD -MT CMakeFiles/OpenSTA.dir/search/VisitPathGroupVertices.cc.o -MF CMakeFiles/OpenSTA.dir/search/VisitPathGroupVertices.cc.o.d -o CMakeFiles/OpenSTA.dir/search/VisitPathGroupVertices.cc.o -c /home/cmaier/EDA/OpenSTA/search/VisitPathGroupVertices.cc
[ 78%] Building CXX object CMakeFiles/OpenSTA.dir/search/WorstSlack.cc.o
/usr/bin/c++  -I/home/cmaier/EDA/OpenSTA/include -I/usr/include/tcl -I/home/cmaier/EDA/OpenSTA/include/sta -I/home/cmaier/EDA/OpenSTA -O3 -DNDEBUG -Wall -Wextra -pedantic -Wcast-qual -Wredundant-decls -Wformat-security -MD -MT CMakeFiles/OpenSTA.dir/search/WorstSlack.cc.o -MF CMakeFiles/OpenSTA.dir/search/WorstSlack.cc.o.d -o CMakeFiles/OpenSTA.dir/search/WorstSlack.cc.o -c /home/cmaier/EDA/OpenSTA/search/WorstSlack.cc
[ 78%] Building CXX object CMakeFiles/OpenSTA.dir/search/WritePathSpice.cc.o
/usr/bin/c++  -I/home/cmaier/EDA/OpenSTA/include -I/usr/include/tcl -I/home/cmaier/EDA/OpenSTA/include/sta -I/home/cmaier/EDA/OpenSTA -O3 -DNDEBUG -Wall -Wextra -pedantic -Wcast-qual -Wredundant-decls -Wformat-security -MD -MT CMakeFiles/OpenSTA.dir/search/WritePathSpice.cc.o -MF CMakeFiles/OpenSTA.dir/search/WritePathSpice.cc.o.d -o CMakeFiles/OpenSTA.dir/search/WritePathSpice.cc.o -c /home/cmaier/EDA/OpenSTA/search/WritePathSpice.cc
[ 79%] Building CXX object CMakeFiles/OpenSTA.dir/util/Debug.cc.o
/usr/bin/c++  -I/home/cmaier/EDA/OpenSTA/include -I/usr/include/tcl -I/home/cmaier/EDA/OpenSTA/include/sta -I/home/cmaier/EDA/OpenSTA -O3 -DNDEBUG -Wall -Wextra -pedantic -Wcast-qual -Wredundant-decls -Wformat-security -MD -MT CMakeFiles/OpenSTA.dir/util/Debug.cc.o -MF CMakeFiles/OpenSTA.dir/util/Debug.cc.o.d -o CMakeFiles/OpenSTA.dir/util/Debug.cc.o -c /home/cmaier/EDA/OpenSTA/util/Debug.cc
[ 80%] Building CXX object CMakeFiles/OpenSTA.dir/util/DispatchQueue.cc.o
/usr/bin/c++  -I/home/cmaier/EDA/OpenSTA/include -I/usr/include/tcl -I/home/cmaier/EDA/OpenSTA/include/sta -I/home/cmaier/EDA/OpenSTA -O3 -DNDEBUG -Wall -Wextra -pedantic -Wcast-qual -Wredundant-decls -Wformat-security -MD -MT CMakeFiles/OpenSTA.dir/util/DispatchQueue.cc.o -MF CMakeFiles/OpenSTA.dir/util/DispatchQueue.cc.o.d -o CMakeFiles/OpenSTA.dir/util/DispatchQueue.cc.o -c /home/cmaier/EDA/OpenSTA/util/DispatchQueue.cc
[ 80%] Building CXX object CMakeFiles/OpenSTA.dir/util/Error.cc.o
/usr/bin/c++  -I/home/cmaier/EDA/OpenSTA/include -I/usr/include/tcl -I/home/cmaier/EDA/OpenSTA/include/sta -I/home/cmaier/EDA/OpenSTA -O3 -DNDEBUG -Wall -Wextra -pedantic -Wcast-qual -Wredundant-decls -Wformat-security -MD -MT CMakeFiles/OpenSTA.dir/util/Error.cc.o -MF CMakeFiles/OpenSTA.dir/util/Error.cc.o.d -o CMakeFiles/OpenSTA.dir/util/Error.cc.o -c /home/cmaier/EDA/OpenSTA/util/Error.cc
[ 81%] Building CXX object CMakeFiles/OpenSTA.dir/util/Fuzzy.cc.o
/usr/bin/c++  -I/home/cmaier/EDA/OpenSTA/include -I/usr/include/tcl -I/home/cmaier/EDA/OpenSTA/include/sta -I/home/cmaier/EDA/OpenSTA -O3 -DNDEBUG -Wall -Wextra -pedantic -Wcast-qual -Wredundant-decls -Wformat-security -MD -MT CMakeFiles/OpenSTA.dir/util/Fuzzy.cc.o -MF CMakeFiles/OpenSTA.dir/util/Fuzzy.cc.o.d -o CMakeFiles/OpenSTA.dir/util/Fuzzy.cc.o -c /home/cmaier/EDA/OpenSTA/util/Fuzzy.cc
[ 81%] Building CXX object CMakeFiles/OpenSTA.dir/util/Hash.cc.o
/usr/bin/c++  -I/home/cmaier/EDA/OpenSTA/include -I/usr/include/tcl -I/home/cmaier/EDA/OpenSTA/include/sta -I/home/cmaier/EDA/OpenSTA -O3 -DNDEBUG -Wall -Wextra -pedantic -Wcast-qual -Wredundant-decls -Wformat-security -MD -MT CMakeFiles/OpenSTA.dir/util/Hash.cc.o -MF CMakeFiles/OpenSTA.dir/util/Hash.cc.o.d -o CMakeFiles/OpenSTA.dir/util/Hash.cc.o -c /home/cmaier/EDA/OpenSTA/util/Hash.cc
[ 82%] Building CXX object CMakeFiles/OpenSTA.dir/util/Machine.cc.o
/usr/bin/c++  -I/home/cmaier/EDA/OpenSTA/include -I/usr/include/tcl -I/home/cmaier/EDA/OpenSTA/include/sta -I/home/cmaier/EDA/OpenSTA -O3 -DNDEBUG -Wall -Wextra -pedantic -Wcast-qual -Wredundant-decls -Wformat-security -MD -MT CMakeFiles/OpenSTA.dir/util/Machine.cc.o -MF CMakeFiles/OpenSTA.dir/util/Machine.cc.o.d -o CMakeFiles/OpenSTA.dir/util/Machine.cc.o -c /home/cmaier/EDA/OpenSTA/util/Machine.cc
[ 83%] Building CXX object CMakeFiles/OpenSTA.dir/util/MinMax.cc.o
/usr/bin/c++  -I/home/cmaier/EDA/OpenSTA/include -I/usr/include/tcl -I/home/cmaier/EDA/OpenSTA/include/sta -I/home/cmaier/EDA/OpenSTA -O3 -DNDEBUG -Wall -Wextra -pedantic -Wcast-qual -Wredundant-decls -Wformat-security -MD -MT CMakeFiles/OpenSTA.dir/util/MinMax.cc.o -MF CMakeFiles/OpenSTA.dir/util/MinMax.cc.o.d -o CMakeFiles/OpenSTA.dir/util/MinMax.cc.o -c /home/cmaier/EDA/OpenSTA/util/MinMax.cc
[ 83%] Building CXX object CMakeFiles/OpenSTA.dir/util/PatternMatch.cc.o
/usr/bin/c++  -I/home/cmaier/EDA/OpenSTA/include -I/usr/include/tcl -I/home/cmaier/EDA/OpenSTA/include/sta -I/home/cmaier/EDA/OpenSTA -O3 -DNDEBUG -Wall -Wextra -pedantic -Wcast-qual -Wredundant-decls -Wformat-security -MD -MT CMakeFiles/OpenSTA.dir/util/PatternMatch.cc.o -MF CMakeFiles/OpenSTA.dir/util/PatternMatch.cc.o.d -o CMakeFiles/OpenSTA.dir/util/PatternMatch.cc.o -c /home/cmaier/EDA/OpenSTA/util/PatternMatch.cc
[ 84%] Building CXX object CMakeFiles/OpenSTA.dir/util/Report.cc.o
/usr/bin/c++  -I/home/cmaier/EDA/OpenSTA/include -I/usr/include/tcl -I/home/cmaier/EDA/OpenSTA/include/sta -I/home/cmaier/EDA/OpenSTA -O3 -DNDEBUG -Wall -Wextra -pedantic -Wcast-qual -Wredundant-decls -Wformat-security -MD -MT CMakeFiles/OpenSTA.dir/util/Report.cc.o -MF CMakeFiles/OpenSTA.dir/util/Report.cc.o.d -o CMakeFiles/OpenSTA.dir/util/Report.cc.o -c /home/cmaier/EDA/OpenSTA/util/Report.cc
[ 84%] Building CXX object CMakeFiles/OpenSTA.dir/util/ReportStd.cc.o
/usr/bin/c++  -I/home/cmaier/EDA/OpenSTA/include -I/usr/include/tcl -I/home/cmaier/EDA/OpenSTA/include/sta -I/home/cmaier/EDA/OpenSTA -O3 -DNDEBUG -Wall -Wextra -pedantic -Wcast-qual -Wredundant-decls -Wformat-security -MD -MT CMakeFiles/OpenSTA.dir/util/ReportStd.cc.o -MF CMakeFiles/OpenSTA.dir/util/ReportStd.cc.o.d -o CMakeFiles/OpenSTA.dir/util/ReportStd.cc.o -c /home/cmaier/EDA/OpenSTA/util/ReportStd.cc
[ 85%] Building CXX object CMakeFiles/OpenSTA.dir/util/ReportTcl.cc.o
/usr/bin/c++  -I/home/cmaier/EDA/OpenSTA/include -I/usr/include/tcl -I/home/cmaier/EDA/OpenSTA/include/sta -I/home/cmaier/EDA/OpenSTA -O3 -DNDEBUG -Wall -Wextra -pedantic -Wcast-qual -Wredundant-decls -Wformat-security -MD -MT CMakeFiles/OpenSTA.dir/util/ReportTcl.cc.o -MF CMakeFiles/OpenSTA.dir/util/ReportTcl.cc.o.d -o CMakeFiles/OpenSTA.dir/util/ReportTcl.cc.o -c /home/cmaier/EDA/OpenSTA/util/ReportTcl.cc
[ 86%] Building CXX object CMakeFiles/OpenSTA.dir/util/Stats.cc.o
/usr/bin/c++  -I/home/cmaier/EDA/OpenSTA/include -I/usr/include/tcl -I/home/cmaier/EDA/OpenSTA/include/sta -I/home/cmaier/EDA/OpenSTA -O3 -DNDEBUG -Wall -Wextra -pedantic -Wcast-qual -Wredundant-decls -Wformat-security -MD -MT CMakeFiles/OpenSTA.dir/util/Stats.cc.o -MF CMakeFiles/OpenSTA.dir/util/Stats.cc.o.d -o CMakeFiles/OpenSTA.dir/util/Stats.cc.o -c /home/cmaier/EDA/OpenSTA/util/Stats.cc
[ 86%] Building CXX object CMakeFiles/OpenSTA.dir/util/StringSeq.cc.o
/usr/bin/c++  -I/home/cmaier/EDA/OpenSTA/include -I/usr/include/tcl -I/home/cmaier/EDA/OpenSTA/include/sta -I/home/cmaier/EDA/OpenSTA -O3 -DNDEBUG -Wall -Wextra -pedantic -Wcast-qual -Wredundant-decls -Wformat-security -MD -MT CMakeFiles/OpenSTA.dir/util/StringSeq.cc.o -MF CMakeFiles/OpenSTA.dir/util/StringSeq.cc.o.d -o CMakeFiles/OpenSTA.dir/util/StringSeq.cc.o -c /home/cmaier/EDA/OpenSTA/util/StringSeq.cc
[ 87%] Building CXX object CMakeFiles/OpenSTA.dir/util/StringSet.cc.o
/usr/bin/c++  -I/home/cmaier/EDA/OpenSTA/include -I/usr/include/tcl -I/home/cmaier/EDA/OpenSTA/include/sta -I/home/cmaier/EDA/OpenSTA -O3 -DNDEBUG -Wall -Wextra -pedantic -Wcast-qual -Wredundant-decls -Wformat-security -MD -MT CMakeFiles/OpenSTA.dir/util/StringSet.cc.o -MF CMakeFiles/OpenSTA.dir/util/StringSet.cc.o.d -o CMakeFiles/OpenSTA.dir/util/StringSet.cc.o -c /home/cmaier/EDA/OpenSTA/util/StringSet.cc
[ 87%] Building CXX object CMakeFiles/OpenSTA.dir/util/StringUtil.cc.o
/usr/bin/c++  -I/home/cmaier/EDA/OpenSTA/include -I/usr/include/tcl -I/home/cmaier/EDA/OpenSTA/include/sta -I/home/cmaier/EDA/OpenSTA -O3 -DNDEBUG -Wall -Wextra -pedantic -Wcast-qual -Wredundant-decls -Wformat-security -MD -MT CMakeFiles/OpenSTA.dir/util/StringUtil.cc.o -MF CMakeFiles/OpenSTA.dir/util/StringUtil.cc.o.d -o CMakeFiles/OpenSTA.dir/util/StringUtil.cc.o -c /home/cmaier/EDA/OpenSTA/util/StringUtil.cc
[ 88%] Building CXX object CMakeFiles/OpenSTA.dir/util/TokenParser.cc.o
/usr/bin/c++  -I/home/cmaier/EDA/OpenSTA/include -I/usr/include/tcl -I/home/cmaier/EDA/OpenSTA/include/sta -I/home/cmaier/EDA/OpenSTA -O3 -DNDEBUG -Wall -Wextra -pedantic -Wcast-qual -Wredundant-decls -Wformat-security -MD -MT CMakeFiles/OpenSTA.dir/util/TokenParser.cc.o -MF CMakeFiles/OpenSTA.dir/util/TokenParser.cc.o.d -o CMakeFiles/OpenSTA.dir/util/TokenParser.cc.o -c /home/cmaier/EDA/OpenSTA/util/TokenParser.cc
[ 89%] Building CXX object CMakeFiles/OpenSTA.dir/verilog/VerilogReader.cc.o
/usr/bin/c++  -I/home/cmaier/EDA/OpenSTA/include -I/usr/include/tcl -I/home/cmaier/EDA/OpenSTA/include/sta -I/home/cmaier/EDA/OpenSTA -O3 -DNDEBUG -Wall -Wextra -pedantic -Wcast-qual -Wredundant-decls -Wformat-security -MD -MT CMakeFiles/OpenSTA.dir/verilog/VerilogReader.cc.o -MF CMakeFiles/OpenSTA.dir/verilog/VerilogReader.cc.o.d -o CMakeFiles/OpenSTA.dir/verilog/VerilogReader.cc.o -c /home/cmaier/EDA/OpenSTA/verilog/VerilogReader.cc
[ 89%] Building CXX object CMakeFiles/OpenSTA.dir/verilog/VerilogWriter.cc.o
/usr/bin/c++  -I/home/cmaier/EDA/OpenSTA/include -I/usr/include/tcl -I/home/cmaier/EDA/OpenSTA/include/sta -I/home/cmaier/EDA/OpenSTA -O3 -DNDEBUG -Wall -Wextra -pedantic -Wcast-qual -Wredundant-decls -Wformat-security -MD -MT CMakeFiles/OpenSTA.dir/verilog/VerilogWriter.cc.o -MF CMakeFiles/OpenSTA.dir/verilog/VerilogWriter.cc.o.d -o CMakeFiles/OpenSTA.dir/verilog/VerilogWriter.cc.o -c /home/cmaier/EDA/OpenSTA/verilog/VerilogWriter.cc
[ 90%] Building CXX object CMakeFiles/OpenSTA.dir/StaTclInitVar.cc.o
/usr/bin/c++  -I/home/cmaier/EDA/OpenSTA/include -I/usr/include/tcl -I/home/cmaier/EDA/OpenSTA/include/sta -I/home/cmaier/EDA/OpenSTA -O3 -DNDEBUG -Wall -Wextra -pedantic -Wcast-qual -Wredundant-decls -Wformat-security -MD -MT CMakeFiles/OpenSTA.dir/StaTclInitVar.cc.o -MF CMakeFiles/OpenSTA.dir/StaTclInitVar.cc.o.d -o CMakeFiles/OpenSTA.dir/StaTclInitVar.cc.o -c /home/cmaier/EDA/OpenSTA/build/StaTclInitVar.cc
[ 90%] Building CXX object CMakeFiles/OpenSTA.dir/LibertyExprLex.cc.o
/usr/bin/c++  -I/home/cmaier/EDA/OpenSTA/include -I/usr/include/tcl -I/home/cmaier/EDA/OpenSTA/include/sta -I/home/cmaier/EDA/OpenSTA -O3 -DNDEBUG -Wall -Wextra -pedantic -Wcast-qual -Wredundant-decls -Wformat-security -MD -MT CMakeFiles/OpenSTA.dir/LibertyExprLex.cc.o -MF CMakeFiles/OpenSTA.dir/LibertyExprLex.cc.o.d -o CMakeFiles/OpenSTA.dir/LibertyExprLex.cc.o -c /home/cmaier/EDA/OpenSTA/build/LibertyExprLex.cc
[ 91%] Building CXX object CMakeFiles/OpenSTA.dir/LibertyExprParse.cc.o
/usr/bin/c++  -I/home/cmaier/EDA/OpenSTA/include -I/usr/include/tcl -I/home/cmaier/EDA/OpenSTA/include/sta -I/home/cmaier/EDA/OpenSTA -O3 -DNDEBUG -Wall -Wextra -pedantic -Wcast-qual -Wredundant-decls -Wformat-security -MD -MT CMakeFiles/OpenSTA.dir/LibertyExprParse.cc.o -MF CMakeFiles/OpenSTA.dir/LibertyExprParse.cc.o.d -o CMakeFiles/OpenSTA.dir/LibertyExprParse.cc.o -c /home/cmaier/EDA/OpenSTA/build/LibertyExprParse.cc
[ 92%] Building CXX object CMakeFiles/OpenSTA.dir/LibertyLex.cc.o
/usr/bin/c++  -I/home/cmaier/EDA/OpenSTA/include -I/usr/include/tcl -I/home/cmaier/EDA/OpenSTA/include/sta -I/home/cmaier/EDA/OpenSTA -O3 -DNDEBUG -Wall -Wextra -pedantic -Wcast-qual -Wredundant-decls -Wformat-security -MD -MT CMakeFiles/OpenSTA.dir/LibertyLex.cc.o -MF CMakeFiles/OpenSTA.dir/LibertyLex.cc.o.d -o CMakeFiles/OpenSTA.dir/LibertyLex.cc.o -c /home/cmaier/EDA/OpenSTA/build/LibertyLex.cc
[ 92%] Building CXX object CMakeFiles/OpenSTA.dir/LibertyParse.cc.o
/usr/bin/c++  -I/home/cmaier/EDA/OpenSTA/include -I/usr/include/tcl -I/home/cmaier/EDA/OpenSTA/include/sta -I/home/cmaier/EDA/OpenSTA -O3 -DNDEBUG -Wall -Wextra -pedantic -Wcast-qual -Wredundant-decls -Wformat-security -MD -MT CMakeFiles/OpenSTA.dir/LibertyParse.cc.o -MF CMakeFiles/OpenSTA.dir/LibertyParse.cc.o.d -o CMakeFiles/OpenSTA.dir/LibertyParse.cc.o -c /home/cmaier/EDA/OpenSTA/build/LibertyParse.cc
[ 93%] Building CXX object CMakeFiles/OpenSTA.dir/SpefLex.cc.o
/usr/bin/c++  -I/home/cmaier/EDA/OpenSTA/include -I/usr/include/tcl -I/home/cmaier/EDA/OpenSTA/include/sta -I/home/cmaier/EDA/OpenSTA -O3 -DNDEBUG -Wall -Wextra -pedantic -Wcast-qual -Wredundant-decls -Wformat-security -MD -MT CMakeFiles/OpenSTA.dir/SpefLex.cc.o -MF CMakeFiles/OpenSTA.dir/SpefLex.cc.o.d -o CMakeFiles/OpenSTA.dir/SpefLex.cc.o -c /home/cmaier/EDA/OpenSTA/build/SpefLex.cc
[ 93%] Building CXX object CMakeFiles/OpenSTA.dir/SpefParse.cc.o
/usr/bin/c++  -I/home/cmaier/EDA/OpenSTA/include -I/usr/include/tcl -I/home/cmaier/EDA/OpenSTA/include/sta -I/home/cmaier/EDA/OpenSTA -O3 -DNDEBUG -Wall -Wextra -pedantic -Wcast-qual -Wredundant-decls -Wformat-security -MD -MT CMakeFiles/OpenSTA.dir/SpefParse.cc.o -MF CMakeFiles/OpenSTA.dir/SpefParse.cc.o.d -o CMakeFiles/OpenSTA.dir/SpefParse.cc.o -c /home/cmaier/EDA/OpenSTA/build/SpefParse.cc
[ 94%] Building CXX object CMakeFiles/OpenSTA.dir/SdfLex.cc.o
/usr/bin/c++  -I/home/cmaier/EDA/OpenSTA/include -I/usr/include/tcl -I/home/cmaier/EDA/OpenSTA/include/sta -I/home/cmaier/EDA/OpenSTA -O3 -DNDEBUG -Wall -Wextra -pedantic -Wcast-qual -Wredundant-decls -Wformat-security -MD -MT CMakeFiles/OpenSTA.dir/SdfLex.cc.o -MF CMakeFiles/OpenSTA.dir/SdfLex.cc.o.d -o CMakeFiles/OpenSTA.dir/SdfLex.cc.o -c /home/cmaier/EDA/OpenSTA/build/SdfLex.cc
[ 95%] Building CXX object CMakeFiles/OpenSTA.dir/SdfParse.cc.o
/usr/bin/c++  -I/home/cmaier/EDA/OpenSTA/include -I/usr/include/tcl -I/home/cmaier/EDA/OpenSTA/include/sta -I/home/cmaier/EDA/OpenSTA -O3 -DNDEBUG -Wall -Wextra -pedantic -Wcast-qual -Wredundant-decls -Wformat-security -MD -MT CMakeFiles/OpenSTA.dir/SdfParse.cc.o -MF CMakeFiles/OpenSTA.dir/SdfParse.cc.o.d -o CMakeFiles/OpenSTA.dir/SdfParse.cc.o -c /home/cmaier/EDA/OpenSTA/build/SdfParse.cc
[ 95%] Building CXX object CMakeFiles/OpenSTA.dir/VerilogLex.cc.o
/usr/bin/c++  -I/home/cmaier/EDA/OpenSTA/include -I/usr/include/tcl -I/home/cmaier/EDA/OpenSTA/include/sta -I/home/cmaier/EDA/OpenSTA -O3 -DNDEBUG -Wall -Wextra -pedantic -Wcast-qual -Wredundant-decls -Wformat-security -MD -MT CMakeFiles/OpenSTA.dir/VerilogLex.cc.o -MF CMakeFiles/OpenSTA.dir/VerilogLex.cc.o.d -o CMakeFiles/OpenSTA.dir/VerilogLex.cc.o -c /home/cmaier/EDA/OpenSTA/build/VerilogLex.cc
[ 96%] Building CXX object CMakeFiles/OpenSTA.dir/VerilogParse.cc.o
/usr/bin/c++  -I/home/cmaier/EDA/OpenSTA/include -I/usr/include/tcl -I/home/cmaier/EDA/OpenSTA/include/sta -I/home/cmaier/EDA/OpenSTA -O3 -DNDEBUG -Wall -Wextra -pedantic -Wcast-qual -Wredundant-decls -Wformat-security -MD -MT CMakeFiles/OpenSTA.dir/VerilogParse.cc.o -MF CMakeFiles/OpenSTA.dir/VerilogParse.cc.o.d -o CMakeFiles/OpenSTA.dir/VerilogParse.cc.o -c /home/cmaier/EDA/OpenSTA/build/VerilogParse.cc
[ 96%] Linking CXX static library ../app/libOpenSTA.a
/usr/local/bin/cmake -P CMakeFiles/OpenSTA.dir/cmake_clean_target.cmake
/usr/local/bin/cmake -E cmake_link_script CMakeFiles/OpenSTA.dir/link.txt --verbose=1
/usr/bin/ar qc ../app/libOpenSTA.a CMakeFiles/OpenSTA.dir/app/StaMain.cc.o CMakeFiles/OpenSTA.dir/dcalc/ArcDelayCalc.cc.o CMakeFiles/OpenSTA.dir/dcalc/ArnoldiDelayCalc.cc.o CMakeFiles/OpenSTA.dir/dcalc/ArnoldiReduce.cc.o CMakeFiles/OpenSTA.dir/dcalc/DcalcAnalysisPt.cc.o CMakeFiles/OpenSTA.dir/dcalc/DelayCalc.cc.o CMakeFiles/OpenSTA.dir/dcalc/DmpCeff.cc.o CMakeFiles/OpenSTA.dir/dcalc/DmpDelayCalc.cc.o CMakeFiles/OpenSTA.dir/dcalc/GraphDelayCalc.cc.o CMakeFiles/OpenSTA.dir/dcalc/GraphDelayCalc1.cc.o CMakeFiles/OpenSTA.dir/dcalc/LumpedCapDelayCalc.cc.o CMakeFiles/OpenSTA.dir/dcalc/NetCaps.cc.o CMakeFiles/OpenSTA.dir/dcalc/RCDelayCalc.cc.o CMakeFiles/OpenSTA.dir/dcalc/SimpleRCDelayCalc.cc.o CMakeFiles/OpenSTA.dir/dcalc/UnitDelayCalc.cc.o CMakeFiles/OpenSTA.dir/graph/DelayFloat.cc.o CMakeFiles/OpenSTA.dir/graph/DelayNormal1.cc.o CMakeFiles/OpenSTA.dir/graph/DelayNormal2.cc.o CMakeFiles/OpenSTA.dir/graph/Graph.cc.o CMakeFiles/OpenSTA.dir/graph/GraphCmp.cc.o CMakeFiles/OpenSTA.dir/liberty/EquivCells.cc.o CMakeFiles/OpenSTA.dir/liberty/FuncExpr.cc.o CMakeFiles/OpenSTA.dir/liberty/InternalPower.cc.o CMakeFiles/OpenSTA.dir/liberty/LeakagePower.cc.o CMakeFiles/OpenSTA.dir/liberty/Liberty.cc.o CMakeFiles/OpenSTA.dir/liberty/LibertyBuilder.cc.o CMakeFiles/OpenSTA.dir/liberty/LibertyExpr.cc.o CMakeFiles/OpenSTA.dir/liberty/LibertyParser.cc.o CMakeFiles/OpenSTA.dir/liberty/LibertyReader.cc.o CMakeFiles/OpenSTA.dir/liberty/LinearModel.cc.o CMakeFiles/OpenSTA.dir/liberty/Sequential.cc.o CMakeFiles/OpenSTA.dir/liberty/TableModel.cc.o CMakeFiles/OpenSTA.dir/liberty/TimingArc.cc.o CMakeFiles/OpenSTA.dir/liberty/TimingRole.cc.o CMakeFiles/OpenSTA.dir/liberty/Transition.cc.o CMakeFiles/OpenSTA.dir/liberty/Units.cc.o CMakeFiles/OpenSTA.dir/liberty/Wireload.cc.o CMakeFiles/OpenSTA.dir/network/ConcreteLibrary.cc.o CMakeFiles/OpenSTA.dir/network/ConcreteNetwork.cc.o CMakeFiles/OpenSTA.dir/network/HpinDrvrLoad.cc.o CMakeFiles/OpenSTA.dir/network/Network.cc.o CMakeFiles/OpenSTA.dir/network/NetworkCmp.cc.o CMakeFiles/OpenSTA.dir/network/ParseBus.cc.o CMakeFiles/OpenSTA.dir/network/PortDirection.cc.o CMakeFiles/OpenSTA.dir/network/SdcNetwork.cc.o CMakeFiles/OpenSTA.dir/network/VerilogNamespace.cc.o CMakeFiles/OpenSTA.dir/parasitics/ConcreteParasitics.cc.o CMakeFiles/OpenSTA.dir/parasitics/EstimateParasitics.cc.o CMakeFiles/OpenSTA.dir/parasitics/NullParasitics.cc.o CMakeFiles/OpenSTA.dir/parasitics/Parasitics.cc.o CMakeFiles/OpenSTA.dir/parasitics/ReduceParasitics.cc.o CMakeFiles/OpenSTA.dir/parasitics/SpefNamespace.cc.o CMakeFiles/OpenSTA.dir/parasitics/SpefReader.cc.o CMakeFiles/OpenSTA.dir/sdc/Clock.cc.o CMakeFiles/OpenSTA.dir/sdc/ClockGatingCheck.cc.o CMakeFiles/OpenSTA.dir/sdc/ClockGroups.cc.o CMakeFiles/OpenSTA.dir/sdc/ClockInsertion.cc.o CMakeFiles/OpenSTA.dir/sdc/ClockLatency.cc.o CMakeFiles/OpenSTA.dir/sdc/CycleAccting.cc.o CMakeFiles/OpenSTA.dir/sdc/DataCheck.cc.o CMakeFiles/OpenSTA.dir/sdc/DeratingFactors.cc.o CMakeFiles/OpenSTA.dir/sdc/DisabledPorts.cc.o CMakeFiles/OpenSTA.dir/sdc/ExceptionPath.cc.o CMakeFiles/OpenSTA.dir/sdc/InputDrive.cc.o CMakeFiles/OpenSTA.dir/sdc/PinPair.cc.o CMakeFiles/OpenSTA.dir/sdc/PortDelay.cc.o CMakeFiles/OpenSTA.dir/sdc/PortExtCap.cc.o CMakeFiles/OpenSTA.dir/sdc/RiseFallMinMax.cc.o CMakeFiles/OpenSTA.dir/sdc/RiseFallValues.cc.o CMakeFiles/OpenSTA.dir/sdc/Sdc.cc.o CMakeFiles/OpenSTA.dir/sdc/SdcGraph.cc.o CMakeFiles/OpenSTA.dir/sdc/SdcCmdComment.cc.o CMakeFiles/OpenSTA.dir/sdc/WriteSdc.cc.o CMakeFiles/OpenSTA.dir/sdf/ReportAnnotation.cc.o CMakeFiles/OpenSTA.dir/sdf/SdfReader.cc.o CMakeFiles/OpenSTA.dir/sdf/SdfWriter.cc.o CMakeFiles/OpenSTA.dir/search/Bfs.cc.o CMakeFiles/OpenSTA.dir/search/CheckMaxSkews.cc.o CMakeFiles/OpenSTA.dir/search/CheckMinPeriods.cc.o CMakeFiles/OpenSTA.dir/search/CheckMinPulseWidths.cc.o CMakeFiles/OpenSTA.dir/search/CheckCapacitanceLimits.cc.o CMakeFiles/OpenSTA.dir/search/CheckFanoutLimits.cc.o CMakeFiles/OpenSTA.dir/search/CheckSlewLimits.cc.o CMakeFiles/OpenSTA.dir/search/CheckTiming.cc.o CMakeFiles/OpenSTA.dir/search/ClkInfo.cc.o CMakeFiles/OpenSTA.dir/search/ClkNetwork.cc.o CMakeFiles/OpenSTA.dir/search/ClkSkew.cc.o CMakeFiles/OpenSTA.dir/search/Corner.cc.o CMakeFiles/OpenSTA.dir/search/Crpr.cc.o CMakeFiles/OpenSTA.dir/search/FindRegister.cc.o CMakeFiles/OpenSTA.dir/search/GatedClk.cc.o CMakeFiles/OpenSTA.dir/search/Genclks.cc.o CMakeFiles/OpenSTA.dir/search/Latches.cc.o CMakeFiles/OpenSTA.dir/search/Levelize.cc.o CMakeFiles/OpenSTA.dir/search/Path.cc.o CMakeFiles/OpenSTA.dir/search/PathAnalysisPt.cc.o CMakeFiles/OpenSTA.dir/search/PathEnd.cc.o CMakeFiles/OpenSTA.dir/search/PathEnum.cc.o CMakeFiles/OpenSTA.dir/search/PathEnumed.cc.o CMakeFiles/OpenSTA.dir/search/PathExpanded.cc.o CMakeFiles/OpenSTA.dir/search/PathGroup.cc.o CMakeFiles/OpenSTA.dir/search/PathRef.cc.o CMakeFiles/OpenSTA.dir/search/PathVertex.cc.o CMakeFiles/OpenSTA.dir/search/PathVertexRep.cc.o CMakeFiles/OpenSTA.dir/search/Power.cc.o CMakeFiles/OpenSTA.dir/search/Property.cc.o CMakeFiles/OpenSTA.dir/search/ReportPath.cc.o CMakeFiles/OpenSTA.dir/search/Search.cc.o CMakeFiles/OpenSTA.dir/search/SearchPred.cc.o CMakeFiles/OpenSTA.dir/search/Sim.cc.o CMakeFiles/OpenSTA.dir/search/Sta.cc.o CMakeFiles/OpenSTA.dir/search/StaState.cc.o CMakeFiles/OpenSTA.dir/search/Tag.cc.o CMakeFiles/OpenSTA.dir/search/TagGroup.cc.o CMakeFiles/OpenSTA.dir/search/VertexVisitor.cc.o CMakeFiles/OpenSTA.dir/search/VisitPathEnds.cc.o CMakeFiles/OpenSTA.dir/search/VisitPathGroupVertices.cc.o CMakeFiles/OpenSTA.dir/search/WorstSlack.cc.o CMakeFiles/OpenSTA.dir/search/WritePathSpice.cc.o CMakeFiles/OpenSTA.dir/util/Debug.cc.o CMakeFiles/OpenSTA.dir/util/DispatchQueue.cc.o CMakeFiles/OpenSTA.dir/util/Error.cc.o CMakeFiles/OpenSTA.dir/util/Fuzzy.cc.o CMakeFiles/OpenSTA.dir/util/Hash.cc.o CMakeFiles/OpenSTA.dir/util/Machine.cc.o CMakeFiles/OpenSTA.dir/util/MinMax.cc.o CMakeFiles/OpenSTA.dir/util/PatternMatch.cc.o CMakeFiles/OpenSTA.dir/util/Report.cc.o CMakeFiles/OpenSTA.dir/util/ReportStd.cc.o CMakeFiles/OpenSTA.dir/util/ReportTcl.cc.o CMakeFiles/OpenSTA.dir/util/Stats.cc.o CMakeFiles/OpenSTA.dir/util/StringSeq.cc.o CMakeFiles/OpenSTA.dir/util/StringSet.cc.o CMakeFiles/OpenSTA.dir/util/StringUtil.cc.o CMakeFiles/OpenSTA.dir/util/TokenParser.cc.o CMakeFiles/OpenSTA.dir/verilog/VerilogReader.cc.o CMakeFiles/OpenSTA.dir/verilog/VerilogWriter.cc.o CMakeFiles/OpenSTA.dir/StaTclInitVar.cc.o CMakeFiles/OpenSTA.dir/LibertyExprLex.cc.o CMakeFiles/OpenSTA.dir/LibertyExprParse.cc.o CMakeFiles/OpenSTA.dir/LibertyLex.cc.o CMakeFiles/OpenSTA.dir/LibertyParse.cc.o CMakeFiles/OpenSTA.dir/SpefLex.cc.o CMakeFiles/OpenSTA.dir/SpefParse.cc.o CMakeFiles/OpenSTA.dir/SdfLex.cc.o CMakeFiles/OpenSTA.dir/SdfParse.cc.o CMakeFiles/OpenSTA.dir/VerilogLex.cc.o CMakeFiles/OpenSTA.dir/VerilogParse.cc.o
/usr/bin/ranlib ../app/libOpenSTA.a
make[2]: Leaving directory '/home/cmaier/EDA/OpenSTA/build'
[ 96%] Built target OpenSTA
make  -f CMakeFiles/sta_swig_swig_compilation.dir/build.make CMakeFiles/sta_swig_swig_compilation.dir/depend
make[2]: Entering directory '/home/cmaier/EDA/OpenSTA/build'
cd /home/cmaier/EDA/OpenSTA/build && /usr/local/bin/cmake -E cmake_depends "Unix Makefiles" /home/cmaier/EDA/OpenSTA /home/cmaier/EDA/OpenSTA /home/cmaier/EDA/OpenSTA/build /home/cmaier/EDA/OpenSTA/build /home/cmaier/EDA/OpenSTA/build/CMakeFiles/sta_swig_swig_compilation.dir/DependInfo.cmake --color=
Scanning dependencies of target sta_swig_swig_compilation
make[2]: Leaving directory '/home/cmaier/EDA/OpenSTA/build'
make  -f CMakeFiles/sta_swig_swig_compilation.dir/build.make CMakeFiles/sta_swig_swig_compilation.dir/build
make[2]: Entering directory '/home/cmaier/EDA/OpenSTA/build'
[ 97%] Swig compile app/StaApp.i for tcl
/usr/local/bin/cmake -E make_directory /home/cmaier/EDA/OpenSTA/build /home/cmaier/EDA/OpenSTA/build/CMakeFiles/sta_swig.dir
/usr/local/bin/cmake -E touch /home/cmaier/EDA/OpenSTA/build/CMakeFiles/sta_swig.dir/StaAppTCL.stamp
/usr/local/bin/cmake -E env SWIG_LIB=/usr/share/swig4.0 /usr/bin/swig4.0 -tcl -module sta -namespace -prefix sta -I/home/cmaier/EDA/OpenSTA/tcl -I/home/cmaier/EDA/OpenSTA/sdf -I/home/cmaier/EDA/OpenSTA/dcalc -I/home/cmaier/EDA/OpenSTA/parasitics -I/home/cmaier/EDA/OpenSTA/verilog -outdir /home/cmaier/EDA/OpenSTA/build -c++ -o /home/cmaier/EDA/OpenSTA/build/CMakeFiles/sta_swig.dir/StaAppTCL_wrap.cxx /home/cmaier/EDA/OpenSTA/app/StaApp.i
make[2]: Leaving directory '/home/cmaier/EDA/OpenSTA/build'
[ 97%] Built target sta_swig_swig_compilation
make  -f CMakeFiles/sta_swig.dir/build.make CMakeFiles/sta_swig.dir/depend
make[2]: Entering directory '/home/cmaier/EDA/OpenSTA/build'
cd /home/cmaier/EDA/OpenSTA/build && /usr/local/bin/cmake -E cmake_depends "Unix Makefiles" /home/cmaier/EDA/OpenSTA /home/cmaier/EDA/OpenSTA /home/cmaier/EDA/OpenSTA/build /home/cmaier/EDA/OpenSTA/build /home/cmaier/EDA/OpenSTA/build/CMakeFiles/sta_swig.dir/DependInfo.cmake --color=
make[2]: Leaving directory '/home/cmaier/EDA/OpenSTA/build'
make  -f CMakeFiles/sta_swig.dir/build.make CMakeFiles/sta_swig.dir/build
make[2]: Entering directory '/home/cmaier/EDA/OpenSTA/build'
[ 97%] Building CXX object CMakeFiles/sta_swig.dir/CMakeFiles/sta_swig.dir/StaAppTCL_wrap.cxx.o
/usr/bin/c++  -I/home/cmaier/EDA/OpenSTA/include/sta -I/home/cmaier/EDA/OpenSTA -I/home/cmaier/EDA/OpenSTA/include -I/usr/include/tcl -O3 -DNDEBUG -MD -MT CMakeFiles/sta_swig.dir/CMakeFiles/sta_swig.dir/StaAppTCL_wrap.cxx.o -MF CMakeFiles/sta_swig.dir/CMakeFiles/sta_swig.dir/StaAppTCL_wrap.cxx.o.d -o CMakeFiles/sta_swig.dir/CMakeFiles/sta_swig.dir/StaAppTCL_wrap.cxx.o -c /home/cmaier/EDA/OpenSTA/build/CMakeFiles/sta_swig.dir/StaAppTCL_wrap.cxx
[ 98%] Linking CXX static library sta_swig.a
/usr/local/bin/cmake -P CMakeFiles/sta_swig.dir/cmake_clean_target.cmake
/usr/local/bin/cmake -E cmake_link_script CMakeFiles/sta_swig.dir/link.txt --verbose=1
/usr/bin/ar qc sta_swig.a CMakeFiles/sta_swig.dir/CMakeFiles/sta_swig.dir/StaAppTCL_wrap.cxx.o
/usr/bin/ranlib sta_swig.a
make[2]: Leaving directory '/home/cmaier/EDA/OpenSTA/build'
[ 98%] Built target sta_swig
make  -f CMakeFiles/sta.dir/build.make CMakeFiles/sta.dir/depend
make[2]: Entering directory '/home/cmaier/EDA/OpenSTA/build'
cd /home/cmaier/EDA/OpenSTA/build && /usr/local/bin/cmake -E cmake_depends "Unix Makefiles" /home/cmaier/EDA/OpenSTA /home/cmaier/EDA/OpenSTA /home/cmaier/EDA/OpenSTA/build /home/cmaier/EDA/OpenSTA/build /home/cmaier/EDA/OpenSTA/build/CMakeFiles/sta.dir/DependInfo.cmake --color=
make[2]: Leaving directory '/home/cmaier/EDA/OpenSTA/build'
make  -f CMakeFiles/sta.dir/build.make CMakeFiles/sta.dir/build
make[2]: Entering directory '/home/cmaier/EDA/OpenSTA/build'
[ 99%] Building CXX object CMakeFiles/sta.dir/app/Main.cc.o
/usr/bin/c++  -I/home/cmaier/EDA/OpenSTA/include/sta -I/home/cmaier/EDA/OpenSTA/include -I/usr/include/tcl -O3 -DNDEBUG -MD -MT CMakeFiles/sta.dir/app/Main.cc.o -MF CMakeFiles/sta.dir/app/Main.cc.o.d -o CMakeFiles/sta.dir/app/Main.cc.o -c /home/cmaier/EDA/OpenSTA/app/Main.cc
[100%] Linking CXX executable ../app/sta
/usr/local/bin/cmake -E cmake_link_script CMakeFiles/sta.dir/link.txt --verbose=1
/usr/bin/c++ -O3 -DNDEBUG CMakeFiles/sta.dir/app/Main.cc.o -o ../app/sta  sta_swig.a ../app/libOpenSTA.a /usr/lib/x86_64-linux-gnu/libtcl.so -lpthread /usr/lib/x86_64-linux-gnu/libz.so 
make[2]: Leaving directory '/home/cmaier/EDA/OpenSTA/build'
[100%] Built target sta
make[1]: Leaving directory '/home/cmaier/EDA/OpenSTA/build'
/usr/local/bin/cmake -E cmake_progress_start /home/cmaier/EDA/OpenSTA/build/CMakeFiles 0
