/usr/local/bin/cmake -S/home/cmaier/EDA/OpenTimer -B/home/cmaier/EDA/OpenTimer/build --check-build-system CMakeFiles/Makefile.cmake 0
/usr/local/bin/cmake -E cmake_progress_start /home/cmaier/EDA/OpenTimer/build/CMakeFiles /home/cmaier/EDA/OpenTimer/build//CMakeFiles/progress.marks
make  -f CMakeFiles/Makefile2 all
make[1]: Entering directory '/home/cmaier/EDA/OpenTimer/build'
make  -f CMakeFiles/OpenTimer.dir/build.make CMakeFiles/OpenTimer.dir/depend
make[2]: Entering directory '/home/cmaier/EDA/OpenTimer/build'
cd /home/cmaier/EDA/OpenTimer/build && /usr/local/bin/cmake -E cmake_depends "Unix Makefiles" /home/cmaier/EDA/OpenTimer /home/cmaier/EDA/OpenTimer /home/cmaier/EDA/OpenTimer/build /home/cmaier/EDA/OpenTimer/build /home/cmaier/EDA/OpenTimer/build/CMakeFiles/OpenTimer.dir/DependInfo.cmake --color=
make[2]: Leaving directory '/home/cmaier/EDA/OpenTimer/build'
make  -f CMakeFiles/OpenTimer.dir/build.make CMakeFiles/OpenTimer.dir/build
make[2]: Entering directory '/home/cmaier/EDA/OpenTimer/build'
[  1%] Building CXX object CMakeFiles/OpenTimer.dir/ot/unit/unit.cpp.o
/usr/bin/c++  -I/home/cmaier/EDA/OpenTimer -Wall -O2 -std=c++17 -MD -MT CMakeFiles/OpenTimer.dir/ot/unit/unit.cpp.o -MF CMakeFiles/OpenTimer.dir/ot/unit/unit.cpp.o.d -o CMakeFiles/OpenTimer.dir/ot/unit/unit.cpp.o -c /home/cmaier/EDA/OpenTimer/ot/unit/unit.cpp
[  3%] Building CXX object CMakeFiles/OpenTimer.dir/ot/shell/misc.cpp.o
/usr/bin/c++  -I/home/cmaier/EDA/OpenTimer -Wall -O2 -std=c++17 -MD -MT CMakeFiles/OpenTimer.dir/ot/shell/misc.cpp.o -MF CMakeFiles/OpenTimer.dir/ot/shell/misc.cpp.o.d -o CMakeFiles/OpenTimer.dir/ot/shell/misc.cpp.o -c /home/cmaier/EDA/OpenTimer/ot/shell/misc.cpp
[  4%] Building CXX object CMakeFiles/OpenTimer.dir/ot/shell/obselete.cpp.o
/usr/bin/c++  -I/home/cmaier/EDA/OpenTimer -Wall -O2 -std=c++17 -MD -MT CMakeFiles/OpenTimer.dir/ot/shell/obselete.cpp.o -MF CMakeFiles/OpenTimer.dir/ot/shell/obselete.cpp.o.d -o CMakeFiles/OpenTimer.dir/ot/shell/obselete.cpp.o -c /home/cmaier/EDA/OpenTimer/ot/shell/obselete.cpp
[  6%] Building CXX object CMakeFiles/OpenTimer.dir/ot/shell/builder.cpp.o
/usr/bin/c++  -I/home/cmaier/EDA/OpenTimer -Wall -O2 -std=c++17 -MD -MT CMakeFiles/OpenTimer.dir/ot/shell/builder.cpp.o -MF CMakeFiles/OpenTimer.dir/ot/shell/builder.cpp.o.d -o CMakeFiles/OpenTimer.dir/ot/shell/builder.cpp.o -c /home/cmaier/EDA/OpenTimer/ot/shell/builder.cpp
[  7%] Building CXX object CMakeFiles/OpenTimer.dir/ot/shell/action.cpp.o
/usr/bin/c++  -I/home/cmaier/EDA/OpenTimer -Wall -O2 -std=c++17 -MD -MT CMakeFiles/OpenTimer.dir/ot/shell/action.cpp.o -MF CMakeFiles/OpenTimer.dir/ot/shell/action.cpp.o.d -o CMakeFiles/OpenTimer.dir/ot/shell/action.cpp.o -c /home/cmaier/EDA/OpenTimer/ot/shell/action.cpp
[  9%] Building CXX object CMakeFiles/OpenTimer.dir/ot/shell/shell.cpp.o
/usr/bin/c++  -I/home/cmaier/EDA/OpenTimer -Wall -O2 -std=c++17 -MD -MT CMakeFiles/OpenTimer.dir/ot/shell/shell.cpp.o -MF CMakeFiles/OpenTimer.dir/ot/shell/shell.cpp.o.d -o CMakeFiles/OpenTimer.dir/ot/shell/shell.cpp.o -c /home/cmaier/EDA/OpenTimer/ot/shell/shell.cpp
[ 11%] Building CXX object CMakeFiles/OpenTimer.dir/ot/shell/dump.cpp.o
/usr/bin/c++  -I/home/cmaier/EDA/OpenTimer -Wall -O2 -std=c++17 -MD -MT CMakeFiles/OpenTimer.dir/ot/shell/dump.cpp.o -MF CMakeFiles/OpenTimer.dir/ot/shell/dump.cpp.o.d -o CMakeFiles/OpenTimer.dir/ot/shell/dump.cpp.o -c /home/cmaier/EDA/OpenTimer/ot/shell/dump.cpp
[ 12%] Building CXX object CMakeFiles/OpenTimer.dir/ot/timer/scc.cpp.o
/usr/bin/c++  -I/home/cmaier/EDA/OpenTimer -Wall -O2 -std=c++17 -MD -MT CMakeFiles/OpenTimer.dir/ot/timer/scc.cpp.o -MF CMakeFiles/OpenTimer.dir/ot/timer/scc.cpp.o.d -o CMakeFiles/OpenTimer.dir/ot/timer/scc.cpp.o -c /home/cmaier/EDA/OpenTimer/ot/timer/scc.cpp
[ 14%] Building CXX object CMakeFiles/OpenTimer.dir/ot/timer/arc.cpp.o
/usr/bin/c++  -I/home/cmaier/EDA/OpenTimer -Wall -O2 -std=c++17 -MD -MT CMakeFiles/OpenTimer.dir/ot/timer/arc.cpp.o -MF CMakeFiles/OpenTimer.dir/ot/timer/arc.cpp.o.d -o CMakeFiles/OpenTimer.dir/ot/timer/arc.cpp.o -c /home/cmaier/EDA/OpenTimer/ot/timer/arc.cpp
[ 15%] Building CXX object CMakeFiles/OpenTimer.dir/ot/timer/celllib.cpp.o
/usr/bin/c++  -I/home/cmaier/EDA/OpenTimer -Wall -O2 -std=c++17 -MD -MT CMakeFiles/OpenTimer.dir/ot/timer/celllib.cpp.o -MF CMakeFiles/OpenTimer.dir/ot/timer/celllib.cpp.o.d -o CMakeFiles/OpenTimer.dir/ot/timer/celllib.cpp.o -c /home/cmaier/EDA/OpenTimer/ot/timer/celllib.cpp
[ 17%] Building CXX object CMakeFiles/OpenTimer.dir/ot/timer/test.cpp.o
/usr/bin/c++  -I/home/cmaier/EDA/OpenTimer -Wall -O2 -std=c++17 -MD -MT CMakeFiles/OpenTimer.dir/ot/timer/test.cpp.o -MF CMakeFiles/OpenTimer.dir/ot/timer/test.cpp.o.d -o CMakeFiles/OpenTimer.dir/ot/timer/test.cpp.o -c /home/cmaier/EDA/OpenTimer/ot/timer/test.cpp
[ 19%] Building CXX object CMakeFiles/OpenTimer.dir/ot/timer/timer.cpp.o
/usr/bin/c++  -I/home/cmaier/EDA/OpenTimer -Wall -O2 -std=c++17 -MD -MT CMakeFiles/OpenTimer.dir/ot/timer/timer.cpp.o -MF CMakeFiles/OpenTimer.dir/ot/timer/timer.cpp.o.d -o CMakeFiles/OpenTimer.dir/ot/timer/timer.cpp.o -c /home/cmaier/EDA/OpenTimer/ot/timer/timer.cpp
[ 20%] Building CXX object CMakeFiles/OpenTimer.dir/ot/timer/clock.cpp.o
/usr/bin/c++  -I/home/cmaier/EDA/OpenTimer -Wall -O2 -std=c++17 -MD -MT CMakeFiles/OpenTimer.dir/ot/timer/clock.cpp.o -MF CMakeFiles/OpenTimer.dir/ot/timer/clock.cpp.o.d -o CMakeFiles/OpenTimer.dir/ot/timer/clock.cpp.o -c /home/cmaier/EDA/OpenTimer/ot/timer/clock.cpp
[ 22%] Building CXX object CMakeFiles/OpenTimer.dir/ot/timer/sdc.cpp.o
/usr/bin/c++  -I/home/cmaier/EDA/OpenTimer -Wall -O2 -std=c++17 -MD -MT CMakeFiles/OpenTimer.dir/ot/timer/sdc.cpp.o -MF CMakeFiles/OpenTimer.dir/ot/timer/sdc.cpp.o.d -o CMakeFiles/OpenTimer.dir/ot/timer/sdc.cpp.o -c /home/cmaier/EDA/OpenTimer/ot/timer/sdc.cpp
[ 23%] Building CXX object CMakeFiles/OpenTimer.dir/ot/timer/endpoint.cpp.o
/usr/bin/c++  -I/home/cmaier/EDA/OpenTimer -Wall -O2 -std=c++17 -MD -MT CMakeFiles/OpenTimer.dir/ot/timer/endpoint.cpp.o -MF CMakeFiles/OpenTimer.dir/ot/timer/endpoint.cpp.o.d -o CMakeFiles/OpenTimer.dir/ot/timer/endpoint.cpp.o -c /home/cmaier/EDA/OpenTimer/ot/timer/endpoint.cpp
[ 25%] Building CXX object CMakeFiles/OpenTimer.dir/ot/timer/net.cpp.o
/usr/bin/c++  -I/home/cmaier/EDA/OpenTimer -Wall -O2 -std=c++17 -MD -MT CMakeFiles/OpenTimer.dir/ot/timer/net.cpp.o -MF CMakeFiles/OpenTimer.dir/ot/timer/net.cpp.o.d -o CMakeFiles/OpenTimer.dir/ot/timer/net.cpp.o -c /home/cmaier/EDA/OpenTimer/ot/timer/net.cpp
[ 26%] Building CXX object CMakeFiles/OpenTimer.dir/ot/timer/sfxt.cpp.o
/usr/bin/c++  -I/home/cmaier/EDA/OpenTimer -Wall -O2 -std=c++17 -MD -MT CMakeFiles/OpenTimer.dir/ot/timer/sfxt.cpp.o -MF CMakeFiles/OpenTimer.dir/ot/timer/sfxt.cpp.o.d -o CMakeFiles/OpenTimer.dir/ot/timer/sfxt.cpp.o -c /home/cmaier/EDA/OpenTimer/ot/timer/sfxt.cpp
[ 28%] Building CXX object CMakeFiles/OpenTimer.dir/ot/timer/pfxt.cpp.o
/usr/bin/c++  -I/home/cmaier/EDA/OpenTimer -Wall -O2 -std=c++17 -MD -MT CMakeFiles/OpenTimer.dir/ot/timer/pfxt.cpp.o -MF CMakeFiles/OpenTimer.dir/ot/timer/pfxt.cpp.o.d -o CMakeFiles/OpenTimer.dir/ot/timer/pfxt.cpp.o -c /home/cmaier/EDA/OpenTimer/ot/timer/pfxt.cpp
[ 30%] Building CXX object CMakeFiles/OpenTimer.dir/ot/timer/unit.cpp.o
/usr/bin/c++  -I/home/cmaier/EDA/OpenTimer -Wall -O2 -std=c++17 -MD -MT CMakeFiles/OpenTimer.dir/ot/timer/unit.cpp.o -MF CMakeFiles/OpenTimer.dir/ot/timer/unit.cpp.o.d -o CMakeFiles/OpenTimer.dir/ot/timer/unit.cpp.o -c /home/cmaier/EDA/OpenTimer/ot/timer/unit.cpp
[ 31%] Building CXX object CMakeFiles/OpenTimer.dir/ot/timer/path.cpp.o
/usr/bin/c++  -I/home/cmaier/EDA/OpenTimer -Wall -O2 -std=c++17 -MD -MT CMakeFiles/OpenTimer.dir/ot/timer/path.cpp.o -MF CMakeFiles/OpenTimer.dir/ot/timer/path.cpp.o.d -o CMakeFiles/OpenTimer.dir/ot/timer/path.cpp.o -c /home/cmaier/EDA/OpenTimer/ot/timer/path.cpp
[ 33%] Building CXX object CMakeFiles/OpenTimer.dir/ot/timer/spef.cpp.o
/usr/bin/c++  -I/home/cmaier/EDA/OpenTimer -Wall -O2 -std=c++17 -MD -MT CMakeFiles/OpenTimer.dir/ot/timer/spef.cpp.o -MF CMakeFiles/OpenTimer.dir/ot/timer/spef.cpp.o.d -o CMakeFiles/OpenTimer.dir/ot/timer/spef.cpp.o -c /home/cmaier/EDA/OpenTimer/ot/timer/spef.cpp
[ 34%] Building CXX object CMakeFiles/OpenTimer.dir/ot/timer/cppr.cpp.o
/usr/bin/c++  -I/home/cmaier/EDA/OpenTimer -Wall -O2 -std=c++17 -MD -MT CMakeFiles/OpenTimer.dir/ot/timer/cppr.cpp.o -MF CMakeFiles/OpenTimer.dir/ot/timer/cppr.cpp.o.d -o CMakeFiles/OpenTimer.dir/ot/timer/cppr.cpp.o -c /home/cmaier/EDA/OpenTimer/ot/timer/cppr.cpp
[ 36%] Building CXX object CMakeFiles/OpenTimer.dir/ot/timer/verilog.cpp.o
/usr/bin/c++  -I/home/cmaier/EDA/OpenTimer -Wall -O2 -std=c++17 -MD -MT CMakeFiles/OpenTimer.dir/ot/timer/verilog.cpp.o -MF CMakeFiles/OpenTimer.dir/ot/timer/verilog.cpp.o.d -o CMakeFiles/OpenTimer.dir/ot/timer/verilog.cpp.o -c /home/cmaier/EDA/OpenTimer/ot/timer/verilog.cpp
[ 38%] Building CXX object CMakeFiles/OpenTimer.dir/ot/timer/gate.cpp.o
/usr/bin/c++  -I/home/cmaier/EDA/OpenTimer -Wall -O2 -std=c++17 -MD -MT CMakeFiles/OpenTimer.dir/ot/timer/gate.cpp.o -MF CMakeFiles/OpenTimer.dir/ot/timer/gate.cpp.o.d -o CMakeFiles/OpenTimer.dir/ot/timer/gate.cpp.o -c /home/cmaier/EDA/OpenTimer/ot/timer/gate.cpp
[ 39%] Building CXX object CMakeFiles/OpenTimer.dir/ot/timer/dump.cpp.o
/usr/bin/c++  -I/home/cmaier/EDA/OpenTimer -Wall -O2 -std=c++17 -MD -MT CMakeFiles/OpenTimer.dir/ot/timer/dump.cpp.o -MF CMakeFiles/OpenTimer.dir/ot/timer/dump.cpp.o.d -o CMakeFiles/OpenTimer.dir/ot/timer/dump.cpp.o -c /home/cmaier/EDA/OpenTimer/ot/timer/dump.cpp
[ 41%] Building CXX object CMakeFiles/OpenTimer.dir/ot/timer/pin.cpp.o
/usr/bin/c++  -I/home/cmaier/EDA/OpenTimer -Wall -O2 -std=c++17 -MD -MT CMakeFiles/OpenTimer.dir/ot/timer/pin.cpp.o -MF CMakeFiles/OpenTimer.dir/ot/timer/pin.cpp.o.d -o CMakeFiles/OpenTimer.dir/ot/timer/pin.cpp.o -c /home/cmaier/EDA/OpenTimer/ot/timer/pin.cpp
[ 42%] Building CXX object CMakeFiles/OpenTimer.dir/ot/liberty/celllib.cpp.o
/usr/bin/c++  -I/home/cmaier/EDA/OpenTimer -Wall -O2 -std=c++17 -MD -MT CMakeFiles/OpenTimer.dir/ot/liberty/celllib.cpp.o -MF CMakeFiles/OpenTimer.dir/ot/liberty/celllib.cpp.o.d -o CMakeFiles/OpenTimer.dir/ot/liberty/celllib.cpp.o -c /home/cmaier/EDA/OpenTimer/ot/liberty/celllib.cpp
[ 44%] Building CXX object CMakeFiles/OpenTimer.dir/ot/liberty/cell.cpp.o
/usr/bin/c++  -I/home/cmaier/EDA/OpenTimer -Wall -O2 -std=c++17 -MD -MT CMakeFiles/OpenTimer.dir/ot/liberty/cell.cpp.o -MF CMakeFiles/OpenTimer.dir/ot/liberty/cell.cpp.o.d -o CMakeFiles/OpenTimer.dir/ot/liberty/cell.cpp.o -c /home/cmaier/EDA/OpenTimer/ot/liberty/cell.cpp
[ 46%] Building CXX object CMakeFiles/OpenTimer.dir/ot/liberty/cellpin.cpp.o
/usr/bin/c++  -I/home/cmaier/EDA/OpenTimer -Wall -O2 -std=c++17 -MD -MT CMakeFiles/OpenTimer.dir/ot/liberty/cellpin.cpp.o -MF CMakeFiles/OpenTimer.dir/ot/liberty/cellpin.cpp.o.d -o CMakeFiles/OpenTimer.dir/ot/liberty/cellpin.cpp.o -c /home/cmaier/EDA/OpenTimer/ot/liberty/cellpin.cpp
[ 47%] Building CXX object CMakeFiles/OpenTimer.dir/ot/liberty/lut.cpp.o
/usr/bin/c++  -I/home/cmaier/EDA/OpenTimer -Wall -O2 -std=c++17 -MD -MT CMakeFiles/OpenTimer.dir/ot/liberty/lut.cpp.o -MF CMakeFiles/OpenTimer.dir/ot/liberty/lut.cpp.o.d -o CMakeFiles/OpenTimer.dir/ot/liberty/lut.cpp.o -c /home/cmaier/EDA/OpenTimer/ot/liberty/lut.cpp
[ 49%] Building CXX object CMakeFiles/OpenTimer.dir/ot/liberty/timing.cpp.o
/usr/bin/c++  -I/home/cmaier/EDA/OpenTimer -Wall -O2 -std=c++17 -MD -MT CMakeFiles/OpenTimer.dir/ot/liberty/timing.cpp.o -MF CMakeFiles/OpenTimer.dir/ot/liberty/timing.cpp.o.d -o CMakeFiles/OpenTimer.dir/ot/liberty/timing.cpp.o -c /home/cmaier/EDA/OpenTimer/ot/liberty/timing.cpp
[ 50%] Building CXX object CMakeFiles/OpenTimer.dir/ot/liberty/power.cpp.o
/usr/bin/c++  -I/home/cmaier/EDA/OpenTimer -Wall -O2 -std=c++17 -MD -MT CMakeFiles/OpenTimer.dir/ot/liberty/power.cpp.o -MF CMakeFiles/OpenTimer.dir/ot/liberty/power.cpp.o.d -o CMakeFiles/OpenTimer.dir/ot/liberty/power.cpp.o -c /home/cmaier/EDA/OpenTimer/ot/liberty/power.cpp
[ 52%] Building CXX object CMakeFiles/OpenTimer.dir/ot/verilog/verilog.cpp.o
/usr/bin/c++  -I/home/cmaier/EDA/OpenTimer -Wall -O2 -std=c++17 -MD -MT CMakeFiles/OpenTimer.dir/ot/verilog/verilog.cpp.o -MF CMakeFiles/OpenTimer.dir/ot/verilog/verilog.cpp.o.d -o CMakeFiles/OpenTimer.dir/ot/verilog/verilog.cpp.o -c /home/cmaier/EDA/OpenTimer/ot/verilog/verilog.cpp
[ 53%] Building CXX object CMakeFiles/OpenTimer.dir/ot/sdc/tokenize.cpp.o
/usr/bin/c++  -I/home/cmaier/EDA/OpenTimer -Wall -O2 -std=c++17 -MD -MT CMakeFiles/OpenTimer.dir/ot/sdc/tokenize.cpp.o -MF CMakeFiles/OpenTimer.dir/ot/sdc/tokenize.cpp.o.d -o CMakeFiles/OpenTimer.dir/ot/sdc/tokenize.cpp.o -c /home/cmaier/EDA/OpenTimer/ot/sdc/tokenize.cpp
[ 55%] Building CXX object CMakeFiles/OpenTimer.dir/ot/sdc/object.cpp.o
/usr/bin/c++  -I/home/cmaier/EDA/OpenTimer -Wall -O2 -std=c++17 -MD -MT CMakeFiles/OpenTimer.dir/ot/sdc/object.cpp.o -MF CMakeFiles/OpenTimer.dir/ot/sdc/object.cpp.o.d -o CMakeFiles/OpenTimer.dir/ot/sdc/object.cpp.o -c /home/cmaier/EDA/OpenTimer/ot/sdc/object.cpp
[ 57%] Building CXX object CMakeFiles/OpenTimer.dir/ot/sdc/sdc.cpp.o
/usr/bin/c++  -I/home/cmaier/EDA/OpenTimer -Wall -O2 -std=c++17 -MD -MT CMakeFiles/OpenTimer.dir/ot/sdc/sdc.cpp.o -MF CMakeFiles/OpenTimer.dir/ot/sdc/sdc.cpp.o.d -o CMakeFiles/OpenTimer.dir/ot/sdc/sdc.cpp.o -c /home/cmaier/EDA/OpenTimer/ot/sdc/sdc.cpp
[ 58%] Building CXX object CMakeFiles/OpenTimer.dir/ot/tau/tau15.cpp.o
/usr/bin/c++  -I/home/cmaier/EDA/OpenTimer -Wall -O2 -std=c++17 -MD -MT CMakeFiles/OpenTimer.dir/ot/tau/tau15.cpp.o -MF CMakeFiles/OpenTimer.dir/ot/tau/tau15.cpp.o.d -o CMakeFiles/OpenTimer.dir/ot/tau/tau15.cpp.o -c /home/cmaier/EDA/OpenTimer/ot/tau/tau15.cpp
[ 60%] Building CXX object CMakeFiles/OpenTimer.dir/ot/utility/os.cpp.o
/usr/bin/c++  -I/home/cmaier/EDA/OpenTimer -Wall -O2 -std=c++17 -MD -MT CMakeFiles/OpenTimer.dir/ot/utility/os.cpp.o -MF CMakeFiles/OpenTimer.dir/ot/utility/os.cpp.o.d -o CMakeFiles/OpenTimer.dir/ot/utility/os.cpp.o -c /home/cmaier/EDA/OpenTimer/ot/utility/os.cpp
[ 61%] Building CXX object CMakeFiles/OpenTimer.dir/ot/utility/tokenizer.cpp.o
/usr/bin/c++  -I/home/cmaier/EDA/OpenTimer -Wall -O2 -std=c++17 -MD -MT CMakeFiles/OpenTimer.dir/ot/utility/tokenizer.cpp.o -MF CMakeFiles/OpenTimer.dir/ot/utility/tokenizer.cpp.o.d -o CMakeFiles/OpenTimer.dir/ot/utility/tokenizer.cpp.o -c /home/cmaier/EDA/OpenTimer/ot/utility/tokenizer.cpp
[ 63%] Building CXX object CMakeFiles/OpenTimer.dir/ot/spef/spef.cpp.o
/usr/bin/c++  -I/home/cmaier/EDA/OpenTimer -Wall -O2 -std=c++17 -MD -MT CMakeFiles/OpenTimer.dir/ot/spef/spef.cpp.o -MF CMakeFiles/OpenTimer.dir/ot/spef/spef.cpp.o.d -o CMakeFiles/OpenTimer.dir/ot/spef/spef.cpp.o -c /home/cmaier/EDA/OpenTimer/ot/spef/spef.cpp
[ 65%] Linking CXX static library ../lib/libOpenTimer.a
/usr/local/bin/cmake -P CMakeFiles/OpenTimer.dir/cmake_clean_target.cmake
/usr/local/bin/cmake -E cmake_link_script CMakeFiles/OpenTimer.dir/link.txt --verbose=1
/usr/bin/ar qc ../lib/libOpenTimer.a CMakeFiles/OpenTimer.dir/ot/unit/unit.cpp.o CMakeFiles/OpenTimer.dir/ot/shell/misc.cpp.o CMakeFiles/OpenTimer.dir/ot/shell/obselete.cpp.o CMakeFiles/OpenTimer.dir/ot/shell/builder.cpp.o CMakeFiles/OpenTimer.dir/ot/shell/action.cpp.o CMakeFiles/OpenTimer.dir/ot/shell/shell.cpp.o CMakeFiles/OpenTimer.dir/ot/shell/dump.cpp.o CMakeFiles/OpenTimer.dir/ot/timer/scc.cpp.o CMakeFiles/OpenTimer.dir/ot/timer/arc.cpp.o CMakeFiles/OpenTimer.dir/ot/timer/celllib.cpp.o CMakeFiles/OpenTimer.dir/ot/timer/test.cpp.o CMakeFiles/OpenTimer.dir/ot/timer/timer.cpp.o CMakeFiles/OpenTimer.dir/ot/timer/clock.cpp.o CMakeFiles/OpenTimer.dir/ot/timer/sdc.cpp.o CMakeFiles/OpenTimer.dir/ot/timer/endpoint.cpp.o CMakeFiles/OpenTimer.dir/ot/timer/net.cpp.o CMakeFiles/OpenTimer.dir/ot/timer/sfxt.cpp.o CMakeFiles/OpenTimer.dir/ot/timer/pfxt.cpp.o CMakeFiles/OpenTimer.dir/ot/timer/unit.cpp.o CMakeFiles/OpenTimer.dir/ot/timer/path.cpp.o CMakeFiles/OpenTimer.dir/ot/timer/spef.cpp.o CMakeFiles/OpenTimer.dir/ot/timer/cppr.cpp.o CMakeFiles/OpenTimer.dir/ot/timer/verilog.cpp.o CMakeFiles/OpenTimer.dir/ot/timer/gate.cpp.o CMakeFiles/OpenTimer.dir/ot/timer/dump.cpp.o CMakeFiles/OpenTimer.dir/ot/timer/pin.cpp.o CMakeFiles/OpenTimer.dir/ot/liberty/celllib.cpp.o CMakeFiles/OpenTimer.dir/ot/liberty/cell.cpp.o CMakeFiles/OpenTimer.dir/ot/liberty/cellpin.cpp.o CMakeFiles/OpenTimer.dir/ot/liberty/lut.cpp.o CMakeFiles/OpenTimer.dir/ot/liberty/timing.cpp.o CMakeFiles/OpenTimer.dir/ot/liberty/power.cpp.o CMakeFiles/OpenTimer.dir/ot/verilog/verilog.cpp.o CMakeFiles/OpenTimer.dir/ot/sdc/tokenize.cpp.o CMakeFiles/OpenTimer.dir/ot/sdc/object.cpp.o CMakeFiles/OpenTimer.dir/ot/sdc/sdc.cpp.o CMakeFiles/OpenTimer.dir/ot/tau/tau15.cpp.o CMakeFiles/OpenTimer.dir/ot/utility/os.cpp.o CMakeFiles/OpenTimer.dir/ot/utility/tokenizer.cpp.o CMakeFiles/OpenTimer.dir/ot/spef/spef.cpp.o
/usr/bin/ranlib ../lib/libOpenTimer.a
make[2]: Leaving directory '/home/cmaier/EDA/OpenTimer/build'
[ 65%] Built target OpenTimer
make  -f CMakeFiles/utility.dir/build.make CMakeFiles/utility.dir/depend
make[2]: Entering directory '/home/cmaier/EDA/OpenTimer/build'
cd /home/cmaier/EDA/OpenTimer/build && /usr/local/bin/cmake -E cmake_depends "Unix Makefiles" /home/cmaier/EDA/OpenTimer /home/cmaier/EDA/OpenTimer /home/cmaier/EDA/OpenTimer/build /home/cmaier/EDA/OpenTimer/build /home/cmaier/EDA/OpenTimer/build/CMakeFiles/utility.dir/DependInfo.cmake --color=
make[2]: Leaving directory '/home/cmaier/EDA/OpenTimer/build'
make  -f CMakeFiles/utility.dir/build.make CMakeFiles/utility.dir/build
make[2]: Entering directory '/home/cmaier/EDA/OpenTimer/build'
[ 66%] Building CXX object CMakeFiles/utility.dir/unittest/utility.cpp.o
/usr/bin/c++  -I/home/cmaier/EDA/OpenTimer -Wall -O2 -std=c++17 -MD -MT CMakeFiles/utility.dir/unittest/utility.cpp.o -MF CMakeFiles/utility.dir/unittest/utility.cpp.o.d -o CMakeFiles/utility.dir/unittest/utility.cpp.o -c /home/cmaier/EDA/OpenTimer/unittest/utility.cpp
[ 68%] Linking CXX executable ../unittest/utility
/usr/local/bin/cmake -E cmake_link_script CMakeFiles/utility.dir/link.txt --verbose=1
/usr/bin/c++  -Wall -O2 CMakeFiles/utility.dir/unittest/utility.cpp.o -o ../unittest/utility  ../lib/libOpenTimer.a -lstdc++fs -lpthread 
make[2]: Leaving directory '/home/cmaier/EDA/OpenTimer/build'
[ 68%] Built target utility
make  -f CMakeFiles/optimizer.dir/build.make CMakeFiles/optimizer.dir/depend
make[2]: Entering directory '/home/cmaier/EDA/OpenTimer/build'
cd /home/cmaier/EDA/OpenTimer/build && /usr/local/bin/cmake -E cmake_depends "Unix Makefiles" /home/cmaier/EDA/OpenTimer /home/cmaier/EDA/OpenTimer /home/cmaier/EDA/OpenTimer/build /home/cmaier/EDA/OpenTimer/build /home/cmaier/EDA/OpenTimer/build/CMakeFiles/optimizer.dir/DependInfo.cmake --color=
make[2]: Leaving directory '/home/cmaier/EDA/OpenTimer/build'
make  -f CMakeFiles/optimizer.dir/build.make CMakeFiles/optimizer.dir/build
make[2]: Entering directory '/home/cmaier/EDA/OpenTimer/build'
[ 69%] Building CXX object CMakeFiles/optimizer.dir/example/optimizer/optimizer.cpp.o
/usr/bin/c++  -I/home/cmaier/EDA/OpenTimer -Wall -O2 -std=c++17 -MD -MT CMakeFiles/optimizer.dir/example/optimizer/optimizer.cpp.o -MF CMakeFiles/optimizer.dir/example/optimizer/optimizer.cpp.o.d -o CMakeFiles/optimizer.dir/example/optimizer/optimizer.cpp.o -c /home/cmaier/EDA/OpenTimer/example/optimizer/optimizer.cpp
[ 71%] Linking CXX executable ../example/optimizer/optimizer
/usr/local/bin/cmake -E cmake_link_script CMakeFiles/optimizer.dir/link.txt --verbose=1
/usr/bin/c++  -Wall -O2 CMakeFiles/optimizer.dir/example/optimizer/optimizer.cpp.o -o ../example/optimizer/optimizer  ../lib/libOpenTimer.a -lstdc++fs -lpthread 
make[2]: Leaving directory '/home/cmaier/EDA/OpenTimer/build'
[ 71%] Built target optimizer
make  -f CMakeFiles/unit.dir/build.make CMakeFiles/unit.dir/depend
make[2]: Entering directory '/home/cmaier/EDA/OpenTimer/build'
cd /home/cmaier/EDA/OpenTimer/build && /usr/local/bin/cmake -E cmake_depends "Unix Makefiles" /home/cmaier/EDA/OpenTimer /home/cmaier/EDA/OpenTimer /home/cmaier/EDA/OpenTimer/build /home/cmaier/EDA/OpenTimer/build /home/cmaier/EDA/OpenTimer/build/CMakeFiles/unit.dir/DependInfo.cmake --color=
make[2]: Leaving directory '/home/cmaier/EDA/OpenTimer/build'
make  -f CMakeFiles/unit.dir/build.make CMakeFiles/unit.dir/build
make[2]: Entering directory '/home/cmaier/EDA/OpenTimer/build'
[ 73%] Building CXX object CMakeFiles/unit.dir/example/unit/unit.cpp.o
/usr/bin/c++  -I/home/cmaier/EDA/OpenTimer -Wall -O2 -std=c++17 -MD -MT CMakeFiles/unit.dir/example/unit/unit.cpp.o -MF CMakeFiles/unit.dir/example/unit/unit.cpp.o.d -o CMakeFiles/unit.dir/example/unit/unit.cpp.o -c /home/cmaier/EDA/OpenTimer/example/unit/unit.cpp
[ 74%] Linking CXX executable ../example/unit/unit
/usr/local/bin/cmake -E cmake_link_script CMakeFiles/unit.dir/link.txt --verbose=1
/usr/bin/c++  -Wall -O2 CMakeFiles/unit.dir/example/unit/unit.cpp.o -o ../example/unit/unit  ../lib/libOpenTimer.a -lstdc++fs -lpthread 
make[2]: Leaving directory '/home/cmaier/EDA/OpenTimer/build'
[ 74%] Built target unit
make  -f CMakeFiles/simple.dir/build.make CMakeFiles/simple.dir/depend
make[2]: Entering directory '/home/cmaier/EDA/OpenTimer/build'
cd /home/cmaier/EDA/OpenTimer/build && /usr/local/bin/cmake -E cmake_depends "Unix Makefiles" /home/cmaier/EDA/OpenTimer /home/cmaier/EDA/OpenTimer /home/cmaier/EDA/OpenTimer/build /home/cmaier/EDA/OpenTimer/build /home/cmaier/EDA/OpenTimer/build/CMakeFiles/simple.dir/DependInfo.cmake --color=
make[2]: Leaving directory '/home/cmaier/EDA/OpenTimer/build'
make  -f CMakeFiles/simple.dir/build.make CMakeFiles/simple.dir/build
make[2]: Entering directory '/home/cmaier/EDA/OpenTimer/build'
[ 76%] Building CXX object CMakeFiles/simple.dir/example/simple/simple.cpp.o
/usr/bin/c++  -I/home/cmaier/EDA/OpenTimer -Wall -O2 -std=c++17 -MD -MT CMakeFiles/simple.dir/example/simple/simple.cpp.o -MF CMakeFiles/simple.dir/example/simple/simple.cpp.o.d -o CMakeFiles/simple.dir/example/simple/simple.cpp.o -c /home/cmaier/EDA/OpenTimer/example/simple/simple.cpp
[ 77%] Linking CXX executable ../example/simple/simple
/usr/local/bin/cmake -E cmake_link_script CMakeFiles/simple.dir/link.txt --verbose=1
/usr/bin/c++  -Wall -O2 CMakeFiles/simple.dir/example/simple/simple.cpp.o -o ../example/simple/simple  ../lib/libOpenTimer.a -lstdc++fs -lpthread 
make[2]: Leaving directory '/home/cmaier/EDA/OpenTimer/build'
[ 77%] Built target simple
make  -f CMakeFiles/ot-utility.dir/build.make CMakeFiles/ot-utility.dir/depend
make[2]: Entering directory '/home/cmaier/EDA/OpenTimer/build'
cd /home/cmaier/EDA/OpenTimer/build && /usr/local/bin/cmake -E cmake_depends "Unix Makefiles" /home/cmaier/EDA/OpenTimer /home/cmaier/EDA/OpenTimer /home/cmaier/EDA/OpenTimer/build /home/cmaier/EDA/OpenTimer/build /home/cmaier/EDA/OpenTimer/build/CMakeFiles/ot-utility.dir/DependInfo.cmake --color=
make[2]: Leaving directory '/home/cmaier/EDA/OpenTimer/build'
make  -f CMakeFiles/ot-utility.dir/build.make CMakeFiles/ot-utility.dir/build
make[2]: Entering directory '/home/cmaier/EDA/OpenTimer/build'
[ 79%] Building CXX object CMakeFiles/ot-utility.dir/main/utility/utility.cpp.o
/usr/bin/c++  -I/home/cmaier/EDA/OpenTimer -Wall -O2 -std=c++17 -MD -MT CMakeFiles/ot-utility.dir/main/utility/utility.cpp.o -MF CMakeFiles/ot-utility.dir/main/utility/utility.cpp.o.d -o CMakeFiles/ot-utility.dir/main/utility/utility.cpp.o -c /home/cmaier/EDA/OpenTimer/main/utility/utility.cpp
[ 80%] Linking CXX executable ../bin/ot-utility
/usr/local/bin/cmake -E cmake_link_script CMakeFiles/ot-utility.dir/link.txt --verbose=1
/usr/bin/c++  -Wall -O2 CMakeFiles/ot-utility.dir/main/utility/utility.cpp.o -o ../bin/ot-utility  ../lib/libOpenTimer.a -lstdc++fs -lpthread 
make[2]: Leaving directory '/home/cmaier/EDA/OpenTimer/build'
[ 80%] Built target ot-utility
make  -f CMakeFiles/ot-tau18.dir/build.make CMakeFiles/ot-tau18.dir/depend
make[2]: Entering directory '/home/cmaier/EDA/OpenTimer/build'
cd /home/cmaier/EDA/OpenTimer/build && /usr/local/bin/cmake -E cmake_depends "Unix Makefiles" /home/cmaier/EDA/OpenTimer /home/cmaier/EDA/OpenTimer /home/cmaier/EDA/OpenTimer/build /home/cmaier/EDA/OpenTimer/build /home/cmaier/EDA/OpenTimer/build/CMakeFiles/ot-tau18.dir/DependInfo.cmake --color=
make[2]: Leaving directory '/home/cmaier/EDA/OpenTimer/build'
make  -f CMakeFiles/ot-tau18.dir/build.make CMakeFiles/ot-tau18.dir/build
make[2]: Entering directory '/home/cmaier/EDA/OpenTimer/build'
[ 82%] Building CXX object CMakeFiles/ot-tau18.dir/main/tau18/tau18.cpp.o
/usr/bin/c++  -I/home/cmaier/EDA/OpenTimer -Wall -O2 -std=c++17 -MD -MT CMakeFiles/ot-tau18.dir/main/tau18/tau18.cpp.o -MF CMakeFiles/ot-tau18.dir/main/tau18/tau18.cpp.o.d -o CMakeFiles/ot-tau18.dir/main/tau18/tau18.cpp.o -c /home/cmaier/EDA/OpenTimer/main/tau18/tau18.cpp
[ 84%] Linking CXX executable ../bin/ot-tau18
/usr/local/bin/cmake -E cmake_link_script CMakeFiles/ot-tau18.dir/link.txt --verbose=1
/usr/bin/c++  -Wall -O2 CMakeFiles/ot-tau18.dir/main/tau18/tau18.cpp.o -o ../bin/ot-tau18  ../lib/libOpenTimer.a -lstdc++fs -lpthread 
make[2]: Leaving directory '/home/cmaier/EDA/OpenTimer/build'
[ 84%] Built target ot-tau18
make  -f CMakeFiles/incremental.dir/build.make CMakeFiles/incremental.dir/depend
make[2]: Entering directory '/home/cmaier/EDA/OpenTimer/build'
cd /home/cmaier/EDA/OpenTimer/build && /usr/local/bin/cmake -E cmake_depends "Unix Makefiles" /home/cmaier/EDA/OpenTimer /home/cmaier/EDA/OpenTimer /home/cmaier/EDA/OpenTimer/build /home/cmaier/EDA/OpenTimer/build /home/cmaier/EDA/OpenTimer/build/CMakeFiles/incremental.dir/DependInfo.cmake --color=
make[2]: Leaving directory '/home/cmaier/EDA/OpenTimer/build'
make  -f CMakeFiles/incremental.dir/build.make CMakeFiles/incremental.dir/build
make[2]: Entering directory '/home/cmaier/EDA/OpenTimer/build'
[ 85%] Building CXX object CMakeFiles/incremental.dir/example/incremental/incremental.cpp.o
/usr/bin/c++  -I/home/cmaier/EDA/OpenTimer -Wall -O2 -std=c++17 -MD -MT CMakeFiles/incremental.dir/example/incremental/incremental.cpp.o -MF CMakeFiles/incremental.dir/example/incremental/incremental.cpp.o.d -o CMakeFiles/incremental.dir/example/incremental/incremental.cpp.o -c /home/cmaier/EDA/OpenTimer/example/incremental/incremental.cpp
[ 87%] Linking CXX executable ../example/incremental/incremental
/usr/local/bin/cmake -E cmake_link_script CMakeFiles/incremental.dir/link.txt --verbose=1
/usr/bin/c++  -Wall -O2 CMakeFiles/incremental.dir/example/incremental/incremental.cpp.o -o ../example/incremental/incremental  ../lib/libOpenTimer.a -lstdc++fs -lpthread 
make[2]: Leaving directory '/home/cmaier/EDA/OpenTimer/build'
[ 87%] Built target incremental
make  -f CMakeFiles/ot-tau15.dir/build.make CMakeFiles/ot-tau15.dir/depend
make[2]: Entering directory '/home/cmaier/EDA/OpenTimer/build'
cd /home/cmaier/EDA/OpenTimer/build && /usr/local/bin/cmake -E cmake_depends "Unix Makefiles" /home/cmaier/EDA/OpenTimer /home/cmaier/EDA/OpenTimer /home/cmaier/EDA/OpenTimer/build /home/cmaier/EDA/OpenTimer/build /home/cmaier/EDA/OpenTimer/build/CMakeFiles/ot-tau15.dir/DependInfo.cmake --color=
make[2]: Leaving directory '/home/cmaier/EDA/OpenTimer/build'
make  -f CMakeFiles/ot-tau15.dir/build.make CMakeFiles/ot-tau15.dir/build
make[2]: Entering directory '/home/cmaier/EDA/OpenTimer/build'
[ 88%] Building CXX object CMakeFiles/ot-tau15.dir/main/tau15/tau15.cpp.o
/usr/bin/c++  -I/home/cmaier/EDA/OpenTimer -Wall -O2 -std=c++17 -MD -MT CMakeFiles/ot-tau15.dir/main/tau15/tau15.cpp.o -MF CMakeFiles/ot-tau15.dir/main/tau15/tau15.cpp.o.d -o CMakeFiles/ot-tau15.dir/main/tau15/tau15.cpp.o -c /home/cmaier/EDA/OpenTimer/main/tau15/tau15.cpp
[ 90%] Linking CXX executable ../bin/ot-tau15
/usr/local/bin/cmake -E cmake_link_script CMakeFiles/ot-tau15.dir/link.txt --verbose=1
/usr/bin/c++  -Wall -O2 CMakeFiles/ot-tau15.dir/main/tau15/tau15.cpp.o -o ../bin/ot-tau15  ../lib/libOpenTimer.a -lstdc++fs -lpthread 
make[2]: Leaving directory '/home/cmaier/EDA/OpenTimer/build'
[ 90%] Built target ot-tau15
make  -f CMakeFiles/path.dir/build.make CMakeFiles/path.dir/depend
make[2]: Entering directory '/home/cmaier/EDA/OpenTimer/build'
cd /home/cmaier/EDA/OpenTimer/build && /usr/local/bin/cmake -E cmake_depends "Unix Makefiles" /home/cmaier/EDA/OpenTimer /home/cmaier/EDA/OpenTimer /home/cmaier/EDA/OpenTimer/build /home/cmaier/EDA/OpenTimer/build /home/cmaier/EDA/OpenTimer/build/CMakeFiles/path.dir/DependInfo.cmake --color=
make[2]: Leaving directory '/home/cmaier/EDA/OpenTimer/build'
make  -f CMakeFiles/path.dir/build.make CMakeFiles/path.dir/build
make[2]: Entering directory '/home/cmaier/EDA/OpenTimer/build'
[ 92%] Building CXX object CMakeFiles/path.dir/unittest/path.cpp.o
/usr/bin/c++  -I/home/cmaier/EDA/OpenTimer -Wall -O2 -std=c++17 -MD -MT CMakeFiles/path.dir/unittest/path.cpp.o -MF CMakeFiles/path.dir/unittest/path.cpp.o.d -o CMakeFiles/path.dir/unittest/path.cpp.o -c /home/cmaier/EDA/OpenTimer/unittest/path.cpp
[ 93%] Linking CXX executable ../unittest/path
/usr/local/bin/cmake -E cmake_link_script CMakeFiles/path.dir/link.txt --verbose=1
/usr/bin/c++  -Wall -O2 CMakeFiles/path.dir/unittest/path.cpp.o -o ../unittest/path  ../lib/libOpenTimer.a -lstdc++fs -lpthread 
make[2]: Leaving directory '/home/cmaier/EDA/OpenTimer/build'
[ 93%] Built target path
make  -f CMakeFiles/ot-shell.dir/build.make CMakeFiles/ot-shell.dir/depend
make[2]: Entering directory '/home/cmaier/EDA/OpenTimer/build'
cd /home/cmaier/EDA/OpenTimer/build && /usr/local/bin/cmake -E cmake_depends "Unix Makefiles" /home/cmaier/EDA/OpenTimer /home/cmaier/EDA/OpenTimer /home/cmaier/EDA/OpenTimer/build /home/cmaier/EDA/OpenTimer/build /home/cmaier/EDA/OpenTimer/build/CMakeFiles/ot-shell.dir/DependInfo.cmake --color=
make[2]: Leaving directory '/home/cmaier/EDA/OpenTimer/build'
make  -f CMakeFiles/ot-shell.dir/build.make CMakeFiles/ot-shell.dir/build
make[2]: Entering directory '/home/cmaier/EDA/OpenTimer/build'
[ 95%] Building CXX object CMakeFiles/ot-shell.dir/main/shell/shell.cpp.o
/usr/bin/c++  -I/home/cmaier/EDA/OpenTimer -Wall -O2 -std=c++17 -MD -MT CMakeFiles/ot-shell.dir/main/shell/shell.cpp.o -MF CMakeFiles/ot-shell.dir/main/shell/shell.cpp.o.d -o CMakeFiles/ot-shell.dir/main/shell/shell.cpp.o -c /home/cmaier/EDA/OpenTimer/main/shell/shell.cpp
[ 96%] Linking CXX executable ../bin/ot-shell
/usr/local/bin/cmake -E cmake_link_script CMakeFiles/ot-shell.dir/link.txt --verbose=1
/usr/bin/c++  -Wall -O2 CMakeFiles/ot-shell.dir/main/shell/shell.cpp.o -o ../bin/ot-shell  ../lib/libOpenTimer.a -lstdc++fs -lpthread 
make[2]: Leaving directory '/home/cmaier/EDA/OpenTimer/build'
[ 96%] Built target ot-shell
make  -f CMakeFiles/sizer.dir/build.make CMakeFiles/sizer.dir/depend
make[2]: Entering directory '/home/cmaier/EDA/OpenTimer/build'
cd /home/cmaier/EDA/OpenTimer/build && /usr/local/bin/cmake -E cmake_depends "Unix Makefiles" /home/cmaier/EDA/OpenTimer /home/cmaier/EDA/OpenTimer /home/cmaier/EDA/OpenTimer/build /home/cmaier/EDA/OpenTimer/build /home/cmaier/EDA/OpenTimer/build/CMakeFiles/sizer.dir/DependInfo.cmake --color=
make[2]: Leaving directory '/home/cmaier/EDA/OpenTimer/build'
make  -f CMakeFiles/sizer.dir/build.make CMakeFiles/sizer.dir/build
make[2]: Entering directory '/home/cmaier/EDA/OpenTimer/build'
[ 98%] Building CXX object CMakeFiles/sizer.dir/example/sizer/sizer.cpp.o
/usr/bin/c++  -I/home/cmaier/EDA/OpenTimer -Wall -O2 -std=c++17 -MD -MT CMakeFiles/sizer.dir/example/sizer/sizer.cpp.o -MF CMakeFiles/sizer.dir/example/sizer/sizer.cpp.o.d -o CMakeFiles/sizer.dir/example/sizer/sizer.cpp.o -c /home/cmaier/EDA/OpenTimer/example/sizer/sizer.cpp
[100%] Linking CXX executable ../example/sizer/sizer
/usr/local/bin/cmake -E cmake_link_script CMakeFiles/sizer.dir/link.txt --verbose=1
/usr/bin/c++  -Wall -O2 CMakeFiles/sizer.dir/example/sizer/sizer.cpp.o -o ../example/sizer/sizer  ../lib/libOpenTimer.a -lstdc++fs -lpthread 
make[2]: Leaving directory '/home/cmaier/EDA/OpenTimer/build'
[100%] Built target sizer
make[1]: Leaving directory '/home/cmaier/EDA/OpenTimer/build'
/usr/local/bin/cmake -E cmake_progress_start /home/cmaier/EDA/OpenTimer/build/CMakeFiles 0
